\BOOKMARK [0][-]{chapter.1}{\376\377\000W\000h\000a\000t\000\040\000i\000s\000\040\000O\000p\000e\000n\000F\000D\000E\000M}{}% 1
\BOOKMARK [1][-]{section.1.1}{\376\377\000P\000o\000s\000t\000-\000P\000r\000o\000c\000e\000s\000s\000i\000n\000g}{chapter.1}% 2
\BOOKMARK [1][-]{section.1.2}{\376\377\000T\000h\000i\000r\000d\000-\000P\000a\000r\000t\000y\000\040\000P\000a\000c\000k\000a\000g\000e\000s\000\040\000U\000s\000e\000d\000\040\000i\000n\000\040\000O\000p\000e\000n\000F\000D\000E\000M}{chapter.1}% 3
\BOOKMARK [1][-]{section.1.3}{\376\377\000D\000o\000c\000u\000m\000e\000n\000t\000a\000t\000i\000o\000n}{chapter.1}% 4
\BOOKMARK [0][-]{chapter.2}{\376\377\000S\000y\000s\000t\000e\000m\000\040\000R\000e\000q\000u\000i\000r\000e\000m\000e\000n\000t\000s}{}% 5
\BOOKMARK [1][-]{section.2.1}{\376\377\000B\000u\000i\000l\000d\000\040\000R\000e\000q\000u\000i\000r\000e\000m\000e\000n\000t\000s}{chapter.2}% 6
\BOOKMARK [1][-]{section.2.2}{\376\377\000P\000o\000s\000t\000-\000P\000r\000o\000c\000e\000s\000s\000i\000n\000g}{chapter.2}% 7
\BOOKMARK [1][-]{section.2.3}{\376\377\000I\000m\000p\000l\000i\000c\000i\000t\000\040\000S\000t\000a\000t\000i\000c\000/\000N\000o\000n\000-\000L\000i\000n\000e\000a\000r\000\040\000S\000o\000l\000v\000e\000r\000s}{chapter.2}% 8
\BOOKMARK [0][-]{chapter.3}{\376\377\000Q\000u\000i\000c\000k\000\040\000S\000t\000a\000r\000t\000\040\000f\000o\000r\000\040\000D\000e\000v\000e\000l\000o\000p\000e\000r\000s}{}% 9
\BOOKMARK [1][-]{section.3.1}{\376\377\000S\000o\000u\000r\000c\000e\000\040\000C\000o\000d\000e\000\040\000D\000o\000w\000n\000l\000o\000a\000d}{chapter.3}% 10
\BOOKMARK [1][-]{section.3.2}{\376\377\000S\000y\000s\000t\000e\000m\000\040\000R\000e\000q\000u\000i\000r\000e\000m\000e\000n\000t\000s}{chapter.3}% 11
\BOOKMARK [0][-]{chapter.4}{\376\377\000C\000o\000p\000y\000r\000i\000g\000h\000t}{}% 12
\BOOKMARK [0][-]{chapter.5}{\376\377\000T\000u\000t\000o\000r\000i\000a\000l\000s}{}% 13
\BOOKMARK [1][-]{section.5.1}{\376\377\000T\000u\000t\000o\000r\000i\000a\000l\000\040\0000\000:\000\040\000C\000r\000e\000a\000t\000e\000\040\000G\000e\000o\000m\000e\000t\000r\000y}{chapter.5}% 14
\BOOKMARK [2][-]{subsection.5.1.1}{\376\377\0001\000.\0000\000\040\000M\000a\000i\000n\000\040\000S\000t\000e\000p\000s}{section.5.1}% 15
\BOOKMARK [1][-]{section.5.2}{\376\377\000T\000u\000t\000o\000r\000i\000a\000l\000\040\0001\000:\000\040\000C\000r\000e\000a\000t\000e\000\040\000U\000n\000i\000a\000x\000i\000a\000l\000\040\000C\000o\000m\000p\000r\000e\000s\000s\000i\000o\000n\000\040\000T\000e\000s\000t\000\040\000\050\000U\000C\000S\000\051}{chapter.5}% 16
\BOOKMARK [2][-]{subsection.5.2.1}{\376\377\0001\000.\0000\000\040\000M\000a\000i\000n\000\040\000S\000t\000e\000p\000s}{section.5.2}% 17
\BOOKMARK [2][-]{subsection.5.2.2}{\376\377\0002\000.\0000\000\040\000C\000o\000d\000e\000s}{section.5.2}% 18
\BOOKMARK [3][-]{subsubsection*.3}{\376\377\0002\000.\0001\000\040\000I\000n\000i\000t\000i\000a\000l\000i\000z\000e\000\040\000t\000h\000e\000\040\000m\000o\000d\000e\000l}{subsection.5.2.2}% 19
\BOOKMARK [3][-]{subsubsection*.4}{\376\377\0002\000.\0002\000\040\000C\000r\000e\000a\000t\000e\000\040\000t\000h\000e\000\040\000g\000e\000o\000m\000e\000t\000r\000y\000\040\000a\000n\000d\000\040\000t\000h\000e\000\040\000m\000e\000s\000h}{subsection.5.2.2}% 20
\BOOKMARK [3][-]{subsubsection*.5}{\376\377\0002\000.\0003\000\040\000A\000s\000s\000i\000g\000n\000\040\000M\000a\000t\000e\000r\000i\000a\000l\000\040\000P\000r\000o\000p\000e\000r\000t\000i\000e\000s}{subsection.5.2.2}% 21
\BOOKMARK [3][-]{subsubsection*.6}{\376\377\0002\000.\0004\000\040\000C\000r\000e\000a\000t\000e\000\040\000G\000r\000o\000u\000p\000s\000\040\000a\000n\000d\000\040\000A\000s\000s\000i\000g\000n\000\040\000B\000o\000u\000n\000d\000a\000r\000y\000\040\000C\000o\000n\000d\000i\000t\000i\000o\000n\000s}{subsection.5.2.2}% 22
\BOOKMARK [3][-]{subsubsection*.7}{\376\377\0002\000.\0005\000\040\000S\000e\000t\000\040\000t\000h\000e\000\040\000O\000u\000t\000p\000u\000t\000s}{subsection.5.2.2}% 23
\BOOKMARK [2][-]{subsection.5.2.3}{\376\377\0003\000.\0000\000\040\000R\000u\000n\000\040\000t\000h\000e\000\040\000P\000r\000o\000g\000r\000a\000m}{section.5.2}% 24
\BOOKMARK [2][-]{subsection.5.2.4}{\376\377\0004\000.\0000\000\040\000R\000e\000s\000u\000l\000t\000s}{section.5.2}% 25
\BOOKMARK [2][-]{subsection.5.2.5}{\376\377\0005\000.\0000\000\040\000F\000u\000l\000l\000\040\000S\000c\000r\000i\000p\000t}{section.5.2}% 26
\BOOKMARK [1][-]{section.5.3}{\376\377\000T\000u\000t\000o\000r\000i\000a\000l\000\040\0002\000:\000\040\000U\000C\000S\000\040\000m\000o\000d\000e\000l\000\040\000f\000r\000o\000m\000\040\000G\000m\000s\000h}{chapter.5}% 27
\BOOKMARK [2][-]{subsection.5.3.1}{\376\377\0001\000.\0000\000\040\000T\000u\000t\000o\000r\000i\000a\000l\000\040\000P\000r\000e\000r\000e\000q\000u\000i\000s\000t\000e\000s}{section.5.3}% 28
\BOOKMARK [2][-]{subsection.5.3.2}{\376\377\0002\000.\0000\000\040\000C\000o\000d\000e\000s}{section.5.3}% 29
\BOOKMARK [2][-]{subsection.5.3.3}{\376\377\0003\000.\0000\000\040\000F\000u\000l\000l\000\040\000S\000c\000r\000i\000p\000t}{section.5.3}% 30
\BOOKMARK [1][-]{section.5.4}{\376\377\000T\000u\000t\000o\000r\000i\000a\000l\000\040\0003\000:\000\040\000C\000r\000e\000a\000t\000e\000\040\000U\000n\000i\000a\000x\000i\000a\000l\000\040\000C\000o\000m\000p\000r\000e\000s\000s\000i\000o\000n\000\040\000T\000e\000s\000t\000\040\000w\000i\000t\000h\000\040\000Q\000u\000a\000d\000r\000a\000n\000g\000l\000e\000\040\000E\000l\000e\000m\000e\000n\000t}{chapter.5}% 31
\BOOKMARK [2][-]{subsection.5.4.1}{\376\377\0001\000.\0000\000\040\000C\000o\000d\000e}{section.5.4}% 32
\BOOKMARK [2][-]{subsection.5.4.2}{\376\377\0002\000.\0000\000\040\000R\000u\000n\000\040\000t\000h\000e\000\040\000P\000r\000o\000g\000r\000a\000m}{section.5.4}% 33
\BOOKMARK [2][-]{subsection.5.4.3}{\376\377\0003\000.\0000\000\040\000F\000u\000l\000l\000\040\000S\000c\000r\000i\000p\000t}{section.5.4}% 34
\BOOKMARK [1][-]{section.5.5}{\376\377\000T\000u\000t\000o\000r\000i\000a\000l\000\040\0004\000:\000\040\000B\000r\000a\000z\000i\000l\000i\000a\000n\000\040\000D\000i\000s\000c\000\040\000T\000e\000s\000t}{chapter.5}% 35
\BOOKMARK [2][-]{subsection.5.5.1}{\376\377\0001\000.\0000\000\040\000T\000u\000t\000o\000r\000i\000a\000l\000\040\000P\000r\000e\000r\000e\000q\000u\000i\000s\000t\000e\000s}{section.5.5}% 36
\BOOKMARK [2][-]{subsection.5.5.2}{\376\377\0002\000.\0000\000\040\000M\000a\000i\000n\000\040\000S\000t\000e\000p\000s}{section.5.5}% 37
\BOOKMARK [2][-]{subsection.5.5.3}{\376\377\0003\000.\0000\000\040\000C\000o\000d\000e\000s}{section.5.5}% 38
\BOOKMARK [3][-]{subsubsection*.8}{\376\377\0003\000.\0001\000\040\000I\000n\000i\000t\000i\000a\000l\000i\000z\000e\000\040\000t\000h\000e\000\040\000m\000o\000d\000e\000l}{subsection.5.5.3}% 39
\BOOKMARK [3][-]{subsubsection*.9}{\376\377\0003\000.\0002\000\040\000I\000m\000p\000o\000r\000t\000\040\000t\000h\000e\000\040\000g\000e\000o\000m\000e\000t\000r\000y\000\040\000a\000n\000d\000\040\000t\000h\000e\000\040\000m\000e\000s\000h}{subsection.5.5.3}% 40
\BOOKMARK [3][-]{subsubsection*.10}{\376\377\0003\000.\0003\000\040\000A\000s\000s\000i\000g\000n\000\040\000M\000a\000t\000e\000r\000i\000a\000l\000\040\000P\000r\000o\000p\000e\000r\000t\000i\000e\000s}{subsection.5.5.3}% 41
\BOOKMARK [3][-]{subsubsection*.11}{\376\377\0003\000.\0004\000\040\000C\000r\000e\000a\000t\000e\000\040\000G\000r\000o\000u\000p\000s\000\040\000a\000n\000d\000\040\000A\000s\000s\000i\000g\000n\000\040\000B\000o\000u\000n\000d\000a\000r\000y\000\040\000C\000o\000n\000d\000i\000t\000i\000o\000n\000s}{subsection.5.5.3}% 42
\BOOKMARK [3][-]{subsubsection*.12}{\376\377\0003\000.\0005\000\040\000S\000e\000t\000\040\000t\000h\000e\000\040\000O\000u\000t\000p\000u\000t\000s}{subsection.5.5.3}% 43
\BOOKMARK [2][-]{subsection.5.5.4}{\376\377\0004\000.\0000\000\040\000R\000u\000n\000\040\000t\000h\000e\000\040\000P\000r\000o\000g\000r\000a\000m}{section.5.5}% 44
\BOOKMARK [2][-]{subsection.5.5.5}{\376\377\0005\000.\0000\000\040\000R\000e\000s\000u\000l\000t\000s}{section.5.5}% 45
\BOOKMARK [2][-]{subsection.5.5.6}{\376\377\0006\000.\0000\000\040\000F\000u\000l\000l\000\040\000S\000c\000r\000i\000p\000t}{section.5.5}% 46
\BOOKMARK [1][-]{section.5.6}{\376\377\000T\000u\000t\000o\000r\000i\000a\000l\000\040\0005\000:\000\040\000A\000p\000p\000l\000y\000\040\000I\000n\000-\000s\000i\000t\000u\000\040\000S\000t\000r\000e\000s\000s}{chapter.5}% 47
\BOOKMARK [2][-]{subsection.5.6.1}{\376\377\0001\000.\0000\000\040\000M\000a\000i\000n\000\040\000S\000t\000e\000p\000s}{section.5.6}% 48
\BOOKMARK [2][-]{subsection.5.6.2}{\376\377\0002\000.\0000\000\040\000C\000o\000d\000e\000s}{section.5.6}% 49
\BOOKMARK [3][-]{subsubsection*.13}{\376\377\0002\000.\0001\000\040\000I\000n\000i\000t\000i\000a\000l\000i\000z\000e\000\040\000t\000h\000e\000\040\000m\000o\000d\000e\000l}{subsection.5.6.2}% 50
\BOOKMARK [3][-]{subsubsection*.14}{\376\377\0002\000.\0002\000\040\000C\000r\000e\000a\000t\000e\000\040\000t\000h\000e\000\040\000g\000e\000o\000m\000e\000t\000r\000y\000\040\000a\000n\000d\000\040\000t\000h\000e\000\040\000m\000e\000s\000h}{subsection.5.6.2}% 51
\BOOKMARK [3][-]{subsubsection*.15}{\376\377\0002\000.\0003\000\040\000A\000s\000s\000i\000g\000n\000\040\000M\000a\000t\000e\000r\000i\000a\000l\000\040\000P\000r\000o\000p\000e\000r\000t\000i\000e\000s}{subsection.5.6.2}% 52
\BOOKMARK [3][-]{subsubsection*.16}{\376\377\0002\000.\0004\000\040\000G\000r\000o\000u\000p\000\040\000t\000h\000e\000\040\000E\000d\000g\000e\000s}{subsection.5.6.2}% 53
\BOOKMARK [3][-]{subsubsection*.17}{\376\377\0002\000.\0005\000\040\000A\000s\000s\000i\000g\000n\000\040\000B\000o\000u\000n\000d\000a\000r\000y\000\040\000C\000o\000n\000d\000i\000t\000i\000o\000n\000s}{subsection.5.6.2}% 54
\BOOKMARK [3][-]{subsubsection*.18}{\376\377\0002\000.\0006\000\040\000S\000e\000t\000\040\000t\000h\000e\000\040\000O\000u\000t\000p\000u\000t\000s}{subsection.5.6.2}% 55
\BOOKMARK [2][-]{subsection.5.6.3}{\376\377\0003\000.\0000\000\040\000R\000u\000n\000\040\000t\000h\000e\000\040\000P\000r\000o\000g\000r\000a\000m}{section.5.6}% 56
\BOOKMARK [2][-]{subsection.5.6.4}{\376\377\0004\000.\0000\000\040\000R\000e\000s\000u\000l\000t\000s}{section.5.6}% 57
\BOOKMARK [2][-]{subsection.5.6.5}{\376\377\0005\000.\0000\000\040\000F\000u\000l\000l\000\040\000S\000c\000r\000i\000p\000t}{section.5.6}% 58
\BOOKMARK [1][-]{section.5.7}{\376\377\000T\000u\000t\000o\000r\000i\000a\000l\000\040\0006\000:\000\040\000H\000y\000d\000r\000o\000\040\000S\000e\000e\000p\000a\000g\000e}{chapter.5}% 59
\BOOKMARK [2][-]{subsection.5.7.1}{\376\377\0001\000.\0000\000\040\000M\000a\000i\000n\000\040\000S\000t\000e\000p\000s}{section.5.7}% 60
\BOOKMARK [2][-]{subsection.5.7.2}{\376\377\0002\000.\0000\000\040\000C\000o\000d\000e\000s}{section.5.7}% 61
\BOOKMARK [3][-]{subsubsection*.19}{\376\377\0002\000.\0001\000\040\000I\000n\000i\000t\000i\000a\000l\000i\000z\000e\000\040\000t\000h\000e\000\040\000m\000o\000d\000e\000l}{subsection.5.7.2}% 62
\BOOKMARK [3][-]{subsubsection*.20}{\376\377\0002\000.\0002\000\040\000C\000r\000e\000a\000t\000e\000\040\000t\000h\000e\000\040\000g\000e\000o\000m\000e\000t\000r\000y\000\040\000a\000n\000d\000\040\000t\000h\000e\000\040\000m\000e\000s\000h}{subsection.5.7.2}% 63
\BOOKMARK [3][-]{subsubsection*.21}{\376\377\0002\000.\0003\000\040\000A\000s\000s\000i\000g\000n\000\040\000M\000a\000t\000e\000r\000i\000a\000l\000\040\000P\000r\000o\000p\000e\000r\000t\000i\000e\000s}{subsection.5.7.2}% 64
\BOOKMARK [3][-]{subsubsection*.22}{\376\377\0002\000.\0004\000\040\000C\000r\000e\000a\000t\000e\000\040\000G\000r\000o\000u\000p\000s\000\040\000a\000n\000d\000\040\000A\000s\000s\000i\000g\000n\000\040\000B\000o\000u\000n\000d\000a\000r\000y\000\040\000C\000o\000n\000d\000i\000t\000i\000o\000n\000s}{subsection.5.7.2}% 65
\BOOKMARK [3][-]{subsubsection*.23}{\376\377\0002\000.\0005\000\040\000S\000e\000t\000\040\000t\000h\000e\000\040\000O\000u\000t\000p\000u\000t\000s}{subsection.5.7.2}% 66
\BOOKMARK [2][-]{subsection.5.7.3}{\376\377\0003\000.\0000\000\040\000R\000u\000n\000\040\000t\000h\000e\000\040\000P\000r\000o\000g\000r\000a\000m}{section.5.7}% 67
\BOOKMARK [2][-]{subsection.5.7.4}{\376\377\0004\000.\0000\000\040\000R\000e\000s\000u\000l\000t\000s}{section.5.7}% 68
\BOOKMARK [2][-]{subsection.5.7.5}{\376\377\0005\000.\0000\000\040\000F\000u\000l\000l\000\040\000S\000c\000r\000i\000p\000t}{section.5.7}% 69
\BOOKMARK [1][-]{section.5.8}{\376\377\000T\000u\000t\000o\000r\000i\000a\000l\000\040\0007\000:\000\040\000H\000y\000d\000r\000o\000\040\000F\000r\000a\000c\000t\000u\000r\000e\000\040\000F\000l\000o\000w}{chapter.5}% 70
\BOOKMARK [2][-]{subsection.5.8.1}{\376\377\0001\000.\0000\000\040\000C\000o\000d\000e}{section.5.8}% 71
\BOOKMARK [2][-]{subsection.5.8.2}{\376\377\0002\000.\0000\000\040\000R\000u\000n\000\040\000t\000h\000e\000\040\000P\000r\000o\000g\000r\000a\000m}{section.5.8}% 72
\BOOKMARK [2][-]{subsection.5.8.3}{\376\377\0003\000.\0000\000\040\000R\000e\000s\000u\000l\000t\000s}{section.5.8}% 73
\BOOKMARK [2][-]{subsection.5.8.4}{\376\377\0004\000.\0000\000\040\000F\000u\000l\000l\000\040\000S\000c\000r\000i\000p\000t}{section.5.8}% 74
\BOOKMARK [1][-]{section.5.9}{\376\377\000T\000u\000t\000o\000r\000i\000a\000l\000\040\0008\000:\000\040\000T\000h\000e\000r\000m\000a\000l\000\040\000F\000l\000u\000x}{chapter.5}% 75
\BOOKMARK [2][-]{subsection.5.9.1}{\376\377\0001\000.\0000\000\040\000M\000a\000i\000n\000\040\000S\000t\000e\000p\000s}{section.5.9}% 76
\BOOKMARK [2][-]{subsection.5.9.2}{\376\377\0002\000.\0000\000\040\000C\000o\000d\000e\000s}{section.5.9}% 77
\BOOKMARK [3][-]{subsubsection*.24}{\376\377\0002\000.\0001\000\040\000I\000n\000i\000t\000i\000a\000l\000i\000z\000e\000\040\000t\000h\000e\000\040\000m\000o\000d\000e\000l}{subsection.5.9.2}% 78
\BOOKMARK [3][-]{subsubsection*.25}{\376\377\0002\000.\0002\000\040\000C\000r\000e\000a\000t\000e\000\040\000t\000h\000e\000\040\000g\000e\000o\000m\000e\000t\000r\000y\000\040\000a\000n\000d\000\040\000t\000h\000e\000\040\000m\000e\000s\000h}{subsection.5.9.2}% 79
\BOOKMARK [3][-]{subsubsection*.26}{\376\377\0002\000.\0003\000\040\000A\000s\000s\000i\000g\000n\000\040\000M\000a\000t\000e\000r\000i\000a\000l\000\040\000a\000n\000d\000\040\000T\000h\000e\000r\000m\000a\000l\000\040\000P\000r\000o\000p\000e\000r\000t\000i\000e\000s}{subsection.5.9.2}% 80
\BOOKMARK [3][-]{subsubsection*.27}{\376\377\0002\000.\0004\000\040\000C\000r\000e\000a\000t\000e\000\040\000G\000r\000o\000u\000p\000s\000\040\000a\000n\000d\000\040\000A\000s\000s\000i\000g\000n\000\040\000B\000o\000u\000n\000d\000a\000r\000y\000\040\000C\000o\000n\000d\000i\000t\000i\000o\000n\000s}{subsection.5.9.2}% 81
\BOOKMARK [3][-]{subsubsection*.28}{\376\377\0002\000.\0005\000\040\000S\000e\000t\000\040\000t\000h\000e\000\040\000O\000u\000t\000p\000u\000t\000s}{subsection.5.9.2}% 82
\BOOKMARK [2][-]{subsection.5.9.3}{\376\377\0003\000.\0000\000\040\000R\000u\000n\000\040\000t\000h\000e\000\040\000P\000r\000o\000g\000r\000a\000m}{section.5.9}% 83
\BOOKMARK [2][-]{subsection.5.9.4}{\376\377\0004\000.\0000\000\040\000R\000e\000s\000u\000l\000t\000s}{section.5.9}% 84
\BOOKMARK [2][-]{subsection.5.9.5}{\376\377\0005\000.\0000\000\040\000F\000u\000l\000l\000\040\000S\000c\000r\000i\000p\000t}{section.5.9}% 85
\BOOKMARK [1][-]{section.5.10}{\376\377\000T\000u\000t\000o\000r\000i\000a\000l\000\040\0009\000:\000\040\000G\000r\000a\000i\000n\000-\000b\000a\000s\000e\000d\000\040\000M\000o\000d\000e\000l\000\040\000\050\000G\000B\000M\000\051}{chapter.5}% 86
\BOOKMARK [2][-]{subsection.5.10.1}{\376\377\0001\000.\0000\000\040\000T\000u\000t\000o\000r\000i\000a\000l\000\040\000P\000r\000e\000r\000e\000q\000u\000i\000s\000t\000e\000s}{section.5.10}% 87
\BOOKMARK [2][-]{subsection.5.10.2}{\376\377\0002\000.\0000\000\040\000M\000a\000i\000n\000\040\000S\000t\000e\000p\000s}{section.5.10}% 88
\BOOKMARK [2][-]{subsection.5.10.3}{\376\377\0003\000.\0000\000\040\000C\000o\000d\000e\000s}{section.5.10}% 89
\BOOKMARK [3][-]{subsubsection*.29}{\376\377\0003\000.\0001\000\040\000I\000n\000i\000t\000i\000a\000l\000i\000z\000e\000\040\000t\000h\000e\000\040\000m\000o\000d\000e\000l}{subsection.5.10.3}% 90
\BOOKMARK [3][-]{subsubsection*.30}{\376\377\0003\000.\0002\000\040\000I\000m\000p\000o\000r\000t\000\040\000t\000h\000e\000\040\000g\000e\000o\000m\000e\000t\000r\000y\000\040\000a\000n\000d\000\040\000t\000h\000e\000\040\000m\000e\000s\000h}{subsection.5.10.3}% 91
\BOOKMARK [3][-]{subsubsection*.31}{\376\377\0003\000.\0003\000\040\000A\000s\000s\000i\000g\000n\000\040\000M\000a\000t\000e\000r\000i\000a\000l\000\040\000a\000n\000d\000\040\000T\000h\000e\000r\000m\000a\000l\000\040\000P\000r\000o\000p\000e\000r\000t\000i\000e\000s}{subsection.5.10.3}% 92
\BOOKMARK [3][-]{subsubsection*.32}{\376\377\0003\000.\0004\000\040\000C\000r\000e\000a\000t\000e\000\040\000G\000r\000o\000u\000p\000s\000\040\000a\000n\000d\000\040\000A\000s\000s\000i\000g\000n\000\040\000B\000o\000u\000n\000d\000a\000r\000y\000\040\000C\000o\000n\000d\000i\000t\000i\000o\000n\000s}{subsection.5.10.3}% 93
\BOOKMARK [3][-]{subsubsection*.33}{\376\377\0003\000.\0005\000\040\000S\000e\000t\000\040\000t\000h\000e\000\040\000O\000u\000t\000p\000u\000t\000s}{subsection.5.10.3}% 94
\BOOKMARK [2][-]{subsection.5.10.4}{\376\377\0004\000.\0000\000\040\000R\000u\000n\000\040\000t\000h\000e\000\040\000P\000r\000o\000g\000r\000a\000m}{section.5.10}% 95
\BOOKMARK [2][-]{subsection.5.10.5}{\376\377\0005\000.\0000\000\040\000R\000e\000s\000u\000l\000t\000s}{section.5.10}% 96
\BOOKMARK [2][-]{subsection.5.10.6}{\376\377\0006\000.\0000\000\040\000F\000u\000l\000l\000\040\000S\000c\000r\000i\000p\000t}{section.5.10}% 97
\BOOKMARK [1][-]{section.5.11}{\376\377\000T\000u\000t\000o\000r\000i\000a\000l\000\040\0001\0000\000:\000\040\000P\000h\000a\000s\000e\000\040\000F\000i\000e\000l\000d}{chapter.5}% 98
\BOOKMARK [2][-]{subsection.5.11.1}{\376\377\0001\000.\0000\000\040\000M\000a\000i\000n\000\040\000S\000t\000e\000p\000s}{section.5.11}% 99
\BOOKMARK [2][-]{subsection.5.11.2}{\376\377\0002\000.\0000\000\040\000C\000o\000d\000e\000s}{section.5.11}% 100
\BOOKMARK [3][-]{subsubsection*.34}{\376\377\0002\000.\0001\000\040\000I\000n\000i\000t\000i\000a\000l\000i\000z\000e\000\040\000t\000h\000e\000\040\000m\000o\000d\000e\000l}{subsection.5.11.2}% 101
\BOOKMARK [3][-]{subsubsection*.35}{\376\377\0002\000.\0002\000\040\000C\000r\000e\000a\000t\000e\000\040\000t\000h\000e\000\040\000g\000e\000o\000m\000e\000t\000r\000y\000\040\000a\000n\000d\000\040\000t\000h\000e\000\040\000m\000e\000s\000h}{subsection.5.11.2}% 102
\BOOKMARK [3][-]{subsubsection*.36}{\376\377\0002\000.\0003\000\040\000A\000s\000s\000i\000g\000n\000\040\000M\000a\000t\000e\000r\000i\000a\000l\000\040\000a\000n\000d\000\040\000T\000h\000e\000r\000m\000a\000l\000\040\000P\000r\000o\000p\000e\000r\000t\000i\000e\000s}{subsection.5.11.2}% 103
\BOOKMARK [3][-]{subsubsection*.37}{\376\377\0002\000.\0004\000\040\000C\000r\000e\000a\000t\000e\000\040\000G\000r\000o\000u\000p\000s\000\040\000a\000n\000d\000\040\000A\000s\000s\000i\000g\000n\000\040\000B\000o\000u\000n\000d\000a\000r\000y\000\040\000C\000o\000n\000d\000i\000t\000i\000o\000n\000s}{subsection.5.11.2}% 104
\BOOKMARK [3][-]{subsubsection*.38}{\376\377\0002\000.\0005\000\040\000S\000e\000t\000\040\000t\000h\000e\000\040\000O\000u\000t\000p\000u\000t\000s}{subsection.5.11.2}% 105
\BOOKMARK [2][-]{subsection.5.11.3}{\376\377\0003\000.\0000\000\040\000R\000u\000n\000\040\000t\000h\000e\000\040\000P\000r\000o\000g\000r\000a\000m}{section.5.11}% 106
\BOOKMARK [2][-]{subsection.5.11.4}{\376\377\0004\000.\0000\000\040\000R\000e\000s\000u\000l\000t\000s}{section.5.11}% 107
\BOOKMARK [2][-]{subsection.5.11.5}{\376\377\0005\000.\0000\000\040\000F\000u\000l\000l\000\040\000S\000c\000r\000i\000p\000t}{section.5.11}% 108
\BOOKMARK [1][-]{section.5.12}{\376\377\000C\000r\000e\000a\000t\000e\000\040\000t\000h\000e\000\040\000G\000e\000o\000m\000e\000t\000r\000y}{chapter.5}% 109
\BOOKMARK [1][-]{section.5.13}{\376\377\000L\000a\000b\000\040\000T\000e\000s\000t\000s}{chapter.5}% 110
\BOOKMARK [1][-]{section.5.14}{\376\377\000E\000x\000c\000a\000v\000a\000t\000i\000o\000n}{chapter.5}% 111
\BOOKMARK [1][-]{section.5.15}{\376\377\000H\000y\000d\000r\000o\000\040\000M\000o\000d\000u\000l\000e}{chapter.5}% 112
\BOOKMARK [1][-]{section.5.16}{\376\377\000T\000h\000e\000r\000m\000a\000l\000\040\000M\000o\000d\000u\000l\000e}{chapter.5}% 113
\BOOKMARK [1][-]{section.5.17}{\376\377\000G\000B\000M}{chapter.5}% 114
\BOOKMARK [1][-]{section.5.18}{\376\377\000P\000h\000a\000s\000e\000\040\000F\000i\000e\000l\000d}{chapter.5}% 115
\BOOKMARK [0][-]{chapter.6}{\376\377\000U\000s\000e\000r\000\040\000G\000u\000i\000d\000e}{}% 116
\BOOKMARK [1][-]{section.6.1}{\376\377\000G\000e\000n\000e\000r\000a\000l}{chapter.6}% 117
\BOOKMARK [2][-]{subsection.6.1.1}{\376\377\000o\000f\000.\000c\000o\000n\000s\000o\000l\000e\000.\000i\000n\000t\000e\000r\000v\000a\000l}{section.6.1}% 118
\BOOKMARK [2][-]{subsection.6.1.2}{\376\377\000o\000f\000.\000d\000a\000m\000p\000.\000g\000l\000o\000b\000a\000l}{section.6.1}% 119
\BOOKMARK [2][-]{subsection.6.1.3}{\376\377\000o\000f\000.\000f\000i\000n\000a\000l\000i\000z\000e}{section.6.1}% 120
\BOOKMARK [2][-]{subsection.6.1.4}{\376\377\000o\000f\000.\000i\000m\000p\000o\000r\000t}{section.6.1}% 121
\BOOKMARK [2][-]{subsection.6.1.5}{\376\377\000o\000f\000.\000i\000m\000p\000o\000r\000t\000.\000t\000a\000b\000l\000e}{section.6.1}% 122
\BOOKMARK [2][-]{subsection.6.1.6}{\376\377\000o\000f\000.\000l\000o\000g\000.\000i\000n\000t\000e\000r\000v\000a\000l}{section.6.1}% 123
\BOOKMARK [2][-]{subsection.6.1.7}{\376\377\000o\000f\000.\000n\000e\000w}{section.6.1}% 124
\BOOKMARK [2][-]{subsection.6.1.8}{\376\377\000o\000f\000.\000r\000e\000s\000t\000o\000r\000e}{section.6.1}% 125
\BOOKMARK [2][-]{subsection.6.1.9}{\376\377\000o\000f\000.\000s\000a\000v\000e}{section.6.1}% 126
\BOOKMARK [2][-]{subsection.6.1.10}{\376\377\000o\000f\000.\000s\000a\000v\000e\000.\000F\000E\000M}{section.6.1}% 127
\BOOKMARK [2][-]{subsection.6.1.11}{\376\377\000o\000f\000.\000s\000e\000t\000.\000c\000o\000n\000f\000i\000g}{section.6.1}% 128
\BOOKMARK [2][-]{subsection.6.1.12}{\376\377\000o\000f\000.\000s\000e\000t\000.\000c\000o\000n\000t\000a\000c\000t}{section.6.1}% 129
\BOOKMARK [2][-]{subsection.6.1.13}{\376\377\000o\000f\000.\000s\000e\000t\000.\000d\000e\000b\000u\000g}{section.6.1}% 130
\BOOKMARK [2][-]{subsection.6.1.14}{\376\377\000o\000f\000.\000s\000e\000t\000.\000G\000B\000M}{section.6.1}% 131
\BOOKMARK [2][-]{subsection.6.1.15}{\376\377\000o\000f\000.\000s\000e\000t\000.\000g\000r\000a\000v\000i\000t\000y}{section.6.1}% 132
\BOOKMARK [2][-]{subsection.6.1.16}{\376\377\000o\000f\000.\000s\000e\000t\000.\000l\000a\000r\000g\000e}{section.6.1}% 133
\BOOKMARK [2][-]{subsection.6.1.17}{\376\377\000o\000f\000.\000s\000e\000t\000.\000m\000a\000s\000s\000s\000c\000a\000l\000e}{section.6.1}% 134
\BOOKMARK [2][-]{subsection.6.1.18}{\376\377\000o\000f\000.\000s\000e\000t\000.\000m\000o\000d\000u\000l\000e}{section.6.1}% 135
\BOOKMARK [2][-]{subsection.6.1.19}{\376\377\000o\000f\000.\000s\000e\000t\000.\000o\000m\000p}{section.6.1}% 136
\BOOKMARK [2][-]{subsection.6.1.20}{\376\377\000o\000f\000.\000s\000e\000t\000.\000r\000e\000s\000u\000l\000t}{section.6.1}% 137
\BOOKMARK [2][-]{subsection.6.1.21}{\376\377\000o\000f\000.\000s\000e\000t\000.\000r\000g\000b\000m}{section.6.1}% 138
\BOOKMARK [2][-]{subsection.6.1.22}{\376\377\000o\000f\000.\000s\000o\000l\000v\000e}{section.6.1}% 139
\BOOKMARK [2][-]{subsection.6.1.23}{\376\377\000o\000f\000.\000s\000t\000e\000p}{section.6.1}% 140
\BOOKMARK [2][-]{subsection.6.1.24}{\376\377\000o\000f\000.\000t\000i\000m\000e\000s\000t\000e\000p}{section.6.1}% 141
\BOOKMARK [1][-]{section.6.2}{\376\377\000B\000l\000a\000s\000t}{chapter.6}% 142
\BOOKMARK [2][-]{subsection.6.2.1}{\376\377\000o\000f\000.\000b\000l\000a\000s\000t\000.\000p\000o\000s\000i\000t\000i\000o\000n}{section.6.2}% 143
\BOOKMARK [3][-]{subsubsection*.39}{\376\377\000E\000x\000a\000m\000p\000l\000e\000:}{subsection.6.2.1}% 144
\BOOKMARK [1][-]{section.6.3}{\376\377\000B\000o\000u\000n\000d\000a\000r\000y}{chapter.6}% 145
\BOOKMARK [2][-]{subsection.6.3.1}{\376\377\000o\000f\000.\000b\000o\000u\000n\000d\000a\000r\000y\000.\000n\000o\000d\000a\000l\000.\000f\000o\000r\000c\000e}{section.6.3}% 146
\BOOKMARK [3][-]{subsubsection*.40}{\376\377\000E\000x\000a\000m\000p\000l\000e\000:}{subsection.6.3.1}% 147
\BOOKMARK [2][-]{subsection.6.3.2}{\376\377\000o\000f\000.\000b\000o\000u\000n\000d\000a\000r\000y\000.\000n\000o\000d\000a\000l\000.\000v\000e\000l\000o\000c\000i\000t\000y}{section.6.3}% 148
\BOOKMARK [3][-]{subsubsection*.41}{\376\377\000E\000x\000a\000m\000p\000l\000e\000:}{subsection.6.3.2}% 149
\BOOKMARK [2][-]{subsection.6.3.3}{\376\377\000o\000f\000.\000b\000o\000u\000n\000d\000a\000r\000y\000.\000n\000o\000d\000a\000l\000.\000i\000n\000i\000v\000e\000l\000o\000c\000i\000t\000y}{section.6.3}% 150
\BOOKMARK [3][-]{subsubsection*.42}{\376\377\000E\000x\000a\000m\000p\000l\000e\000:}{subsection.6.3.3}% 151
\BOOKMARK [2][-]{subsection.6.3.4}{\376\377\000o\000f\000.\000b\000o\000u\000n\000d\000a\000r\000y\000.\000n\000o\000d\000a\000l\000.\000a\000c\000c\000e\000l\000e\000r\000a\000t\000i\000o\000n}{section.6.3}% 152
\BOOKMARK [3][-]{subsubsection*.43}{\376\377\000E\000x\000a\000m\000p\000l\000e\000:}{subsection.6.3.4}% 153
\BOOKMARK [2][-]{subsection.6.3.5}{\376\377\000o\000f\000.\000b\000o\000u\000n\000d\000a\000r\000y\000.\000n\000o\000d\000a\000l\000.\000c\000l\000e\000a\000r}{section.6.3}% 154
\BOOKMARK [3][-]{subsubsection*.44}{\376\377\000E\000x\000a\000m\000p\000l\000e\000:}{subsection.6.3.5}% 155
\BOOKMARK [2][-]{subsection.6.3.6}{\376\377\000o\000f\000.\000b\000o\000u\000n\000d\000a\000r\000y\000.\000e\000d\000g\000e\000.\000f\000o\000r\000c\000e}{section.6.3}% 156
\BOOKMARK [3][-]{subsubsection*.45}{\376\377\000E\000x\000a\000m\000p\000l\000e\000:}{subsection.6.3.6}% 157
\BOOKMARK [2][-]{subsection.6.3.7}{\376\377\000o\000f\000.\000b\000o\000u\000n\000d\000a\000r\000y\000.\000e\000d\000g\000e\000.\000v\000e\000l\000o\000c\000i\000t\000y}{section.6.3}% 158
\BOOKMARK [3][-]{subsubsection*.46}{\376\377\000E\000x\000a\000m\000p\000l\000e\000:}{subsection.6.3.7}% 159
\BOOKMARK [2][-]{subsection.6.3.8}{\376\377\000o\000f\000.\000b\000o\000u\000n\000d\000a\000r\000y\000.\000e\000d\000g\000e\000.\000i\000n\000i\000v\000e\000l\000o\000c\000i\000t\000y}{section.6.3}% 160
\BOOKMARK [3][-]{subsubsection*.47}{\376\377\000E\000x\000a\000m\000p\000l\000e\000:}{subsection.6.3.8}% 161
\BOOKMARK [2][-]{subsection.6.3.9}{\376\377\000o\000f\000.\000b\000o\000u\000n\000d\000a\000r\000y\000.\000e\000d\000g\000e\000.\000a\000c\000c\000e\000l\000e\000r\000a\000t\000i\000o\000n}{section.6.3}% 162
\BOOKMARK [3][-]{subsubsection*.48}{\376\377\000E\000x\000a\000m\000p\000l\000e\000:}{subsection.6.3.9}% 163
\BOOKMARK [2][-]{subsection.6.3.10}{\376\377\000o\000f\000.\000b\000o\000u\000n\000d\000a\000r\000y\000.\000e\000d\000g\000e\000.\000c\000l\000e\000a\000r}{section.6.3}% 164
\BOOKMARK [3][-]{subsubsection*.49}{\376\377\000E\000x\000a\000m\000p\000l\000e\000:}{subsection.6.3.10}% 165
\BOOKMARK [2][-]{subsection.6.3.11}{\376\377\000o\000f\000.\000b\000o\000u\000n\000d\000a\000r\000y\000.\000e\000l\000e\000m\000e\000n\000t\000.\000s\000t\000r\000e\000s\000s}{section.6.3}% 166
\BOOKMARK [3][-]{subsubsection*.50}{\376\377\000E\000x\000a\000m\000p\000l\000e\000:}{subsection.6.3.11}% 167
\BOOKMARK [2][-]{subsection.6.3.12}{\376\377\000o\000f\000.\000b\000o\000u\000n\000d\000a\000r\000y\000.\000e\000l\000e\000m\000e\000n\000t\000.\000s\000t\000r\000e\000s\000s\000.\000x\000g\000r\000a\000d}{section.6.3}% 168
\BOOKMARK [3][-]{subsubsection*.51}{\376\377\000E\000x\000a\000m\000p\000l\000e\000:}{subsection.6.3.12}% 169
\BOOKMARK [2][-]{subsection.6.3.13}{\376\377\000o\000f\000.\000b\000o\000u\000n\000d\000a\000r\000y\000.\000e\000l\000e\000m\000e\000n\000t\000.\000s\000t\000r\000e\000s\000s\000.\000y\000g\000r\000a\000d}{section.6.3}% 170
\BOOKMARK [3][-]{subsubsection*.52}{\376\377\000E\000x\000a\000m\000p\000l\000e\000:}{subsection.6.3.13}% 171
\BOOKMARK [2][-]{subsection.6.3.14}{\376\377\000o\000f\000.\000b\000o\000u\000n\000d\000a\000r\000y\000.\000e\000l\000e\000m\000e\000n\000t\000.\000c\000l\000e\000a\000r}{section.6.3}% 172
\BOOKMARK [3][-]{subsubsection*.53}{\376\377\000E\000x\000a\000m\000p\000l\000e\000:}{subsection.6.3.14}% 173
\BOOKMARK [2][-]{subsection.6.3.15}{\376\377\000o\000f\000.\000b\000o\000u\000n\000d\000a\000r\000y\000.\000b\000l\000a\000s\000t}{section.6.3}% 174
\BOOKMARK [3][-]{subsubsection*.54}{\376\377\000E\000x\000a\000m\000p\000l\000e\000:}{subsection.6.3.15}% 175
\BOOKMARK [1][-]{section.6.4}{\376\377\000D\000F\000N}{chapter.6}% 176
\BOOKMARK [2][-]{subsection.6.4.1}{\376\377\000o\000f\000.\000D\000F\000N\000.\000c\000o\000n\000n\000e\000c\000t\000i\000v\000i\000t\000y}{section.6.4}% 177
\BOOKMARK [3][-]{subsubsection*.55}{\376\377\000E\000x\000a\000m\000p\000l\000e\000:}{subsection.6.4.1}% 178
\BOOKMARK [2][-]{subsection.6.4.2}{\376\377\000o\000f\000.\000D\000F\000N\000.\000g\000r\000o\000u\000p}{section.6.4}% 179
\BOOKMARK [3][-]{subsubsection*.56}{\376\377\000E\000x\000a\000m\000p\000l\000e\000:}{subsection.6.4.2}% 180
\BOOKMARK [2][-]{subsection.6.4.3}{\376\377\000o\000f\000.\000D\000F\000N\000.\000c\000o\000h\000e\000s\000i\000v\000e}{section.6.4}% 181
\BOOKMARK [3][-]{subsubsection*.57}{\376\377\000E\000x\000a\000m\000p\000l\000e\000:}{subsection.6.4.3}% 182
\BOOKMARK [2][-]{subsection.6.4.4}{\376\377\000o\000f\000.\000D\000F\000N\000.\000b\000r\000o\000k\000e\000n}{section.6.4}% 183
\BOOKMARK [3][-]{subsubsection*.58}{\376\377\000E\000x\000a\000m\000p\000l\000e\000:}{subsection.6.4.4}% 184
\BOOKMARK [1][-]{section.6.5}{\376\377\000F\000E\000M}{chapter.6}% 185
\BOOKMARK [2][-]{subsection.6.5.1}{\376\377\000o\000f\000.\000i\000m\000p\000o\000r\000t\000.\000F\000E\000M\000.\000n\000o\000d\000a\000l\000.\000c\000o\000o\000r\000d}{section.6.5}% 186
\BOOKMARK [3][-]{subsubsection*.59}{\376\377\000E\000x\000a\000m\000p\000l\000e\000:}{subsection.6.5.1}% 187
\BOOKMARK [2][-]{subsection.6.5.2}{\376\377\000o\000f\000.\000i\000m\000p\000o\000r\000t\000.\000F\000E\000M\000.\000n\000o\000d\000a\000l\000.\000c\000o\000o\000r\000d\0000}{section.6.5}% 188
\BOOKMARK [3][-]{subsubsection*.60}{\376\377\000E\000x\000a\000m\000p\000l\000e\000:}{subsection.6.5.2}% 189
\BOOKMARK [2][-]{subsection.6.5.3}{\376\377\000o\000f\000.\000i\000m\000p\000o\000r\000t\000.\000F\000E\000M\000.\000n\000o\000d\000a\000l\000.\000v\000e\000l\000o\000c\000i\000t\000y}{section.6.5}% 190
\BOOKMARK [3][-]{subsubsection*.61}{\376\377\000E\000x\000a\000m\000p\000l\000e\000:}{subsection.6.5.3}% 191
\BOOKMARK [2][-]{subsection.6.5.4}{\376\377\000o\000f\000.\000i\000m\000p\000o\000r\000t\000.\000F\000E\000M\000.\000n\000o\000d\000a\000l\000.\000g\000r\000o\000u\000p\000s}{section.6.5}% 192
\BOOKMARK [3][-]{subsubsection*.62}{\376\377\000E\000x\000a\000m\000p\000l\000e\000:}{subsection.6.5.4}% 193
\BOOKMARK [2][-]{subsection.6.5.5}{\376\377\000o\000f\000.\000i\000m\000p\000o\000r\000t\000.\000F\000E\000M\000.\000e\000d\000g\000e\000.\000g\000r\000o\000u\000p\000s}{section.6.5}% 194
\BOOKMARK [3][-]{subsubsection*.63}{\376\377\000E\000x\000a\000m\000p\000l\000e\000:}{subsection.6.5.5}% 195
\BOOKMARK [2][-]{subsection.6.5.6}{\376\377\000o\000f\000.\000i\000m\000p\000o\000r\000t\000.\000F\000E\000M\000.\000e\000l\000e\000m\000e\000n\000t\000.\000g\000r\000o\000u\000p\000s}{section.6.5}% 196
\BOOKMARK [3][-]{subsubsection*.64}{\376\377\000E\000x\000a\000m\000p\000l\000e\000:}{subsection.6.5.6}% 197
\BOOKMARK [2][-]{subsection.6.5.7}{\376\377\000o\000f\000.\000i\000m\000p\000o\000r\000t\000.\000F\000E\000M\000.\000e\000l\000e\000m\000e\000n\000t\000.\000c\000o\000n\000n\000e\000c\000t\000i\000v\000i\000t\000y}{section.6.5}% 198
\BOOKMARK [3][-]{subsubsection*.65}{\376\377\000E\000x\000a\000m\000p\000l\000e\000:}{subsection.6.5.7}% 199
\BOOKMARK [1][-]{section.6.6}{\376\377\000G\000e\000o\000m\000e\000t\000r\000y}{chapter.6}% 200
\BOOKMARK [2][-]{subsection.6.6.1}{\376\377\000o\000f\000.\000g\000e\000o\000m\000e\000t\000r\000y\000.\000s\000q\000u\000a\000r\000e}{section.6.6}% 201
\BOOKMARK [3][-]{subsubsection*.66}{\376\377\000E\000x\000a\000m\000p\000l\000e\000:}{subsection.6.6.1}% 202
\BOOKMARK [2][-]{subsection.6.6.2}{\376\377\000o\000f\000.\000g\000e\000o\000m\000e\000t\000r\000y\000.\000c\000u\000t\000.\000s\000q\000u\000a\000r\000e}{section.6.6}% 203
\BOOKMARK [3][-]{subsubsection*.67}{\376\377\000E\000x\000a\000m\000p\000l\000e\000:}{subsection.6.6.2}% 204
\BOOKMARK [2][-]{subsection.6.6.3}{\376\377\000o\000f\000.\000g\000e\000o\000m\000e\000t\000r\000y\000.\000r\000e\000m\000o\000v\000e\000.\000s\000q\000u\000a\000r\000e}{section.6.6}% 205
\BOOKMARK [3][-]{subsubsection*.68}{\376\377\000E\000x\000a\000m\000p\000l\000e\000:}{subsection.6.6.3}% 206
\BOOKMARK [2][-]{subsection.6.6.4}{\376\377\000o\000f\000.\000g\000e\000o\000m\000e\000t\000r\000y\000.\000c\000i\000r\000c\000l\000e}{section.6.6}% 207
\BOOKMARK [3][-]{subsubsection*.69}{\376\377\000E\000x\000a\000m\000p\000l\000e\000:}{subsection.6.6.4}% 208
\BOOKMARK [2][-]{subsection.6.6.5}{\376\377\000o\000f\000.\000g\000e\000o\000m\000e\000t\000r\000y\000.\000c\000u\000t\000.\000c\000i\000r\000c\000l\000e}{section.6.6}% 209
\BOOKMARK [3][-]{subsubsection*.70}{\376\377\000E\000x\000a\000m\000p\000l\000e\000:}{subsection.6.6.5}% 210
\BOOKMARK [2][-]{subsection.6.6.6}{\376\377\000o\000f\000.\000g\000e\000o\000m\000e\000t\000r\000y\000.\000r\000e\000m\000o\000v\000e\000.\000c\000i\000r\000c\000l\000e}{section.6.6}% 211
\BOOKMARK [3][-]{subsubsection*.71}{\376\377\000E\000x\000a\000m\000p\000l\000e\000:}{subsection.6.6.6}% 212
\BOOKMARK [2][-]{subsection.6.6.7}{\376\377\000o\000f\000.\000g\000e\000o\000m\000e\000t\000r\000y\000.\000e\000l\000l\000i\000p\000s\000e}{section.6.6}% 213
\BOOKMARK [3][-]{subsubsection*.72}{\376\377\000E\000x\000a\000m\000p\000l\000e\000:}{subsection.6.6.7}% 214
\BOOKMARK [2][-]{subsection.6.6.8}{\376\377\000o\000f\000.\000g\000e\000o\000m\000e\000t\000r\000y\000.\000c\000u\000t\000.\000e\000l\000l\000i\000p\000s\000e}{section.6.6}% 215
\BOOKMARK [3][-]{subsubsection*.73}{\376\377\000E\000x\000a\000m\000p\000l\000e\000:}{subsection.6.6.8}% 216
\BOOKMARK [2][-]{subsection.6.6.9}{\376\377\000o\000f\000.\000g\000e\000o\000m\000e\000t\000r\000y\000.\000r\000e\000m\000o\000v\000e\000.\000e\000l\000l\000i\000p\000s\000e}{section.6.6}% 217
\BOOKMARK [3][-]{subsubsection*.74}{\376\377\000E\000x\000a\000m\000p\000l\000e\000:}{subsection.6.6.9}% 218
\BOOKMARK [2][-]{subsection.6.6.10}{\376\377\000o\000f\000.\000g\000e\000o\000m\000e\000t\000r\000y\000.\000p\000o\000l\000y\000g\000o\000n}{section.6.6}% 219
\BOOKMARK [3][-]{subsubsection*.75}{\376\377\000E\000x\000a\000m\000p\000l\000e\000:}{subsection.6.6.10}% 220
\BOOKMARK [2][-]{subsection.6.6.11}{\376\377\000o\000f\000.\000g\000e\000o\000m\000e\000t\000r\000y\000.\000c\000u\000t\000.\000p\000o\000l\000y\000g\000o\000n}{section.6.6}% 221
\BOOKMARK [3][-]{subsubsection*.76}{\376\377\000E\000x\000a\000m\000p\000l\000e\000:}{subsection.6.6.11}% 222
\BOOKMARK [2][-]{subsection.6.6.12}{\376\377\000o\000f\000.\000g\000e\000o\000m\000e\000t\000r\000y\000.\000r\000e\000m\000o\000v\000e\000.\000p\000o\000l\000y\000g\000o\000n}{section.6.6}% 223
\BOOKMARK [3][-]{subsubsection*.77}{\376\377\000E\000x\000a\000m\000p\000l\000e\000:}{subsection.6.6.12}% 224
\BOOKMARK [2][-]{subsection.6.6.13}{\376\377\000o\000f\000.\000g\000e\000o\000m\000e\000t\000r\000y\000.\000t\000a\000b\000l\000e}{section.6.6}% 225
\BOOKMARK [3][-]{subsubsection*.78}{\376\377\000E\000x\000a\000m\000p\000l\000e\000:}{subsection.6.6.13}% 226
\BOOKMARK [2][-]{subsection.6.6.14}{\376\377\000o\000f\000.\000g\000e\000o\000m\000e\000t\000r\000y\000.\000c\000u\000t\000.\000t\000a\000b\000l\000e}{section.6.6}% 227
\BOOKMARK [3][-]{subsubsection*.79}{\376\377\000E\000x\000a\000m\000p\000l\000e\000:}{subsection.6.6.14}% 228
\BOOKMARK [2][-]{subsection.6.6.15}{\376\377\000o\000f\000.\000g\000e\000o\000m\000e\000t\000r\000y\000.\000r\000e\000m\000o\000v\000e\000.\000t\000a\000b\000l\000e}{section.6.6}% 229
\BOOKMARK [3][-]{subsubsection*.80}{\376\377\000E\000x\000a\000m\000p\000l\000e\000:}{subsection.6.6.15}% 230
\BOOKMARK [2][-]{subsection.6.6.16}{\376\377\000o\000f\000.\000g\000e\000o\000m\000e\000t\000r\000y\000.\000d\000o\000m\000a\000i\000n}{section.6.6}% 231
\BOOKMARK [3][-]{subsubsection*.81}{\376\377\000E\000x\000a\000m\000p\000l\000e\000:}{subsection.6.6.16}% 232
\BOOKMARK [2][-]{subsection.6.6.17}{\376\377\000o\000f\000.\000g\000e\000o\000m\000e\000t\000r\000y\000.\000c\000u\000t\000.\000j\000o\000i\000n\000t}{section.6.6}% 233
\BOOKMARK [3][-]{subsubsection*.82}{\376\377\000E\000x\000a\000m\000p\000l\000e\000:}{subsection.6.6.17}% 234
\BOOKMARK [2][-]{subsection.6.6.18}{\376\377\000o\000f\000.\000g\000e\000o\000m\000e\000t\000r\000y\000.\000c\000u\000t\000.\000j\000s\000e\000t}{section.6.6}% 235
\BOOKMARK [3][-]{subsubsection*.83}{\376\377\000E\000x\000a\000m\000p\000l\000e\000:}{subsection.6.6.18}% 236
\BOOKMARK [2][-]{subsection.6.6.19}{\376\377\000o\000f\000.\000g\000e\000o\000m\000e\000t\000r\000y\000.\000c\000u\000t\000.\000D\000F\000N}{section.6.6}% 237
\BOOKMARK [3][-]{subsubsection*.84}{\376\377\000E\000x\000a\000m\000p\000l\000e\000:}{subsection.6.6.19}% 238
\BOOKMARK [2][-]{subsection.6.6.20}{\376\377\000o\000f\000.\000g\000e\000o\000m\000e\000t\000r\000y\000.\000c\000u\000t\000.\000a\000r\000c}{section.6.6}% 239
\BOOKMARK [3][-]{subsubsection*.85}{\376\377\000E\000x\000a\000m\000p\000l\000e\000:}{subsection.6.6.20}% 240
\BOOKMARK [2][-]{subsection.6.6.21}{\376\377\000o\000f\000.\000g\000e\000o\000m\000e\000t\000r\000y\000.\000m\000i\000n\000s\000i\000z\000e}{section.6.6}% 241
\BOOKMARK [3][-]{subsubsection*.86}{\376\377\000E\000x\000a\000m\000p\000l\000e\000:}{subsection.6.6.21}% 242
\BOOKMARK [2][-]{subsection.6.6.22}{\376\377\000o\000f\000.\000g\000e\000o\000m\000e\000t\000r\000y\000.\000m\000i\000n\000a\000n\000g\000l\000e}{section.6.6}% 243
\BOOKMARK [3][-]{subsubsection*.87}{\376\377\000E\000x\000a\000m\000p\000l\000e\000:}{subsection.6.6.22}% 244
\BOOKMARK [2][-]{subsection.6.6.23}{\376\377\000o\000f\000.\000g\000e\000o\000m\000e\000t\000r\000y\000.\000i\000t\000e\000r\000a\000t\000i\000o\000n}{section.6.6}% 245
\BOOKMARK [3][-]{subsubsection*.88}{\376\377\000E\000x\000a\000m\000p\000l\000e\000:}{subsection.6.6.23}% 246
\BOOKMARK [2][-]{subsection.6.6.24}{\376\377\000o\000f\000.\000g\000e\000o\000m\000e\000t\000r\000y\000.\000g\000r\000o\000u\000p}{section.6.6}% 247
\BOOKMARK [3][-]{subsubsection*.89}{\376\377\000E\000x\000a\000m\000p\000l\000e\000:}{subsection.6.6.24}% 248
\BOOKMARK [2][-]{subsection.6.6.25}{\376\377\000o\000f\000.\000g\000e\000o\000m\000e\000t\000r\000y\000.\000m\000e\000s\000h\000.\000s\000i\000z\000e}{section.6.6}% 249
\BOOKMARK [3][-]{subsubsection*.90}{\376\377\000E\000x\000a\000m\000p\000l\000e\000:}{subsection.6.6.25}% 250
\BOOKMARK [2][-]{subsection.6.6.26}{\376\377\000o\000f\000.\000g\000e\000o\000m\000e\000t\000r\000y\000.\000r\000e\000c\000o\000m\000b\000i\000n\000e}{section.6.6}% 251
\BOOKMARK [3][-]{subsubsection*.91}{\376\377\000E\000x\000a\000m\000p\000l\000e\000:}{subsection.6.6.26}% 252
\BOOKMARK [2][-]{subsection.6.6.27}{\376\377\000o\000f\000.\000g\000e\000o\000m\000e\000t\000r\000y\000.\000m\000e\000s\000h}{section.6.6}% 253
\BOOKMARK [3][-]{subsubsection*.92}{\376\377\000E\000x\000a\000m\000p\000l\000e\000:}{subsection.6.6.27}% 254
\BOOKMARK [2][-]{subsection.6.6.28}{\376\377\000o\000f\000.\000g\000e\000o\000m\000e\000t\000r\000y\000.\000m\000e\000s\000h\000.\000w\000r\000i\000t\000e}{section.6.6}% 255
\BOOKMARK [3][-]{subsubsection*.93}{\376\377\000E\000x\000a\000m\000p\000l\000e\000:}{subsection.6.6.28}% 256
\BOOKMARK [1][-]{section.6.7}{\376\377\000G\000r\000o\000u\000p}{chapter.6}% 257
\BOOKMARK [2][-]{subsection.6.7.1}{\376\377\000o\000f\000.\000g\000r\000o\000u\000p\000.\000n\000o\000d\000a\000l}{section.6.7}% 258
\BOOKMARK [3][-]{subsubsection*.94}{\376\377\000E\000x\000a\000m\000p\000l\000e\000:}{subsection.6.7.1}% 259
\BOOKMARK [2][-]{subsection.6.7.2}{\376\377\000o\000f\000.\000g\000r\000o\000u\000p\000.\000e\000d\000g\000e}{section.6.7}% 260
\BOOKMARK [3][-]{subsubsection*.95}{\376\377\000E\000x\000a\000m\000p\000l\000e\000:}{subsection.6.7.2}% 261
\BOOKMARK [2][-]{subsection.6.7.3}{\376\377\000o\000f\000.\000g\000r\000o\000u\000p\000.\000e\000l\000e\000m\000e\000n\000t}{section.6.7}% 262
\BOOKMARK [3][-]{subsubsection*.96}{\376\377\000E\000x\000a\000m\000p\000l\000e\000:}{subsection.6.7.3}% 263
\BOOKMARK [2][-]{subsection.6.7.4}{\376\377\000o\000f\000.\000g\000r\000o\000u\000p\000.\000c\000o\000h\000e\000l\000e\000m\000e\000n\000t}{section.6.7}% 264
\BOOKMARK [3][-]{subsubsection*.97}{\376\377\000E\000x\000a\000m\000p\000l\000e\000:}{subsection.6.7.4}% 265
\BOOKMARK [2][-]{subsection.6.7.5}{\376\377\000o\000f\000.\000g\000r\000o\000u\000p\000.\000n\000o\000d\000a\000l\000.\000f\000r\000o\000m\000.\000e\000l\000e\000m\000e\000n\000t}{section.6.7}% 266
\BOOKMARK [3][-]{subsubsection*.98}{\376\377\000E\000x\000a\000m\000p\000l\000e\000:}{subsection.6.7.5}% 267
\BOOKMARK [2][-]{subsection.6.7.6}{\376\377\000o\000f\000.\000g\000r\000o\000u\000p\000.\000e\000d\000g\000e\000.\000f\000r\000o\000m\000.\000e\000l\000e\000m\000e\000n\000t}{section.6.7}% 268
\BOOKMARK [3][-]{subsubsection*.99}{\376\377\000E\000x\000a\000m\000p\000l\000e\000:}{subsection.6.7.6}% 269
\BOOKMARK [2][-]{subsection.6.7.7}{\376\377\000o\000f\000.\000g\000r\000o\000u\000p\000.\000e\000d\000g\000e\000.\000f\000r\000o\000m\000.\000c\000o\000h\000c\000o\000h\000e\000l\000e\000m\000e\000n\000t}{section.6.7}% 270
\BOOKMARK [3][-]{subsubsection*.100}{\376\377\000E\000x\000a\000m\000p\000l\000e\000:}{subsection.6.7.7}% 271
\BOOKMARK [2][-]{subsection.6.7.8}{\376\377\000o\000f\000.\000g\000r\000o\000u\000p\000.\000e\000d\000g\000e\000.\000f\000r\000o\000m\000.\000d\000f\000n}{section.6.7}% 272
\BOOKMARK [3][-]{subsubsection*.101}{\376\377\000E\000x\000a\000m\000p\000l\000e\000:}{subsection.6.7.8}% 273
\BOOKMARK [2][-]{subsection.6.7.9}{\376\377\000o\000f\000.\000g\000r\000o\000u\000p\000.\000c\000o\000h\000e\000l\000e\000m\000e\000n\000t\000.\000f\000r\000o\000m\000.\000d\000f\000n}{section.6.7}% 274
\BOOKMARK [3][-]{subsubsection*.102}{\376\377\000E\000x\000a\000m\000p\000l\000e\000:}{subsection.6.7.9}% 275
\BOOKMARK [2][-]{subsection.6.7.10}{\376\377\000o\000f\000.\000g\000r\000o\000u\000p\000.\000c\000o\000h\000e\000l\000e\000m\000e\000n\000t\000.\000f\000r\000o\000m\000.\000g\000b\000m}{section.6.7}% 276
\BOOKMARK [3][-]{subsubsection*.103}{\376\377\000E\000x\000a\000m\000p\000l\000e\000:}{subsection.6.7.10}% 277
\BOOKMARK [2][-]{subsection.6.7.11}{\376\377\000o\000f\000.\000g\000r\000o\000u\000p\000.\000n\000o\000d\000a\000l\000.\000b\000o\000o\000l\000.\000u\000n\000i\000o\000n}{section.6.7}% 278
\BOOKMARK [3][-]{subsubsection*.104}{\376\377\000E\000x\000a\000m\000p\000l\000e\000:}{subsection.6.7.11}% 279
\BOOKMARK [2][-]{subsection.6.7.12}{\376\377\000o\000f\000.\000g\000r\000o\000u\000p\000.\000n\000o\000d\000a\000l\000.\000b\000o\000o\000l\000.\000i\000n\000t\000e\000r\000s\000e\000c\000t}{section.6.7}% 280
\BOOKMARK [3][-]{subsubsection*.105}{\376\377\000E\000x\000a\000m\000p\000l\000e\000:}{subsection.6.7.12}% 281
\BOOKMARK [2][-]{subsection.6.7.13}{\376\377\000o\000f\000.\000g\000r\000o\000u\000p\000.\000n\000o\000d\000a\000l\000.\000b\000o\000o\000l\000.\000s\000u\000b\000t\000r\000a\000c\000t}{section.6.7}% 282
\BOOKMARK [3][-]{subsubsection*.106}{\376\377\000E\000x\000a\000m\000p\000l\000e\000:}{subsection.6.7.13}% 283
\BOOKMARK [2][-]{subsection.6.7.14}{\376\377\000o\000f\000.\000g\000r\000o\000u\000p\000.\000e\000d\000g\000e\000.\000b\000o\000o\000l\000.\000u\000n\000i\000o\000n}{section.6.7}% 284
\BOOKMARK [3][-]{subsubsection*.107}{\376\377\000E\000x\000a\000m\000p\000l\000e\000:}{subsection.6.7.14}% 285
\BOOKMARK [2][-]{subsection.6.7.15}{\376\377\000o\000f\000.\000g\000r\000o\000u\000p\000.\000e\000d\000g\000e\000.\000b\000o\000o\000l\000.\000i\000n\000t\000e\000r\000s\000e\000c\000t}{section.6.7}% 286
\BOOKMARK [3][-]{subsubsection*.108}{\376\377\000E\000x\000a\000m\000p\000l\000e\000:}{subsection.6.7.15}% 287
\BOOKMARK [2][-]{subsection.6.7.16}{\376\377\000o\000f\000.\000g\000r\000o\000u\000p\000.\000e\000d\000g\000e\000.\000b\000o\000o\000l\000.\000s\000u\000b\000t\000r\000a\000c\000t}{section.6.7}% 288
\BOOKMARK [3][-]{subsubsection*.109}{\376\377\000E\000x\000a\000m\000p\000l\000e\000:}{subsection.6.7.16}% 289
\BOOKMARK [2][-]{subsection.6.7.17}{\376\377\000o\000f\000.\000g\000r\000o\000u\000p\000.\000e\000l\000e\000m\000e\000n\000t\000.\000b\000o\000o\000l\000.\000u\000n\000i\000o\000n}{section.6.7}% 290
\BOOKMARK [3][-]{subsubsection*.110}{\376\377\000E\000x\000a\000m\000p\000l\000e\000:}{subsection.6.7.17}% 291
\BOOKMARK [2][-]{subsection.6.7.18}{\376\377\000o\000f\000.\000g\000r\000o\000u\000p\000.\000e\000l\000e\000m\000e\000n\000t\000.\000b\000o\000o\000l\000.\000i\000n\000t\000e\000r\000s\000e\000c\000t}{section.6.7}% 292
\BOOKMARK [3][-]{subsubsection*.111}{\376\377\000E\000x\000a\000m\000p\000l\000e\000:}{subsection.6.7.18}% 293
\BOOKMARK [2][-]{subsection.6.7.19}{\376\377\000o\000f\000.\000g\000r\000o\000u\000p\000.\000e\000l\000e\000m\000e\000n\000t\000.\000b\000o\000o\000l\000.\000s\000u\000b\000t\000r\000a\000c\000t}{section.6.7}% 294
\BOOKMARK [3][-]{subsubsection*.112}{\376\377\000E\000x\000a\000m\000p\000l\000e\000:}{subsection.6.7.19}% 295
\BOOKMARK [2][-]{subsection.6.7.20}{\376\377\000o\000f\000.\000g\000r\000o\000u\000p\000.\000c\000o\000h\000e\000l\000e\000m\000e\000n\000t\000.\000b\000o\000o\000l\000.\000u\000n\000i\000o\000n}{section.6.7}% 296
\BOOKMARK [3][-]{subsubsection*.113}{\376\377\000E\000x\000a\000m\000p\000l\000e\000:}{subsection.6.7.20}% 297
\BOOKMARK [2][-]{subsection.6.7.21}{\376\377\000o\000f\000.\000g\000r\000o\000u\000p\000.\000c\000o\000h\000e\000l\000e\000m\000e\000n\000t\000.\000b\000o\000o\000l\000.\000i\000n\000t\000e\000r\000s\000e\000c\000t}{section.6.7}% 298
\BOOKMARK [3][-]{subsubsection*.114}{\376\377\000E\000x\000a\000m\000p\000l\000e\000:}{subsection.6.7.21}% 299
\BOOKMARK [2][-]{subsection.6.7.22}{\376\377\000o\000f\000.\000g\000r\000o\000u\000p\000.\000c\000o\000h\000e\000l\000e\000m\000e\000n\000t\000.\000b\000o\000o\000l\000.\000s\000u\000b\000t\000r\000a\000c\000t}{section.6.7}% 300
\BOOKMARK [3][-]{subsubsection*.115}{\376\377\000E\000x\000a\000m\000p\000l\000e\000:}{subsection.6.7.22}% 301
\BOOKMARK [1][-]{section.6.8}{\376\377\000M\000e\000s\000h}{chapter.6}% 302
\BOOKMARK [2][-]{subsection.6.8.1}{\376\377\000o\000f\000.\000m\000e\000s\000h\000.\000i\000n\000s\000e\000r\000t}{section.6.8}% 303
\BOOKMARK [3][-]{subsubsection*.116}{\376\377\000E\000x\000a\000m\000p\000l\000e\000:}{subsection.6.8.1}% 304
\BOOKMARK [2][-]{subsection.6.8.2}{\376\377\000o\000f\000.\000m\000e\000s\000h\000.\000i\000n\000s\000e\000r\000t\000.\000d\000f\000n}{section.6.8}% 305
\BOOKMARK [3][-]{subsubsection*.117}{\376\377\000E\000x\000a\000m\000p\000l\000e\000:}{subsection.6.8.2}% 306
\BOOKMARK [2][-]{subsection.6.8.3}{\376\377\000o\000f\000.\000m\000e\000s\000h\000.\000v\000o\000r\000o\000n\000o\000i}{section.6.8}% 307
\BOOKMARK [3][-]{subsubsection*.118}{\376\377\000E\000x\000a\000m\000p\000l\000e\000:}{subsection.6.8.3}% 308
\BOOKMARK [2][-]{subsection.6.8.4}{\376\377\000o\000f\000.\000m\000e\000s\000h\000.\000s\000p\000l\000i\000t}{section.6.8}% 309
\BOOKMARK [3][-]{subsubsection*.119}{\376\377\000E\000x\000a\000m\000p\000l\000e\000:}{subsection.6.8.4}% 310
\BOOKMARK [2][-]{subsection.6.8.5}{\376\377\000o\000f\000.\000m\000e\000s\000h\000.\000b\000a\000r\000y}{section.6.8}% 311
\BOOKMARK [3][-]{subsubsection*.120}{\376\377\000E\000x\000a\000m\000p\000l\000e\000:}{subsection.6.8.5}% 312
\BOOKMARK [2][-]{subsection.6.8.6}{\376\377\000o\000f\000.\000m\000e\000s\000h\000.\000R\000G}{section.6.8}% 313
\BOOKMARK [3][-]{subsubsection*.121}{\376\377\000E\000x\000a\000m\000p\000l\000e\000:}{subsection.6.8.6}% 314
\BOOKMARK [2][-]{subsection.6.8.7}{\376\377\000o\000f\000.\000m\000e\000s\000h\000.\000R\000G\000B}{section.6.8}% 315
\BOOKMARK [3][-]{subsubsection*.122}{\376\377\000E\000x\000a\000m\000p\000l\000e\000:}{subsection.6.8.7}% 316
\BOOKMARK [2][-]{subsection.6.8.8}{\376\377\000o\000f\000.\000m\000e\000s\000h\000.\000N\000V\000B}{section.6.8}% 317
\BOOKMARK [3][-]{subsubsection*.123}{\376\377\000E\000x\000a\000m\000p\000l\000e\000:}{subsection.6.8.8}% 318
\BOOKMARK [2][-]{subsection.6.8.9}{\376\377\000o\000f\000.\000m\000e\000s\000h\000.\000b\000a\000r\000y\000G\000B}{section.6.8}% 319
\BOOKMARK [3][-]{subsubsection*.124}{\376\377\000E\000x\000a\000m\000p\000l\000e\000:}{subsection.6.8.9}% 320
\BOOKMARK [1][-]{section.6.9}{\376\377\000M\000a\000t\000e\000r\000i\000a\000l}{chapter.6}% 321
\BOOKMARK [2][-]{subsection.6.9.1}{\376\377\000o\000f\000.\000m\000a\000t\000.\000e\000l\000e\000m\000e\000n\000t}{section.6.9}% 322
\BOOKMARK [3][-]{subsubsection*.125}{\376\377\000E\000x\000a\000m\000p\000l\000e\000:}{subsection.6.9.1}% 323
\BOOKMARK [2][-]{subsection.6.9.2}{\376\377\000o\000f\000.\000m\000a\000t\000.\000c\000o\000h\000e\000s\000i\000v\000e}{section.6.9}% 324
\BOOKMARK [3][-]{subsubsection*.126}{\376\377\000E\000x\000a\000m\000p\000l\000e\000:}{subsection.6.9.2}% 325
\BOOKMARK [2][-]{subsection.6.9.3}{\376\377\000o\000f\000.\000m\000a\000t\000.\000c\000o\000n\000t\000a\000c\000t}{section.6.9}% 326
\BOOKMARK [3][-]{subsubsection*.127}{\376\377\000E\000x\000a\000m\000p\000l\000e\000:}{subsection.6.9.3}% 327
\BOOKMARK [2][-]{subsection.6.9.4}{\376\377\000o\000f\000.\000m\000a\000t\000.\000h\000y\000d\000r\000o\000.\000m\000a\000t\000r\000i\000x}{section.6.9}% 328
\BOOKMARK [2][-]{subsection.6.9.5}{\376\377\000o\000f\000.\000m\000a\000t\000.\000h\000y\000d\000r\000o\000.\000f\000r\000a\000c\000t\000u\000r\000e}{section.6.9}% 329
\BOOKMARK [2][-]{subsection.6.9.6}{\376\377\000o\000f\000.\000m\000a\000t\000.\000m\000p\000m\000.\000f\000l\000u\000i\000d}{section.6.9}% 330
\BOOKMARK [2][-]{subsection.6.9.7}{\376\377\000o\000f\000.\000m\000a\000t\000.\000m\000p\000m\000.\000s\000o\000l\000i\000d}{section.6.9}% 331
\BOOKMARK [2][-]{subsection.6.9.8}{\376\377\000o\000f\000.\000m\000a\000t\000.\000h\000y\000d\000r\000o\000.\000f\000l\000u\000i\000d}{section.6.9}% 332
\BOOKMARK [2][-]{subsection.6.9.9}{\376\377\000o\000f\000.\000m\000a\000t\000.\000h\000y\000d\000r\000o\000.\000g\000a\000s}{section.6.9}% 333
\BOOKMARK [2][-]{subsection.6.9.10}{\376\377\000o\000f\000.\000m\000a\000t\000.\000n\000o\000n\000l\000o\000c\000a\000l}{section.6.9}% 334
\BOOKMARK [2][-]{subsection.6.9.11}{\376\377\000o\000f\000.\000m\000a\000t\000.\000t\000h\000e\000r\000m\000a\000l}{section.6.9}% 335
\BOOKMARK [1][-]{section.6.10}{\376\377\000H\000i\000s\000t\000o\000r\000y}{chapter.6}% 336
\BOOKMARK [2][-]{subsection.6.10.1}{\376\377\000o\000f\000.\000h\000i\000s\000t\000o\000r\000y\000.\000p\000v\000.\000i\000n\000t\000e\000r\000v\000a\000l}{section.6.10}% 337
\BOOKMARK [3][-]{subsubsection*.128}{\376\377\000E\000x\000a\000m\000p\000l\000e\000:}{subsection.6.10.1}% 338
\BOOKMARK [2][-]{subsection.6.10.2}{\376\377\000o\000f\000.\000h\000i\000s\000t\000o\000r\000y\000.\000p\000v\000.\000d\000y\000n\000a\000m\000i\000c\000.\000i\000n\000t\000e\000r\000v\000a\000l}{section.6.10}% 339
\BOOKMARK [3][-]{subsubsection*.129}{\376\377\000E\000x\000a\000m\000p\000l\000e\000:}{subsection.6.10.2}% 340
\BOOKMARK [2][-]{subsection.6.10.3}{\376\377\000o\000f\000.\000h\000i\000s\000t\000o\000r\000y\000.\000p\000v\000.\000f\000i\000e\000l\000d}{section.6.10}% 341
\BOOKMARK [3][-]{subsubsection*.130}{\376\377\000E\000x\000a\000m\000p\000l\000e\000:}{subsection.6.10.3}% 342
\BOOKMARK [2][-]{subsection.6.10.4}{\376\377\000o\000f\000.\000h\000i\000s\000t\000o\000r\000y\000.\000p\000v\000.\000f\000r\000a\000c\000t\000u\000r\000e}{section.6.10}% 343
\BOOKMARK [3][-]{subsubsection*.131}{\376\377\000E\000x\000a\000m\000p\000l\000e\000:}{subsection.6.10.4}% 344
\BOOKMARK [2][-]{subsection.6.10.5}{\376\377\000o\000f\000.\000h\000i\000s\000t\000o\000r\000y\000.\000p\000v\000.\000c\000o\000h\000e\000s\000i\000v\000e}{section.6.10}% 345
\BOOKMARK [3][-]{subsubsection*.132}{\376\377\000E\000x\000a\000m\000p\000l\000e\000:}{subsection.6.10.5}% 346
\BOOKMARK [2][-]{subsection.6.10.6}{\376\377\000o\000f\000.\000h\000i\000s\000t\000o\000r\000y\000.\000p\000v\000.\000d\000a\000m\000a\000g\000e}{section.6.10}% 347
\BOOKMARK [3][-]{subsubsection*.133}{\376\377\000E\000x\000a\000m\000p\000l\000e\000:}{subsection.6.10.6}% 348
\BOOKMARK [2][-]{subsection.6.10.7}{\376\377\000o\000f\000.\000h\000i\000s\000t\000o\000r\000y\000.\000p\000v\000.\000a\000e}{section.6.10}% 349
\BOOKMARK [3][-]{subsubsection*.134}{\376\377\000E\000x\000a\000m\000p\000l\000e\000:}{subsection.6.10.7}% 350
\BOOKMARK [1][-]{section.6.11}{\376\377\000G\000e\000n\000e\000r\000a\000l}{chapter.6}% 351
\BOOKMARK [1][-]{section.6.12}{\376\377\000B\000l\000a\000s\000t}{chapter.6}% 352
\BOOKMARK [1][-]{section.6.13}{\376\377\000B\000o\000u\000n\000d\000a\000r\000y\000\040\000C\000o\000n\000d\000i\000t\000i\000o\000n\000s}{chapter.6}% 353
\BOOKMARK [1][-]{section.6.14}{\376\377\000D\000F\000N}{chapter.6}% 354
\BOOKMARK [1][-]{section.6.15}{\376\377\000F\000E\000M}{chapter.6}% 355
\BOOKMARK [1][-]{section.6.16}{\376\377\000G\000e\000o\000m\000e\000t\000r\000y}{chapter.6}% 356
\BOOKMARK [1][-]{section.6.17}{\376\377\000G\000r\000o\000u\000p}{chapter.6}% 357
\BOOKMARK [1][-]{section.6.18}{\376\377\000M\000e\000s\000h}{chapter.6}% 358
\BOOKMARK [1][-]{section.6.19}{\376\377\000M\000a\000t\000e\000r\000i\000a\000l}{chapter.6}% 359
\BOOKMARK [1][-]{section.6.20}{\376\377\000H\000i\000s\000t\000o\000r\000y}{chapter.6}% 360
\BOOKMARK [0][-]{chapter.7}{\376\377\000C\000o\000m\000m\000o\000n\000\040\000c\000l\000a\000s\000s}{}% 361
\BOOKMARK [0][-]{chapter.8}{\376\377\000G\000e\000o\000m\000e\000t\000r\000y\000\040\000c\000l\000a\000s\000s}{}% 362
\BOOKMARK [1][-]{section.8.1}{\376\377\000L\000I\000C\000E\000N\000S\000E}{chapter.8}% 363
\BOOKMARK [1][-]{section.8.2}{\376\377\000L\000I\000C\000E\000N\000S\000E}{chapter.8}% 364
\BOOKMARK [1][-]{section.8.3}{\376\377\000L\000I\000C\000E\000N\000S\000E}{chapter.8}% 365
\BOOKMARK [1][-]{section.8.4}{\376\377\000L\000I\000C\000E\000N\000S\000E}{chapter.8}% 366
\BOOKMARK [0][-]{chapter.9}{\376\377\000S\000o\000l\000i\000d\000\040\000c\000l\000a\000s\000s}{}% 367
\BOOKMARK [0][-]{chapter.10}{\376\377\000I\000n\000d\000e\000x}{}% 368
