\BOOKMARK [0][-]{chapter.1}{\376\377\000F\000e\000a\000t\000u\000r\000e\000s\000\040\000a\000n\000d\000\040\000A\000b\000o\000u\000t\000\040\000O\000p\000e\000n\000F\000D\000E\000M}{}% 1
\BOOKMARK [1][-]{section.1.1}{\376\377\000D\000o\000c\000u\000m\000e\000n\000t\000a\000t\000i\000o\000n}{chapter.1}% 2
\BOOKMARK [0][-]{chapter.2}{\376\377\000S\000y\000s\000t\000e\000m\000\040\000R\000e\000q\000u\000i\000r\000e\000m\000e\000n\000t\000s}{}% 3
\BOOKMARK [1][-]{section.2.1}{\376\377\000B\000u\000i\000l\000d\000\040\000R\000e\000q\000u\000i\000r\000e\000m\000e\000n\000t\000s}{chapter.2}% 4
\BOOKMARK [1][-]{section.2.2}{\376\377\000P\000o\000s\000t\000-\000P\000r\000o\000c\000e\000s\000s\000i\000n\000g}{chapter.2}% 5
\BOOKMARK [1][-]{section.2.3}{\376\377\000I\000m\000p\000l\000i\000c\000i\000t\000\040\000S\000t\000a\000t\000i\000c\000/\000N\000o\000n\000-\000L\000i\000n\000e\000a\000r\000\040\000S\000o\000l\000v\000e\000r\000s}{chapter.2}% 6
\BOOKMARK [0][-]{chapter.3}{\376\377\000Q\000u\000i\000c\000k\000\040\000S\000t\000a\000r\000t\000\040\000f\000o\000r\000\040\000D\000e\000v\000e\000l\000o\000p\000e\000r\000s}{}% 7
\BOOKMARK [1][-]{section.3.1}{\376\377\000S\000o\000u\000r\000c\000e\000\040\000C\000o\000d\000e\000\040\000D\000o\000w\000n\000l\000o\000a\000d}{chapter.3}% 8
\BOOKMARK [1][-]{section.3.2}{\376\377\000S\000y\000s\000t\000e\000m\000\040\000R\000e\000q\000u\000i\000r\000e\000m\000e\000n\000t\000s}{chapter.3}% 9
\BOOKMARK [0][-]{chapter.4}{\376\377\000C\000o\000p\000y\000r\000i\000g\000h\000t}{}% 10
\BOOKMARK [0][-]{chapter.5}{\376\377\000T\000u\000t\000o\000r\000i\000a\000l\000\040\0001\000:\000\040\000U\000C\000S\000\040\000m\000o\000d\000e\000l\000\040\000f\000r\000o\000m\000\040\000G\000m\000s\000h}{}% 11
\BOOKMARK [1][-]{section.5.1}{\376\377\000T\000u\000t\000o\000r\000i\000a\000l\000\040\000P\000r\000e\000r\000e\000q\000u\000i\000s\000t\000e\000s}{chapter.5}% 12
\BOOKMARK [1][-]{section.5.2}{\376\377\000T\000u\000t\000o\000r\000i\000a\000l\000\040\000S\000t\000e\000p\000s}{chapter.5}% 13
\BOOKMARK [0][-]{chapter.6}{\376\377\000T\000u\000t\000o\000r\000i\000a\000l\000\040\0002\000:\000\040\000I\000n\000\040\000S\000i\000t\000u\000\040\000S\000t\000r\000e\000s\000s\000\040\000T\000u\000t\000o\000r\000i\000a\000l}{}% 14
\BOOKMARK [1][-]{section.6.1}{\376\377\000T\000u\000t\000o\000r\000i\000a\000l\000\040\000R\000e\000s\000o\000u\000r\000c\000e\000s}{chapter.6}% 15
\BOOKMARK [1][-]{section.6.2}{\376\377\000T\000u\000t\000o\000r\000i\000a\000l\000\040\000S\000t\000e\000p\000s}{chapter.6}% 16
\BOOKMARK [0][-]{chapter.7}{\376\377\000T\000u\000t\000o\000r\000i\000a\000l\000\040\0003\000:\000\040\000P\000r\000e\000s\000s\000u\000r\000e\000\040\000M\000e\000t\000h\000o\000d}{}% 17
\BOOKMARK [1][-]{section.7.1}{\376\377\000F\000u\000l\000l\000\040\000T\000u\000t\000o\000r\000i\000a\000l\000\040\000S\000c\000r\000i\000p\000t}{chapter.7}% 18
\BOOKMARK [0][-]{chapter.8}{\376\377\000g\000e\000n\000e\000r\000a\000l\000\040\000c\000o\000m\000m\000a\000n\000d\000s}{}% 19
\BOOKMARK [1][-]{section.8.1}{\376\377\000o\000f\000.\000n\000e\000w}{chapter.8}% 20
\BOOKMARK [1][-]{section.8.2}{\376\377\000o\000f\000.\000r\000e\000s\000t\000o\000r\000e}{chapter.8}% 21
\BOOKMARK [1][-]{section.8.3}{\376\377\000o\000f\000.\000r\000e\000s\000u\000l\000t}{chapter.8}% 22
\BOOKMARK [1][-]{section.8.4}{\376\377\000o\000f\000.\000s\000a\000v\000e}{chapter.8}% 23
\BOOKMARK [1][-]{section.8.5}{\376\377\000o\000f\000.\000i\000m\000p\000o\000r\000t}{chapter.8}% 24
\BOOKMARK [1][-]{section.8.6}{\376\377\000o\000f\000.\000d\000e\000b\000u\000g\000\040\000o\000n}{chapter.8}% 25
\BOOKMARK [0][-]{chapter.9}{\376\377\000c\000o\000n\000f\000i\000g}{}% 26
\BOOKMARK [1][-]{section.9.1}{\376\377\000o\000f\000.\000c\000o\000n\000f\000i\000g\000.\000t\000y\000p\000e\000\040\000p\000l\000a\000n\000e\000s\000t\000r\000e\000s\000s\000/\000p\000l\000a\000n\000e\000s\000t\000r\000a\000i\000n}{chapter.9}% 27
\BOOKMARK [1][-]{section.9.2}{\376\377\000o\000f\000.\000c\000o\000n\000f\000i\000g\000.\000m\000o\000d\000u\000l\000e\000\040\000h\000y\000d\000r\000o\000/\000b\000l\000a\000s\000t\000/\000t\000h\000e\000r\000m\000a\000l}{chapter.9}% 28
\BOOKMARK [0][-]{chapter.10}{\376\377\000g\000e\000o\000m\000e\000t\000r\000y}{}% 29
\BOOKMARK [1][-]{section.10.1}{\376\377\000o\000f\000.\000g\000e\000o\000m\000e\000t\000r\000y\000.\000s\000q\000u\000a\000r\000e\000\040\000n\000a\000m\000e\000\040\000x\0000\000\040\000y\0000\000\040\000x\0001\000\040\000y\0001\000\040\000x\0002\000\040\000y\0002\000\040\000x\0003\000\040\000y\0003}{chapter.10}% 30
\BOOKMARK [1][-]{section.10.2}{\376\377\000o\000f\000.\000g\000e\000o\000m\000e\000t\000r\000y\000.\000p\000o\000l\000y\000g\000o\000n\000\040\000n\000a\000m\000e\000\040\000n\000\040\000x\0000\000\040\000y\0000\000\040\000x\0001\000\040\000y\0001\000\040\000x\0002\000\040\000y\0002\000\040\000x\0003\000\040\000y\0003}{chapter.10}% 31
\BOOKMARK [1][-]{section.10.3}{\376\377\000o\000f\000.\000g\000e\000o\000m\000e\000t\000r\000y\000.\000t\000a\000b\000l\000e\000\040\000n\000a\000m\000e\000\040\040\030\000t\000a\000b\000l\000e\000.\000t\000a\000b\040\031}{chapter.10}% 32
\BOOKMARK [1][-]{section.10.4}{\376\377\000o\000f\000.\000g\000e\000o\000m\000e\000t\000r\000y\000.\000c\000i\000r\000c\000l\000e\000\040\000n\000a\000m\000e\000\040\000x\0000\000\040\000y\0000\000\040\000r\000\040\000n}{chapter.10}% 33
\BOOKMARK [1][-]{section.10.5}{\376\377\000o\000f\000.\000g\000e\000o\000m\000e\000t\000r\000y\000.\000e\000l\000l\000i\000p\000s\000e\000\040\000n\000a\000m\000e\000\040\000x\0000\000\040\000y\0000\000\040\000r\000m\000a\000x\000\040\000r\000m\000i\000n\000\040\000t\000h\000e\000t\000a\000\040\000n}{chapter.10}% 34
\BOOKMARK [1][-]{section.10.6}{\376\377\000o\000f\000.\000g\000e\000o\000m\000e\000t\000r\000y\000.\000c\000u\000t\000.\000s\000q\000u\000a\000r\000e\000\040\000n\000a\000m\000e\000\040\000n\000a\000m\000e\0002\000\040\000x\0000\000\040\000y\0000\000\040\000x\0001\000\040\000y\0001\000\040\000x\0002\000\040\000y\0002\000\040\000x\0003\000\040\000y\0003}{chapter.10}% 35
\BOOKMARK [1][-]{section.10.7}{\376\377\000o\000f\000.\000g\000e\000o\000m\000e\000t\000r\000y\000.\000c\000u\000t\000.\000p\000o\000l\000y\000g\000o\000n\000\040\000n\000a\000m\000e\000\040\000n\000a\000m\000e\0002\000\040\000n\000\040\000x\0000\000\040\000y\0000\000\040\000x\0001\000\040\000y\0001\000\040\000x\0002\000\040\000y\0002\000\040\000x\0003\000\040\000y\0003}{chapter.10}% 36
\BOOKMARK [1][-]{section.10.8}{\376\377\000o\000f\000.\000g\000e\000o\000m\000e\000t\000r\000y\000.\000c\000u\000t\000.\000t\000a\000b\000l\000e\000\040\000n\000a\000m\000e\000\040\000n\000a\000m\000e\0002\000\040\040\030\000t\000a\000b\000l\000e\000.\000t\000a\000b\040\031}{chapter.10}% 37
\BOOKMARK [1][-]{section.10.9}{\376\377\000o\000f\000.\000g\000e\000o\000m\000e\000t\000r\000y\000.\000c\000u\000t\000.\000c\000i\000r\000c\000l\000e\000\040\000n\000a\000m\000e\000\040\000n\000a\000m\000e\0002\000\040\000x\0000\000\040\000y\0000\000\040\000r\000\040\000n}{chapter.10}% 38
\BOOKMARK [1][-]{section.10.10}{\376\377\000o\000f\000.\000g\000e\000o\000m\000e\000t\000r\000y\000.\000c\000u\000t\000.\000e\000l\000l\000i\000p\000s\000e\000\040\000n\000a\000m\000e\000\040\000n\000a\000m\000e\0002\000\040\000x\0000\000\040\000y\0000\000\040\000r\000m\000a\000x\000\040\000r\000m\000i\000n\000\040\000t\000h\000e\000t\000a\000\040\000n}{chapter.10}% 39
\BOOKMARK [1][-]{section.10.11}{\376\377\000o\000f\000.\000g\000e\000o\000m\000e\000t\000r\000y\000.\000c\000u\000t\000.\000j\000s\000e\000t\000\040\000n\000a\000m\000e\000\040\000n\000a\000m\000e\0002\000\040\000d\000i\000p\000\040\000l\000e\000n\000g\000t\000h\000\040\000s\000p\000a\000c\000e\000\040\000g\000a\000p}{chapter.10}% 40
\BOOKMARK [1][-]{section.10.12}{\376\377\000o\000f\000.\000g\000e\000o\000m\000e\000t\000r\000y\000.\000c\000u\000t\000.\000d\000f\000n\000\040\000n\000a\000m\000e\000\040\000n\000a\000m\000e\0002\000\040\000m\000e\000t\000h\000o\000d\000\040\000d\000i\000p\000\040\000l\000e\000n\000g\000t\000h}{chapter.10}% 41
\BOOKMARK [1][-]{section.10.13}{\376\377\000o\000f\000.\000g\000e\000o\000m\000e\000t\000r\000y\000.\000i\000m\000p\000o\000r\000t\000.\000r\000d\000f\000n\000\040\000p\000i\000x\000e\000l\000\137\000r\000a\000t\000i\000o\000\040\000n\000a\000m\000e\000\040\000n\000a\000m\000e\0002\000\040\000n\000a\000m\000e}{chapter.10}% 42
\BOOKMARK [1][-]{section.10.14}{\376\377\000o\000f\000.\000g\000e\000o\000m\000e\000t\000r\000y\000.\000r\000e\000m\000o\000v\000e\000.\000s\000q\000u\000a\000r\000e\000\040\000n\000a\000m\000e\000\040\000n\000a\000m\000e\0002\000\040\000x\0000\000\040\000y\0000\000\040\000x\0001\000\040\000y\0001\000\040\000x\0002\000\040\000y\0002\000\040\000x\0003\000\040\000y\0003}{chapter.10}% 43
\BOOKMARK [1][-]{section.10.15}{\376\377\000o\000f\000.\000g\000e\000o\000m\000e\000t\000r\000y\000.\000r\000e\000m\000o\000v\000e\000.\000p\000o\000l\000y\000g\000o\000n\000\040\000n\000a\000m\000e\000\040\000n\000a\000m\000e\0002\000\040\000n\000\040\000x\0000\000\040\000y\0000\000\040\000x\0001\000\040\000y\0001\000\040\000x\0002\000\040\000y\0002\000\040\000x\0003\000\040\000y\0003}{chapter.10}% 44
\BOOKMARK [1][-]{section.10.16}{\376\377\000o\000f\000.\000g\000e\000o\000m\000e\000t\000r\000y\000.\000r\000e\000m\000o\000v\000e\000.\000t\000a\000b\000l\000e\000\040\000n\000a\000m\000e\000\040\000n\000a\000m\000e\0002\000\040\040\030\000t\000a\000b\000l\000e\000.\000t\000a\000b\040\031}{chapter.10}% 45
\BOOKMARK [1][-]{section.10.17}{\376\377\000o\000f\000.\000g\000e\000o\000m\000e\000t\000r\000y\000.\000r\000e\000m\000o\000v\000e\000.\000c\000i\000r\000c\000l\000e\000\040\000n\000a\000m\000e\000\040\000n\000a\000m\000e\0002\000\040\000x\0001\000\040\000y\0001\000\040\000r\000\040\000n}{chapter.10}% 46
\BOOKMARK [1][-]{section.10.18}{\376\377\000o\000f\000.\000g\000e\000o\000m\000e\000t\000r\000y\000.\000r\000e\000m\000o\000v\000e\000.\000e\000l\000l\000i\000p\000s\000e\000\040\000n\000a\000m\000e\000\040\000n\000a\000m\000e\0002\000\040\000x\0000\000\040\000y\0000\000\040\000r\000m\000a\000x\000\040\000r\000m\000i\000n\000\040\000t\000h\000e\000t\000a\000\040\000n}{chapter.10}% 47
\BOOKMARK [1][-]{section.10.19}{\376\377\000o\000f\000.\000g\000e\000o\000m\000e\000t\000r\000y\000.\000m\000e\000s\000h\000.\000s\000i\000z\000e\000\040\000n\000a\000m\000e\000\040\000d\000e\000f\000a\000u\000l\000t}{chapter.10}% 48
\BOOKMARK [1][-]{section.10.20}{\376\377\000o\000f\000.\000g\000e\000o\000m\000e\000t\000r\000y\000.\000m\000e\000s\000h\000\040\000k\000e\000y\000w\000o\000r\000d}{chapter.10}% 49
\BOOKMARK [0][-]{chapter.11}{\376\377\000m\000e\000s\000h\000\137\000i\000n\000s\000e\000r\000t}{}% 50
\BOOKMARK [1][-]{section.11.1}{\376\377\000o\000f\000.\000m\000e\000s\000h\000.\000i\000n\000s\000e\000r\000t\000\040\000e\000l\000e\000m\000e\000n\000t\000g\000r\000o\000u\000p}{chapter.11}% 51
\BOOKMARK [0][-]{chapter.12}{\376\377\000n\000o\000d\000a\000l}{}% 52
\BOOKMARK [1][-]{section.12.1}{\376\377\000o\000f\000.\000n\000o\000d\000a\000l\000.\000c\000o\000o\000r\000d\000\040\000n\000u\000m\000b\000e\000r\000\137\000n\000o\000d\000e\000s}{chapter.12}% 53
\BOOKMARK [0][-]{chapter.13}{\376\377\000e\000l\000e\000m\000e\000n\000t}{}% 54
\BOOKMARK [1][-]{section.13.1}{\376\377\000o\000f\000.\000e\000l\000e\000m\000e\000n\000t\000.\000c\000o\000n\000n\000e\000c\000t\000i\000v\000i\000t\000y\000\040\000n\000u\000m\000b\000e\000r\000\137\000n\000o\000d\000e\000s\000\040\000n\000u\000m\000b\000e\000r\000\137\000e\000l\000e\000m\000e\000n\000t\000s}{chapter.13}% 55
\BOOKMARK [0][-]{chapter.14}{\376\377\000c\000o\000n\000t\000a\000c\000t}{}% 56
\BOOKMARK [1][-]{section.14.1}{\376\377\000o\000f\000.\000c\000o\000n\000t\000a\000c\000t\000.\000d\000e\000t\000e\000c\000t\000i\000o\000n\000\040\000n\000b\000s}{chapter.14}% 57
\BOOKMARK [1][-]{section.14.2}{\376\377\000o\000f\000.\000c\000o\000n\000t\000a\000c\000t\000.\000f\000o\000r\000c\000e\000\040\000l\000i\000g}{chapter.14}% 58
\BOOKMARK [0][-]{chapter.15}{\376\377\000c\000o\000h\000e\000l\000e\000m\000e\000n\000t}{}% 59
\BOOKMARK [1][-]{section.15.1}{\376\377\000o\000f\000.\000c\000o\000h\000e\000l\000e\000m\000e\000n\000t\000.\000d\000e\000l\000e\000t\000e\000\040\000c\000o\000h\000e\000l\000e\000m\000e\000n\000t\000g\000r\000o\000u\000p}{chapter.15}% 60
\BOOKMARK [0][-]{chapter.16}{\376\377\000g\000r\000o\000u\000p}{}% 61
\BOOKMARK [1][-]{section.16.1}{\376\377\000n\000o\000d\000a\000l\000\040\000g\000r\000o\000u\000p\000s}{chapter.16}% 62
\BOOKMARK [1][-]{section.16.2}{\376\377\000b\000o\000o\000l}{chapter.16}% 63
\BOOKMARK [1][-]{section.16.3}{\376\377\000e\000l\000e\000m\000e\000n\000t}{chapter.16}% 64
\BOOKMARK [1][-]{section.16.4}{\376\377\000c\000o\000h\000e\000s\000i\000v\000e\000\040\000e\000l\000e\000m\000e\000n\000t}{chapter.16}% 65
\BOOKMARK [0][-]{chapter.17}{\376\377\000b\000o\000u\000n\000d\000a\000r\000y}{}% 66
\BOOKMARK [1][-]{section.17.1}{\376\377\000n\000o\000d\000a\000l}{chapter.17}% 67
\BOOKMARK [1][-]{section.17.2}{\376\377\000n\000o\000d\000a\000l\000\040\000l\000o\000c\000a\000l\000\040\000e\000d\000g\000e}{chapter.17}% 68
\BOOKMARK [1][-]{section.17.3}{\376\377\000n\000o\000d\000a\000l\000\040\000t\000a\000b\000l\000e}{chapter.17}% 69
\BOOKMARK [1][-]{section.17.4}{\376\377\000h\000y\000d\000r\000o}{chapter.17}% 70
\BOOKMARK [1][-]{section.17.5}{\376\377\000b\000l\000a\000s\000t}{chapter.17}% 71
\BOOKMARK [1][-]{section.17.6}{\376\377\000e\000l\000e\000m\000e\000n\000t}{chapter.17}% 72
\BOOKMARK [1][-]{section.17.7}{\376\377\000t\000h\000e\000r\000m\000a\000l}{chapter.17}% 73
\BOOKMARK [0][-]{chapter.18}{\376\377\000m\000a\000t\000e\000r\000i\000a\000l}{}% 74
\BOOKMARK [1][-]{section.18.1}{\376\377\000o\000f\000.\000m\000a\000t\000.\000e\000l\000e\000m\000e\000n\000t\000\040\000e\000l\000e\000m\000e\000n\000t\000g\000r\000o\000u\000p\000n\000a\000m\000e\000\050\000a\000l\000l\000\051\000\040\000m\000o\000d\000e\000l\000n\000a\000m\000e\000\040\000p\0001\000\040\000p\0002\000\040\000p\0003\000\040\040\046}{chapter.18}% 75
\BOOKMARK [1][-]{section.18.2}{\376\377\000o\000f\000.\000m\000a\000t\000.\000p\000a\000r\000t\000i\000c\000l\000e\000\040\000e\000l\000e\000m\000e\000n\000t\000g\000r\000o\000u\000p\000n\000a\000m\000e\000\050\000a\000l\000l\000\051\000\040\000m\000o\000d\000e\000l\000n\000a\000m\000e\000\040\000p\0001\000\040\000p\0002\000\040\000p\0003\000\040\040\046}{chapter.18}% 76
\BOOKMARK [1][-]{section.18.3}{\376\377\000o\000f\000.\000m\000a\000t\000.\000c\000o\000h\000e\000s\000i\000v\000e\000\040\000c\000o\000h\000e\000l\000e\000m\000e\000n\000t\000g\000r\000o\000u\000p\000n\000a\000m\000e\000\050\000a\000l\000l\000\051\000\040\000m\000o\000d\000e\000l\000n\000a\000m\000e\000\040\000p\0001\000\040\000p\0002\000\040\000p\0003\000\040\040\046}{chapter.18}% 77
\BOOKMARK [1][-]{section.18.4}{\376\377\000o\000f\000.\000m\000a\000t\000.\000\040\000c\000o\000h\000e\000s\000i\000v\000e\000\040\040\030\000r\000o\000c\000k\040\031\000\040\000e\000m\000\137\000h\000e\000t\000\040\000p\000o\000w\000e\000r\000\040\0000\000.\0005\000\040\000d\000i\000p\000\040\0003\0005\000\040\000t\000e\000n\000\040\0003\0000\000e\0006\000\040\0003\000e\0006\000\040\000c\000o\000h\000\040\0003\0000\000e\0006\000\040\0003\000e\0006\000\040\000f\000r\000i\000c\000\040\0000\000.\0003\000\040\0000\000\040\000g\000i\000\040\0001\0000\0000\000\040\0002\0000\000\040\000g\000i\000i\000\040\0003\0000\0000\000\040\0003\0000\000\040\000\050\000p\000o\000w\000e\000r\000,\000\040\000d\000i\000p\000,\000\040\000m\000e\000a\000n\000\040\000p\000n\000,\000\040\000d\000e\000v\000\040\000p\000n\000,\000\040\000m\000e\000a\000n\000\040\000p\000t\000,\000\040\000d\000e\000v\000\040\000p\000t\000,\000\040\000m\000e\000a\000n\000\040\000t\000e\000n\000,\000\040\000d\000e\000v\000\040\000t\000e\000n\000,\000\040\000m\000e\000a\000n\000\040\000c\000o\000h\000,\000\040\000d\000e\000v\000\040\000c\000o\000h\000,\000\040\000m\000e\000a\000n\000\040\000f\000r\000i\000,\000\040\000d\000e\000v\000\040\000f\000r\000i\000,\000\040\000m\000e\000a\000n\000\040\000g\000i\000,\000\040\000d\000e\000v\000\040\000g\000i\000,\000\040\000m\000e\000a\000n\000\040\000g\000i\000i\000,\000\040\000d\000e\000v\000\040\000g\000i\000i\000\051}{chapter.18}% 78
\BOOKMARK [1][-]{section.18.5}{\376\377\000o\000f\000.\000m\000a\000t\000.\000c\000o\000n\000t\000a\000c\000t\000\040\000e\000l\000e\000m\000e\000n\000t\000g\000r\000o\000u\000p\000n\000a\000m\000e\0001\000\040\000e\000l\000e\000m\000e\000n\000t\000g\000r\000o\000u\000p\000n\000a\000m\000e\0002\000\050\000a\000l\000l\000\051\000\040\000m\000o\000d\000e\000l\000n\000a\000m\000e\000\040\000p\0001\000\040\000p\0002\000\040\000p\0003\000\040\040\046}{chapter.18}% 79
\BOOKMARK [0][-]{chapter.19}{\376\377\000g\000b\000m}{}% 80
\BOOKMARK [1][-]{section.19.1}{\376\377\000o\000f\000.\000g\000b\000m\000\040\000n\000u\000m\000b\000e\000r\000o\000f\000m\000i\000n\000e\000r\000a\000l\000s\000\040\000m\0001\000\137\000n\000a\000m\000e\000\040\000r\000a\000t\000i\000o\000\040\000m\0002\000\137\000n\000a\000m\000e\000\040\000r\000a\000t\000i\000o\000\040\040\046}{chapter.19}% 81
\BOOKMARK [0][-]{chapter.20}{\376\377\000h\000i\000s\000t\000o\000r\000y}{}% 82
\BOOKMARK [1][-]{section.20.1}{\376\377\000o\000f\000.\000h\000i\000s\000t\000o\000r\000y\000.\000n\000o\000d\000a\000l\000.\000f\000o\000r\000c\000e\000\040\000i\000d\000\040\000x\0001\000\040\000y\0001}{chapter.20}% 83
\BOOKMARK [1][-]{section.20.2}{\376\377\000o\000f\000.\000h\000i\000s\000t\000o\000r\000y\000.\000n\000o\000d\000a\000l\000.\000v\000e\000l\000\040\000i\000d\000\040\000x\0001\000\040\000y\0001}{chapter.20}% 84
\BOOKMARK [1][-]{section.20.3}{\376\377\000o\000f\000.\000h\000i\000s\000t\000o\000r\000y\000.\000n\000o\000d\000a\000l\000.\000d\000i\000s\000\040\000i\000d\000\040\000x\0001\000\040\000y\0001}{chapter.20}% 85
\BOOKMARK [1][-]{section.20.4}{\376\377\000o\000f\000.\000h\000i\000s\000t\000o\000r\000y\000.\000n\000o\000d\000a\000l\000.\000f\000l\000u\000i\000d\000.\000p\000r\000e\000s\000s\000u\000r\000e\000\040\000i\000d\000\040\000x\0001\000\040\000y\0001}{chapter.20}% 86
\BOOKMARK [1][-]{section.20.5}{\376\377\000o\000f\000.\000h\000i\000s\000t\000o\000r\000y\000.\000n\000o\000d\000a\000l\000.\000f\000r\000a\000c\000t\000u\000r\000e\000.\000p\000r\000e\000s\000s\000u\000r\000e\000\040\000i\000d\000\040\000x\0001\000\040\000y\0001}{chapter.20}% 87
\BOOKMARK [1][-]{section.20.6}{\376\377\000o\000f\000.\000h\000i\000s\000t\000o\000r\000y\000.\000n\000o\000d\000a\000l\000.\000m\000a\000t\000r\000i\000x\000.\000p\000r\000e\000s\000s\000u\000r\000e\000\040\000i\000d\000\040\000x\0001\000\040\000y\0001}{chapter.20}% 88
\BOOKMARK [1][-]{section.20.7}{\376\377\000o\000f\000.\000h\000i\000s\000t\000o\000r\000y\000.\000n\000o\000d\000a\000l\000.\000t\000e\000m\000p\000e\000r\000a\000t\000u\000r\000e\000\040\000i\000d\000\040\000x\0001\000\040\000y\0001}{chapter.20}% 89
\BOOKMARK [1][-]{section.20.8}{\376\377\000o\000f\000.\000h\000i\000s\000t\000o\000r\000y\000.\000n\000o\000d\000a\000l\000.\000g\000r\000o\000u\000p\000.\000f\000o\000r\000c\000e\000\040\000i\000d\000\040\000g\000r\000o\000u\000p\000n\000a\000m\000e}{chapter.20}% 90
\BOOKMARK [1][-]{section.20.9}{\376\377\000o\000f\000.\000h\000i\000s\000t\000o\000r\000y\000.\000n\000o\000d\000a\000l\000.\000g\000r\000o\000u\000p\000.\000v\000e\000l\000\040\000i\000d\000\040\000g\000r\000o\000u\000p\000n\000a\000m\000e}{chapter.20}% 91
\BOOKMARK [1][-]{section.20.10}{\376\377\000o\000f\000.\000h\000i\000s\000t\000o\000r\000y\000.\000n\000o\000d\000a\000l\000.\000g\000r\000o\000u\000p\000.\000d\000i\000s\000\040\000i\000d\000\040\000g\000r\000o\000u\000p\000n\000a\000m\000e}{chapter.20}% 92
\BOOKMARK [1][-]{section.20.11}{\376\377\000o\000f\000.\000h\000i\000s\000t\000o\000r\000y\000.\000n\000o\000d\000a\000l\000.\000g\000r\000o\000u\000p\000.\000f\000l\000u\000i\000d\000.\000p\000r\000e\000s\000s\000u\000r\000e\000\040\000i\000d\000\040\000g\000r\000o\000u\000p\000n\000a\000m\000e}{chapter.20}% 93
\BOOKMARK [1][-]{section.20.12}{\376\377\000o\000f\000.\000h\000i\000s\000t\000o\000r\000y\000.\000n\000o\000d\000a\000l\000.\000g\000r\000o\000u\000p\000.\000f\000r\000a\000c\000t\000u\000r\000e\000.\000p\000r\000e\000s\000s\000u\000r\000e\000\040\000i\000d\000\040\000g\000r\000o\000u\000p\000n\000a\000m\000e}{chapter.20}% 94
\BOOKMARK [1][-]{section.20.13}{\376\377\000o\000f\000.\000h\000i\000s\000t\000o\000r\000y\000.\000n\000o\000d\000a\000l\000.\000g\000r\000o\000u\000p\000.\000m\000a\000t\000r\000i\000x\000.\000p\000r\000e\000s\000s\000u\000r\000e\000\040\000i\000d\000\040\000g\000r\000o\000u\000p\000n\000a\000m\000e}{chapter.20}% 95
\BOOKMARK [1][-]{section.20.14}{\376\377\000o\000f\000.\000h\000i\000s\000t\000o\000r\000y\000.\000n\000o\000d\000a\000l\000.\000g\000r\000o\000u\000p\000.\000t\000e\000m\000p\000e\000r\000a\000t\000u\000r\000e\000\040\000i\000d\000\040\000g\000r\000o\000u\000p\000n\000a\000m\000e}{chapter.20}% 96
\BOOKMARK [1][-]{section.20.15}{\376\377\000o\000f\000.\000h\000i\000s\000t\000o\000r\000y\000.\000e\000l\000e\000m\000e\000n\000t\000.\000s\000t\000r\000e\000s\000s\000\040\000i\000d\000\040\000x\0001\000\040\000y\0001}{chapter.20}% 97
\BOOKMARK [1][-]{section.20.16}{\376\377\000o\000f\000.\000h\000i\000s\000t\000o\000r\000y\000.\000e\000l\000e\000m\000e\000n\000t\000.\000s\000t\000r\000a\000i\000n\000\040\000i\000d\000\040\000x\0001\000\040\000y\0001}{chapter.20}% 98
\BOOKMARK [1][-]{section.20.17}{\376\377\000o\000f\000.\000h\000i\000s\000t\000o\000r\000y\000.\000e\000l\000e\000m\000e\000n\000t\000.\000s\000t\000r\000a\000i\000n\000r\000a\000t\000e\000\040\000i\000d\000\040\000x\0001\000\040\000y\0001}{chapter.20}% 99
\BOOKMARK [1][-]{section.20.18}{\376\377\000o\000f\000.\000h\000i\000s\000t\000o\000r\000y\000.\000e\000l\000e\000m\000e\000n\000t\000.\000g\000r\000o\000u\000p\000.\000s\000t\000r\000e\000s\000s\000\040\000i\000d\000\040\000g\000r\000o\000u\000p\000n\000a\000m\000e}{chapter.20}% 100
\BOOKMARK [1][-]{section.20.19}{\376\377\000o\000f\000.\000h\000i\000s\000t\000o\000r\000y\000.\000e\000l\000e\000m\000e\000n\000t\000.\000g\000r\000o\000u\000p\000.\000s\000t\000r\000a\000i\000n\000\040\000i\000d\000\040\000g\000r\000o\000u\000p\000n\000a\000m\000e}{chapter.20}% 101
\BOOKMARK [1][-]{section.20.20}{\376\377\000o\000f\000.\000h\000i\000s\000t\000o\000r\000y\000.\000e\000l\000e\000m\000e\000n\000t\000.\000g\000r\000o\000u\000p\000.\000s\000t\000r\000a\000i\000n\000r\000a\000t\000e\000\040\000i\000d\000\040\000g\000r\000o\000u\000p\000n\000a\000m\000e}{chapter.20}% 102
\BOOKMARK [1][-]{section.20.21}{\376\377\000o\000f\000.\000h\000i\000s\000t\000o\000r\000y\000.\000c\000o\000h\000e\000l\000e\000m\000e\000n\000t\000.\000d\000i\000s\000\040\000i\000d\000\040\000x\0001\000\040\000y\0001}{chapter.20}% 103
\BOOKMARK [1][-]{section.20.22}{\376\377\000o\000f\000.\000h\000i\000s\000t\000o\000r\000y\000.\000c\000o\000h\000e\000l\000e\000m\000e\000n\000t\000.\000f\000o\000r\000c\000e\000\040\000i\000d\000\040\000x\0001\000\040\000y\0001}{chapter.20}% 104
\BOOKMARK [1][-]{section.20.23}{\376\377\000o\000f\000.\000h\000i\000s\000t\000o\000r\000y\000.\000c\000o\000h\000e\000l\000e\000m\000e\000n\000t\000.\000v\000e\000l\000\040\000i\000d\000\040\000x\0001\000\040\000y\0001}{chapter.20}% 105
\BOOKMARK [1][-]{section.20.24}{\376\377\000o\000f\000.\000h\000i\000s\000t\000o\000r\000y\000.\000c\000o\000h\000e\000l\000e\000m\000e\000n\000t\000.\000s\000h\000e\000a\000r\000s\000t\000r\000e\000n\000g\000t\000h\000\040\000i\000d\000\040\000x\0001\000\040\000y\0001}{chapter.20}% 106
\BOOKMARK [1][-]{section.20.25}{\376\377\000o\000f\000.\000h\000i\000s\000t\000o\000r\000y\000.\000c\000o\000h\000e\000l\000e\000m\000e\000n\000t\000.\000g\000r\000o\000u\000p\000.\000d\000i\000s\000\040\000i\000d\000\040\000g\000r\000o\000u\000p\000n\000a\000m\000e}{chapter.20}% 107
\BOOKMARK [1][-]{section.20.26}{\376\377\000o\000f\000.\000h\000i\000s\000t\000o\000r\000y\000.\000c\000o\000h\000e\000l\000e\000m\000e\000n\000t\000.\000g\000r\000o\000u\000p\000.\000f\000o\000r\000c\000e\000\040\000i\000d\000\040\000g\000r\000o\000u\000p\000n\000a\000m\000e}{chapter.20}% 108
\BOOKMARK [1][-]{section.20.27}{\376\377\000o\000f\000.\000h\000i\000s\000t\000o\000r\000y\000.\000c\000o\000h\000e\000l\000e\000m\000e\000n\000t\000.\000g\000r\000o\000u\000p\000.\000v\000e\000l\000\040\000i\000d\000\040\000g\000r\000o\000u\000p\000n\000a\000m\000e}{chapter.20}% 109
\BOOKMARK [1][-]{section.20.28}{\376\377\000o\000f\000.\000h\000i\000s\000t\000o\000r\000y\000.\000c\000o\000h\000e\000l\000e\000m\000e\000n\000t\000.\000g\000r\000o\000u\000p\000.\000s\000h\000e\000a\000r\000s\000t\000r\000e\000n\000g\000t\000h\000\040\000i\000d\000\040\000g\000r\000o\000u\000p\000n\000a\000m\000e}{chapter.20}% 110
\BOOKMARK [1][-]{section.20.29}{\376\377\000o\000f\000.\000h\000i\000s\000t\000o\000r\000y\000.\000e\000n\000e\000r\000g\000y}{chapter.20}% 111
\BOOKMARK [1][-]{section.20.30}{\376\377\000o\000f\000.\000h\000i\000s\000t\000o\000r\000y\000.\000u\000n\000b\000a\000l\000a\000n\000c\000e}{chapter.20}% 112
\BOOKMARK [1][-]{section.20.31}{\376\377\000o\000f\000.\000h\000i\000s\000t\000o\000r\000y\000.\000s\000o\000l\000v\000e\000r\000a\000t\000i\000o}{chapter.20}% 113
\BOOKMARK [1][-]{section.20.32}{\376\377\000o\000f\000.\000h\000i\000s\000t\000o\000r\000y\000.\000i\000n\000t\000e\000r\000v\000a\000l\000\040\000i\000n\000t\000e\000r\000v\000a\000l\000v\000a\000l\000u\000e}{chapter.20}% 114
\BOOKMARK [1][-]{section.20.33}{\376\377\000o\000f\000.\000h\000i\000s\000t\000o\000r\000y\000.\000p\000v\000.\000i\000n\000t\000e\000r\000v\000a\000l\000\040\000i\000n\000t\000e\000r\000v\000a\000l\000v\000a\000l\000u\000e}{chapter.20}% 115
\BOOKMARK [1][-]{section.20.34}{\376\377\000o\000f\000.\000h\000i\000s\000t\000o\000r\000y\000.\000p\000v\000.\000r\000e\000d\000u\000c\000e\000d\000.\000i\000n\000t\000e\000r\000v\000a\000l\000\040\000i\000n\000t\000e\000r\000v\000a\000l\000v\000a\000l\000u\000e\000\040\000f\000r\000a\000c\000t\000u\000r\000e\000t\000h\000r\000e\000s\000h\000o\000l\000d\000\040\000i\000n\000t\000e\000r\000v\000a\000l\000v\000a\000l\000u\000e}{chapter.20}% 116
\BOOKMARK [1][-]{section.20.35}{\376\377\000p\000a\000r\000a\000v\000i\000e\000w}{chapter.20}% 117
\BOOKMARK [0][-]{chapter.21}{\376\377\000d\000f\000n}{}% 118
\BOOKMARK [1][-]{section.21.1}{\376\377\000o\000f\000.\000d\000f\000n\000.\000c\000o\000n\000n\000e\000c\000t\000i\000v\000i\000t\000y\000\040\000d\000f\000n\000n\000u\000m}{chapter.21}% 119
\BOOKMARK [0][-]{chapter.22}{\376\377\000t\000a\000b\000l\000e}{}% 120
\BOOKMARK [1][-]{section.22.1}{\376\377\000o\000f\000.\000t\000a\000b\000l\000e\000\040\000t\000a\000b\000l\000e\000n\000a\000m\000e\000\040\040\030\000t\000a\000b\000l\000e\0001\000.\000d\000a\000t\040\031}{chapter.22}% 121
\BOOKMARK [0][-]{chapter.23}{\376\377\000d\000a\000m\000p\000i\000n\000g}{}% 122
\BOOKMARK [1][-]{section.23.1}{\376\377\000o\000f\000.\000d\000a\000m\000p\000.\000g\000l\000o\000b\000a\000l\000\040\000v\000a\000l\000u\000e}{chapter.23}% 123
\BOOKMARK [0][-]{chapter.24}{\376\377\000h\000y\000d\000r\000o}{}% 124
\BOOKMARK [1][-]{section.24.1}{\376\377\000o\000f\000.\000h\000y\000d\000r\000o\000.\000t\000i\000m\000e\000s\000t\000e\000p\000\040\000v\000a\000l\000u\000e}{chapter.24}% 125
\BOOKMARK [0][-]{chapter.25}{\376\377\000g\000r\000a\000v\000i\000t\000y}{}% 126
\BOOKMARK [1][-]{section.25.1}{\376\377\000o\000f\000.\000g\000r\000a\000v\000i\000t\000y\000\040\000x\000\040\000y}{chapter.25}% 127
\BOOKMARK [0][-]{chapter.26}{\376\377\000s\000e\000i\000s\000m\000i\000c}{}% 128
\BOOKMARK [1][-]{section.26.1}{\376\377\000o\000f\000.\000s\000e\000i\000s\000m\000i\000c\000.\000w\000i\000n\000d\000o\000w\000\040\000v\000a\000l\000u\000e}{chapter.26}% 129
