\BOOKMARK [0][-]{chapter.1}{\376\377\000A\000b\000o\000u\000t\000\040\000O\000p\000e\000n\000F\000D\000E\000M}{}% 1
\BOOKMARK [0][-]{chapter.2}{\376\377\000C\000o\000n\000t\000e\000n\000t\000s}{}% 2
\BOOKMARK [1][-]{section.2.1}{\376\377\000A\000b\000o\000u\000t\000:\000\040\000W\000h\000a\000t\000\040\000C\000a\000n\000\040\000O\000p\000e\000n\000F\000D\000E\000M\000\040\000D\000o}{chapter.2}% 3
\BOOKMARK [2][-]{subsection.2.1.1}{\376\377\000O\000b\000j\000e\000c\000t\000\040\000O\000r\000i\000e\000n\000t\000e\000d\000\040\000A\000r\000c\000h\000i\000t\000e\000c\000t\000u\000r\000e\000\040\000\050\000C\000+\000+\000\040\000a\000n\000d\000\040\000C\000U\000D\000A\000\256\000\051}{section.2.1}% 4
\BOOKMARK [2][-]{subsection.2.1.2}{\376\377\000M\000o\000d\000u\000l\000a\000r\000\040\000\046\000\040\000E\000x\000t\000e\000n\000s\000i\000b\000l\000e\000\040\000F\000E\000M\000\040\000K\000e\000r\000n\000e\000l\000\040\000a\000n\000d\000\040\000D\000E\000M\000\040\000K\000e\000r\000n\000e\000l\000\040\000\050\000O\000p\000e\000n\000F\000D\000E\000M\000l\000i\000b\000\051}{section.2.1}% 5
\BOOKMARK [2][-]{subsection.2.1.3}{\376\377\000P\000a\000r\000t\000i\000c\000l\000e\000\040\000D\000i\000s\000c\000r\000e\000t\000e\000\040\000E\000l\000e\000m\000e\000n\000t\000\040\000M\000e\000t\000h\000o\000d\000\040\000\050\000p\000D\000E\000M\000\051}{section.2.1}% 6
\BOOKMARK [2][-]{subsection.2.1.4}{\376\377\000F\000l\000u\000i\000d\000\040\000D\000y\000n\000a\000m\000i\000c\000\040\000M\000o\000d\000u\000l\000e}{section.2.1}% 7
\BOOKMARK [2][-]{subsection.2.1.5}{\376\377\000T\000h\000e\000r\000m\000a\000l\000\040\000T\000r\000a\000n\000s\000p\000o\000r\000t\000a\000t\000i\000o\000n\000\040\000M\000o\000d\000u\000l\000e}{section.2.1}% 8
\BOOKMARK [2][-]{subsection.2.1.6}{\376\377\000C\000o\000m\000p\000u\000t\000a\000t\000i\000o\000n\000a\000l\000\040\000F\000l\000u\000i\000d\000\040\000D\000y\000n\000a\000m\000i\000c\000s}{section.2.1}% 9
\BOOKMARK [2][-]{subsection.2.1.7}{\376\377\000D\000o\000c\000u\000m\000e\000n\000t\000a\000t\000i\000o\000n}{section.2.1}% 10
\BOOKMARK [1][-]{section.2.2}{\376\377\000C\000o\000n\000t\000a\000c\000t\000\040\000i\000n\000f\000o\000r\000m\000a\000t\000i\000o\000n}{chapter.2}% 11
\BOOKMARK [1][-]{section.2.3}{\376\377\000S\000y\000s\000t\000e\000m\000\040\000R\000e\000q\000u\000i\000r\000e\000m\000e\000n\000t\000s}{chapter.2}% 12
\BOOKMARK [2][-]{subsection.2.3.1}{\376\377\000B\000u\000i\000l\000d\000\040\000R\000e\000q\000u\000i\000r\000e\000m\000e\000n\000t\000s}{section.2.3}% 13
\BOOKMARK [2][-]{subsection.2.3.2}{\376\377\000P\000o\000s\000t\000-\000P\000r\000o\000c\000e\000s\000s\000i\000n\000g}{section.2.3}% 14
\BOOKMARK [2][-]{subsection.2.3.3}{\376\377\000I\000m\000p\000l\000i\000c\000i\000t\000\040\000S\000t\000a\000t\000i\000c\000/\000N\000o\000n\000-\000L\000i\000n\000e\000a\000r\000\040\000S\000o\000l\000v\000e\000r\000s}{section.2.3}% 15
\BOOKMARK [1][-]{section.2.4}{\376\377\000Q\000u\000i\000c\000k\000\040\000S\000t\000a\000r\000t\000\040\000f\000o\000r\000\040\000D\000e\000v\000e\000l\000o\000p\000e\000r\000s}{chapter.2}% 16
\BOOKMARK [2][-]{subsection.2.4.1}{\376\377\000S\000o\000u\000r\000c\000e\000\040\000C\000o\000d\000e\000\040\000D\000o\000w\000n\000l\000o\000a\000d}{section.2.4}% 17
\BOOKMARK [2][-]{subsection.2.4.2}{\376\377\000S\000y\000s\000t\000e\000m\000\040\000R\000e\000q\000u\000i\000r\000e\000m\000e\000n\000t\000s}{section.2.4}% 18
\BOOKMARK [1][-]{section.2.5}{\376\377\000C\000o\000p\000y\000r\000i\000g\000h\000t}{chapter.2}% 19
\BOOKMARK [1][-]{section.2.6}{\376\377\000C\000o\000l\000l\000a\000b\000o\000r\000a\000t\000i\000o\000n\000\040\000O\000p\000p\000o\000r\000t\000u\000n\000i\000t\000i\000e\000s}{chapter.2}% 20
\BOOKMARK [1][-]{section.2.7}{\376\377\000P\000u\000b\000l\000i\000c\000a\000t\000i\000o\000n\000s}{chapter.2}% 21
\BOOKMARK [1][-]{section.2.8}{\376\377\000T\000h\000e\000o\000r\000y}{chapter.2}% 22
\BOOKMARK [2][-]{subsection.2.8.1}{\376\377\000t\000h\000e\000o\000r\000y\0002}{section.2.8}% 23
\BOOKMARK [3][-]{subsubsection*.3}{\376\377\0002\000.\0001\000\040\000W\000e\000a\000k\000\040\000f\000o\000r\000m\000u\000l\000a\000t\000i\000o\000n\000\040\000o\000f\000\040\000u\000p\000d\000a\000t\000e\000d\000\040\000L\000a\000g\000r\000a\000n\000g\000e}{subsection.2.8.1}% 24
\BOOKMARK [3][-]{subsubsection*.4}{\376\377\0002\000.\0002\000\040\000S\000p\000a\000t\000i\000a\000l\000\040\000d\000i\000s\000c\000r\000e\000t\000i\000z\000a\000t\000i\000o\000n\000\040\000i\000n\000\040\000f\000i\000n\000i\000t\000e\000\040\000d\000o\000m\000a\000i\000n}{subsection.2.8.1}% 25
\BOOKMARK [3][-]{subsubsection*.5}{\376\377\0002\000.\0003\000\040\000D\000y\000n\000a\000m\000i\000c\000\040\000r\000e\000l\000a\000x\000a\000t\000i\000o\000n\000\040\000a\000n\000d\000\040\000t\000i\000m\000e\000\040\000i\000n\000t\000e\000g\000r\000a\000t\000i\000o\000n\000\040\000s\000c\000h\000e\000m\000e}{subsection.2.8.1}% 26
\BOOKMARK [3][-]{subsubsection*.6}{\376\377\0002\000.\0004\000\040\000C\000o\000n\000t\000a\000c\000t\000\040\000a\000l\000g\000o\000r\000i\000t\000h\000m\000\040\000i\000n\000\040\000C\000D\000M}{subsection.2.8.1}% 27
\BOOKMARK [1][-]{section.2.9}{\376\377\000T\000u\000t\000o\000r\000i\000a\000l\000s}{chapter.2}% 28
\BOOKMARK [2][-]{subsection.2.9.1}{\376\377\000T\000u\000t\000o\000r\000i\000a\000l\000\040\0000\000:\000\040\000C\000r\000e\000a\000t\000e\000\040\000G\000e\000o\000m\000e\000t\000r\000y}{section.2.9}% 29
\BOOKMARK [2][-]{subsection.2.9.2}{\376\377\000T\000u\000t\000o\000r\000i\000a\000l\000\040\0001\000:\000\040\000C\000r\000e\000a\000t\000e\000\040\000U\000n\000i\000a\000x\000i\000a\000l\000\040\000C\000o\000m\000p\000r\000e\000s\000s\000i\000o\000n\000\040\000T\000e\000s\000t\000\040\000\050\000U\000C\000S\000\051}{section.2.9}% 30
\BOOKMARK [3][-]{subsubsection*.7}{\376\377\0001\000.\0000\000\040\000M\000a\000i\000n\000\040\000S\000t\000e\000p\000s}{subsection.2.9.2}% 31
\BOOKMARK [3][-]{subsubsection*.8}{\376\377\0002\000.\0000\000\040\000C\000o\000d\000e\000s}{subsection.2.9.2}% 32
\BOOKMARK [4][-]{paragraph*.9}{\376\377\0002\000.\0001\000\040\000I\000n\000i\000t\000i\000a\000l\000i\000z\000e\000\040\000t\000h\000e\000\040\000m\000o\000d\000e\000l}{subsubsection*.8}% 33
\BOOKMARK [4][-]{paragraph*.10}{\376\377\0002\000.\0002\000\040\000C\000r\000e\000a\000t\000e\000\040\000t\000h\000e\000\040\000g\000e\000o\000m\000e\000t\000r\000y\000\040\000a\000n\000d\000\040\000t\000h\000e\000\040\000m\000e\000s\000h}{subsubsection*.8}% 34
\BOOKMARK [4][-]{paragraph*.11}{\376\377\0002\000.\0003\000\040\000A\000s\000s\000i\000g\000n\000\040\000M\000a\000t\000e\000r\000i\000a\000l\000\040\000P\000r\000o\000p\000e\000r\000t\000i\000e\000s}{subsubsection*.8}% 35
\BOOKMARK [4][-]{paragraph*.12}{\376\377\0002\000.\0004\000\040\000C\000r\000e\000a\000t\000e\000\040\000G\000r\000o\000u\000p\000s\000\040\000a\000n\000d\000\040\000A\000s\000s\000i\000g\000n\000\040\000B\000o\000u\000n\000d\000a\000r\000y\000\040\000C\000o\000n\000d\000i\000t\000i\000o\000n\000s}{subsubsection*.8}% 36
\BOOKMARK [4][-]{paragraph*.13}{\376\377\0002\000.\0005\000\040\000S\000e\000t\000\040\000t\000h\000e\000\040\000O\000u\000t\000p\000u\000t\000s}{subsubsection*.8}% 37
\BOOKMARK [3][-]{subsubsection*.14}{\376\377\0003\000.\0000\000\040\000R\000u\000n\000\040\000t\000h\000e\000\040\000P\000r\000o\000g\000r\000a\000m}{subsection.2.9.2}% 38
\BOOKMARK [3][-]{subsubsection*.15}{\376\377\0004\000.\0000\000\040\000R\000e\000s\000u\000l\000t\000s}{subsection.2.9.2}% 39
\BOOKMARK [3][-]{subsubsection*.16}{\376\377\0005\000.\0000\000\040\000F\000u\000l\000l\000\040\000S\000c\000r\000i\000p\000t}{subsection.2.9.2}% 40
\BOOKMARK [2][-]{subsection.2.9.3}{\376\377\000T\000u\000t\000o\000r\000i\000a\000l\000\040\0002\000:\000\040\000U\000C\000S\000\040\000m\000o\000d\000e\000l\000\040\000f\000r\000o\000m\000\040\000G\000m\000s\000h}{section.2.9}% 41
\BOOKMARK [3][-]{subsubsection*.17}{\376\377\0001\000.\0000\000\040\000T\000u\000t\000o\000r\000i\000a\000l\000\040\000P\000r\000e\000r\000e\000q\000u\000i\000s\000t\000e\000s}{subsection.2.9.3}% 42
\BOOKMARK [3][-]{subsubsection*.18}{\376\377\0002\000.\0000\000\040\000C\000o\000d\000e\000s}{subsection.2.9.3}% 43
\BOOKMARK [3][-]{subsubsection*.19}{\376\377\0003\000.\0000\000\040\000F\000u\000l\000l\000\040\000S\000c\000r\000i\000p\000t}{subsection.2.9.3}% 44
\BOOKMARK [2][-]{subsection.2.9.4}{\376\377\000T\000u\000t\000o\000r\000i\000a\000l\000\040\0003\000:\000\040\000C\000r\000e\000a\000t\000e\000\040\000U\000n\000i\000a\000x\000i\000a\000l\000\040\000C\000o\000m\000p\000r\000e\000s\000s\000i\000o\000n\000\040\000T\000e\000s\000t\000\040\000w\000i\000t\000h\000\040\000Q\000u\000a\000d\000r\000a\000n\000g\000l\000e\000\040\000E\000l\000e\000m\000e\000n\000t}{section.2.9}% 45
\BOOKMARK [3][-]{subsubsection*.20}{\376\377\0001\000.\0000\000\040\000C\000o\000d\000e}{subsection.2.9.4}% 46
\BOOKMARK [3][-]{subsubsection*.21}{\376\377\0002\000.\0000\000\040\000R\000u\000n\000\040\000t\000h\000e\000\040\000P\000r\000o\000g\000r\000a\000m}{subsection.2.9.4}% 47
\BOOKMARK [3][-]{subsubsection*.22}{\376\377\0003\000.\0000\000\040\000F\000u\000l\000l\000\040\000S\000c\000r\000i\000p\000t}{subsection.2.9.4}% 48
\BOOKMARK [2][-]{subsection.2.9.5}{\376\377\000T\000u\000t\000o\000r\000i\000a\000l\000\040\0004\000:\000\040\000B\000r\000a\000z\000i\000l\000i\000a\000n\000\040\000D\000i\000s\000c\000\040\000T\000e\000s\000t}{section.2.9}% 49
\BOOKMARK [3][-]{subsubsection*.23}{\376\377\0001\000.\0000\000\040\000T\000u\000t\000o\000r\000i\000a\000l\000\040\000P\000r\000e\000r\000e\000q\000u\000i\000s\000t\000e\000s}{subsection.2.9.5}% 50
\BOOKMARK [3][-]{subsubsection*.24}{\376\377\0002\000.\0000\000\040\000M\000a\000i\000n\000\040\000S\000t\000e\000p\000s}{subsection.2.9.5}% 51
\BOOKMARK [3][-]{subsubsection*.25}{\376\377\0003\000.\0000\000\040\000C\000o\000d\000e\000s}{subsection.2.9.5}% 52
\BOOKMARK [4][-]{paragraph*.26}{\376\377\0003\000.\0001\000\040\000I\000n\000i\000t\000i\000a\000l\000i\000z\000e\000\040\000t\000h\000e\000\040\000m\000o\000d\000e\000l}{subsubsection*.25}% 53
\BOOKMARK [4][-]{paragraph*.27}{\376\377\0003\000.\0002\000\040\000I\000m\000p\000o\000r\000t\000\040\000t\000h\000e\000\040\000g\000e\000o\000m\000e\000t\000r\000y\000\040\000a\000n\000d\000\040\000t\000h\000e\000\040\000m\000e\000s\000h}{subsubsection*.25}% 54
\BOOKMARK [4][-]{paragraph*.28}{\376\377\0003\000.\0003\000\040\000A\000s\000s\000i\000g\000n\000\040\000M\000a\000t\000e\000r\000i\000a\000l\000\040\000P\000r\000o\000p\000e\000r\000t\000i\000e\000s}{subsubsection*.25}% 55
\BOOKMARK [4][-]{paragraph*.29}{\376\377\0003\000.\0004\000\040\000C\000r\000e\000a\000t\000e\000\040\000G\000r\000o\000u\000p\000s\000\040\000a\000n\000d\000\040\000A\000s\000s\000i\000g\000n\000\040\000B\000o\000u\000n\000d\000a\000r\000y\000\040\000C\000o\000n\000d\000i\000t\000i\000o\000n\000s}{subsubsection*.25}% 56
\BOOKMARK [4][-]{paragraph*.30}{\376\377\0003\000.\0005\000\040\000S\000e\000t\000\040\000t\000h\000e\000\040\000O\000u\000t\000p\000u\000t\000s}{subsubsection*.25}% 57
\BOOKMARK [3][-]{subsubsection*.31}{\376\377\0004\000.\0000\000\040\000R\000u\000n\000\040\000t\000h\000e\000\040\000P\000r\000o\000g\000r\000a\000m}{subsection.2.9.5}% 58
\BOOKMARK [3][-]{subsubsection*.32}{\376\377\0005\000.\0000\000\040\000R\000e\000s\000u\000l\000t\000s}{subsection.2.9.5}% 59
\BOOKMARK [3][-]{subsubsection*.33}{\376\377\0006\000.\0000\000\040\000F\000u\000l\000l\000\040\000S\000c\000r\000i\000p\000t}{subsection.2.9.5}% 60
\BOOKMARK [2][-]{subsection.2.9.6}{\376\377\000T\000u\000t\000o\000r\000i\000a\000l\000\040\0005\000:\000\040\000A\000p\000p\000l\000y\000\040\000I\000n\000-\000s\000i\000t\000u\000\040\000S\000t\000r\000e\000s\000s}{section.2.9}% 61
\BOOKMARK [3][-]{subsubsection*.34}{\376\377\0001\000.\0000\000\040\000M\000a\000i\000n\000\040\000S\000t\000e\000p\000s}{subsection.2.9.6}% 62
\BOOKMARK [3][-]{subsubsection*.35}{\376\377\0002\000.\0000\000\040\000C\000o\000d\000e\000s}{subsection.2.9.6}% 63
\BOOKMARK [4][-]{paragraph*.36}{\376\377\0002\000.\0001\000\040\000I\000n\000i\000t\000i\000a\000l\000i\000z\000e\000\040\000t\000h\000e\000\040\000m\000o\000d\000e\000l}{subsubsection*.35}% 64
\BOOKMARK [4][-]{paragraph*.37}{\376\377\0002\000.\0002\000\040\000C\000r\000e\000a\000t\000e\000\040\000t\000h\000e\000\040\000g\000e\000o\000m\000e\000t\000r\000y\000\040\000a\000n\000d\000\040\000t\000h\000e\000\040\000m\000e\000s\000h}{subsubsection*.35}% 65
\BOOKMARK [4][-]{paragraph*.38}{\376\377\0002\000.\0003\000\040\000A\000s\000s\000i\000g\000n\000\040\000M\000a\000t\000e\000r\000i\000a\000l\000\040\000P\000r\000o\000p\000e\000r\000t\000i\000e\000s}{subsubsection*.35}% 66
\BOOKMARK [4][-]{paragraph*.39}{\376\377\0002\000.\0004\000\040\000G\000r\000o\000u\000p\000\040\000t\000h\000e\000\040\000E\000d\000g\000e\000s}{subsubsection*.35}% 67
\BOOKMARK [4][-]{paragraph*.40}{\376\377\0002\000.\0005\000\040\000A\000s\000s\000i\000g\000n\000\040\000B\000o\000u\000n\000d\000a\000r\000y\000\040\000C\000o\000n\000d\000i\000t\000i\000o\000n\000s}{subsubsection*.35}% 68
\BOOKMARK [4][-]{paragraph*.41}{\376\377\0002\000.\0006\000\040\000S\000e\000t\000\040\000t\000h\000e\000\040\000O\000u\000t\000p\000u\000t\000s}{subsubsection*.35}% 69
\BOOKMARK [3][-]{subsubsection*.42}{\376\377\0003\000.\0000\000\040\000R\000u\000n\000\040\000t\000h\000e\000\040\000P\000r\000o\000g\000r\000a\000m}{subsection.2.9.6}% 70
\BOOKMARK [3][-]{subsubsection*.43}{\376\377\0004\000.\0000\000\040\000R\000e\000s\000u\000l\000t\000s}{subsection.2.9.6}% 71
\BOOKMARK [3][-]{subsubsection*.44}{\376\377\0005\000.\0000\000\040\000F\000u\000l\000l\000\040\000S\000c\000r\000i\000p\000t}{subsection.2.9.6}% 72
\BOOKMARK [2][-]{subsection.2.9.7}{\376\377\000T\000u\000t\000o\000r\000i\000a\000l\000\040\0006\000:\000\040\000H\000y\000d\000r\000o\000\040\000S\000e\000e\000p\000a\000g\000e}{section.2.9}% 73
\BOOKMARK [3][-]{subsubsection*.45}{\376\377\0001\000.\0000\000\040\000M\000a\000i\000n\000\040\000S\000t\000e\000p\000s}{subsection.2.9.7}% 74
\BOOKMARK [3][-]{subsubsection*.46}{\376\377\0002\000.\0000\000\040\000C\000o\000d\000e\000s}{subsection.2.9.7}% 75
\BOOKMARK [4][-]{paragraph*.47}{\376\377\0002\000.\0001\000\040\000I\000n\000i\000t\000i\000a\000l\000i\000z\000e\000\040\000t\000h\000e\000\040\000m\000o\000d\000e\000l}{subsubsection*.46}% 76
\BOOKMARK [4][-]{paragraph*.48}{\376\377\0002\000.\0002\000\040\000C\000r\000e\000a\000t\000e\000\040\000t\000h\000e\000\040\000g\000e\000o\000m\000e\000t\000r\000y\000\040\000a\000n\000d\000\040\000t\000h\000e\000\040\000m\000e\000s\000h}{subsubsection*.46}% 77
\BOOKMARK [4][-]{paragraph*.49}{\376\377\0002\000.\0003\000\040\000A\000s\000s\000i\000g\000n\000\040\000M\000a\000t\000e\000r\000i\000a\000l\000\040\000P\000r\000o\000p\000e\000r\000t\000i\000e\000s}{subsubsection*.46}% 78
\BOOKMARK [4][-]{paragraph*.50}{\376\377\0002\000.\0004\000\040\000C\000r\000e\000a\000t\000e\000\040\000G\000r\000o\000u\000p\000s\000\040\000a\000n\000d\000\040\000A\000s\000s\000i\000g\000n\000\040\000B\000o\000u\000n\000d\000a\000r\000y\000\040\000C\000o\000n\000d\000i\000t\000i\000o\000n\000s}{subsubsection*.46}% 79
\BOOKMARK [4][-]{paragraph*.51}{\376\377\0002\000.\0005\000\040\000S\000e\000t\000\040\000t\000h\000e\000\040\000O\000u\000t\000p\000u\000t\000s}{subsubsection*.46}% 80
\BOOKMARK [3][-]{subsubsection*.52}{\376\377\0003\000.\0000\000\040\000R\000u\000n\000\040\000t\000h\000e\000\040\000P\000r\000o\000g\000r\000a\000m}{subsection.2.9.7}% 81
\BOOKMARK [3][-]{subsubsection*.53}{\376\377\0004\000.\0000\000\040\000R\000e\000s\000u\000l\000t\000s}{subsection.2.9.7}% 82
\BOOKMARK [3][-]{subsubsection*.54}{\376\377\0005\000.\0000\000\040\000F\000u\000l\000l\000\040\000S\000c\000r\000i\000p\000t}{subsection.2.9.7}% 83
\BOOKMARK [2][-]{subsection.2.9.8}{\376\377\000T\000u\000t\000o\000r\000i\000a\000l\000\040\0007\000:\000\040\000H\000y\000d\000r\000o\000\040\000F\000r\000a\000c\000t\000u\000r\000e\000\040\000F\000l\000o\000w}{section.2.9}% 84
\BOOKMARK [3][-]{subsubsection*.55}{\376\377\0001\000.\0000\000\040\000C\000o\000d\000e}{subsection.2.9.8}% 85
\BOOKMARK [3][-]{subsubsection*.56}{\376\377\0002\000.\0000\000\040\000R\000u\000n\000\040\000t\000h\000e\000\040\000P\000r\000o\000g\000r\000a\000m}{subsection.2.9.8}% 86
\BOOKMARK [3][-]{subsubsection*.57}{\376\377\0003\000.\0000\000\040\000R\000e\000s\000u\000l\000t\000s}{subsection.2.9.8}% 87
\BOOKMARK [3][-]{subsubsection*.58}{\376\377\0004\000.\0000\000\040\000F\000u\000l\000l\000\040\000S\000c\000r\000i\000p\000t}{subsection.2.9.8}% 88
\BOOKMARK [2][-]{subsection.2.9.9}{\376\377\000T\000u\000t\000o\000r\000i\000a\000l\000\040\0008\000:\000\040\000T\000h\000e\000r\000m\000a\000l\000\040\000F\000l\000u\000x}{section.2.9}% 89
\BOOKMARK [3][-]{subsubsection*.59}{\376\377\0001\000.\0000\000\040\000M\000a\000i\000n\000\040\000S\000t\000e\000p\000s}{subsection.2.9.9}% 90
\BOOKMARK [3][-]{subsubsection*.60}{\376\377\0002\000.\0000\000\040\000C\000o\000d\000e\000s}{subsection.2.9.9}% 91
\BOOKMARK [4][-]{paragraph*.61}{\376\377\0002\000.\0001\000\040\000I\000n\000i\000t\000i\000a\000l\000i\000z\000e\000\040\000t\000h\000e\000\040\000m\000o\000d\000e\000l}{subsubsection*.60}% 92
\BOOKMARK [4][-]{paragraph*.62}{\376\377\0002\000.\0002\000\040\000C\000r\000e\000a\000t\000e\000\040\000t\000h\000e\000\040\000g\000e\000o\000m\000e\000t\000r\000y\000\040\000a\000n\000d\000\040\000t\000h\000e\000\040\000m\000e\000s\000h}{subsubsection*.60}% 93
\BOOKMARK [4][-]{paragraph*.63}{\376\377\0002\000.\0003\000\040\000A\000s\000s\000i\000g\000n\000\040\000M\000a\000t\000e\000r\000i\000a\000l\000\040\000a\000n\000d\000\040\000T\000h\000e\000r\000m\000a\000l\000\040\000P\000r\000o\000p\000e\000r\000t\000i\000e\000s}{subsubsection*.60}% 94
\BOOKMARK [4][-]{paragraph*.64}{\376\377\0002\000.\0004\000\040\000C\000r\000e\000a\000t\000e\000\040\000G\000r\000o\000u\000p\000s\000\040\000a\000n\000d\000\040\000A\000s\000s\000i\000g\000n\000\040\000B\000o\000u\000n\000d\000a\000r\000y\000\040\000C\000o\000n\000d\000i\000t\000i\000o\000n\000s}{subsubsection*.60}% 95
\BOOKMARK [4][-]{paragraph*.65}{\376\377\0002\000.\0005\000\040\000S\000e\000t\000\040\000t\000h\000e\000\040\000O\000u\000t\000p\000u\000t\000s}{subsubsection*.60}% 96
\BOOKMARK [3][-]{subsubsection*.66}{\376\377\0003\000.\0000\000\040\000R\000u\000n\000\040\000t\000h\000e\000\040\000P\000r\000o\000g\000r\000a\000m}{subsection.2.9.9}% 97
\BOOKMARK [3][-]{subsubsection*.67}{\376\377\0004\000.\0000\000\040\000R\000e\000s\000u\000l\000t\000s}{subsection.2.9.9}% 98
\BOOKMARK [3][-]{subsubsection*.68}{\376\377\0005\000.\0000\000\040\000F\000u\000l\000l\000\040\000S\000c\000r\000i\000p\000t}{subsection.2.9.9}% 99
\BOOKMARK [2][-]{subsection.2.9.10}{\376\377\000T\000u\000t\000o\000r\000i\000a\000l\000\040\0009\000:\000\040\000G\000r\000a\000i\000n\000-\000b\000a\000s\000e\000d\000\040\000M\000o\000d\000e\000l\000\040\000\050\000G\000B\000M\000\051}{section.2.9}% 100
\BOOKMARK [3][-]{subsubsection*.69}{\376\377\0001\000.\0000\000\040\000T\000u\000t\000o\000r\000i\000a\000l\000\040\000P\000r\000e\000r\000e\000q\000u\000i\000s\000t\000e\000s}{subsection.2.9.10}% 101
\BOOKMARK [3][-]{subsubsection*.70}{\376\377\0002\000.\0000\000\040\000M\000a\000i\000n\000\040\000S\000t\000e\000p\000s}{subsection.2.9.10}% 102
\BOOKMARK [3][-]{subsubsection*.71}{\376\377\0003\000.\0000\000\040\000C\000o\000d\000e\000s}{subsection.2.9.10}% 103
\BOOKMARK [4][-]{paragraph*.72}{\376\377\0003\000.\0001\000\040\000I\000n\000i\000t\000i\000a\000l\000i\000z\000e\000\040\000t\000h\000e\000\040\000m\000o\000d\000e\000l}{subsubsection*.71}% 104
\BOOKMARK [4][-]{paragraph*.73}{\376\377\0003\000.\0002\000\040\000I\000m\000p\000o\000r\000t\000\040\000t\000h\000e\000\040\000g\000e\000o\000m\000e\000t\000r\000y\000\040\000a\000n\000d\000\040\000t\000h\000e\000\040\000m\000e\000s\000h}{subsubsection*.71}% 105
\BOOKMARK [4][-]{paragraph*.74}{\376\377\0003\000.\0003\000\040\000A\000s\000s\000i\000g\000n\000\040\000M\000a\000t\000e\000r\000i\000a\000l\000\040\000a\000n\000d\000\040\000T\000h\000e\000r\000m\000a\000l\000\040\000P\000r\000o\000p\000e\000r\000t\000i\000e\000s}{subsubsection*.71}% 106
\BOOKMARK [4][-]{paragraph*.75}{\376\377\0003\000.\0004\000\040\000C\000r\000e\000a\000t\000e\000\040\000G\000r\000o\000u\000p\000s\000\040\000a\000n\000d\000\040\000A\000s\000s\000i\000g\000n\000\040\000B\000o\000u\000n\000d\000a\000r\000y\000\040\000C\000o\000n\000d\000i\000t\000i\000o\000n\000s}{subsubsection*.71}% 107
\BOOKMARK [4][-]{paragraph*.76}{\376\377\0003\000.\0005\000\040\000S\000e\000t\000\040\000t\000h\000e\000\040\000O\000u\000t\000p\000u\000t\000s}{subsubsection*.71}% 108
\BOOKMARK [3][-]{subsubsection*.77}{\376\377\0004\000.\0000\000\040\000R\000u\000n\000\040\000t\000h\000e\000\040\000P\000r\000o\000g\000r\000a\000m}{subsection.2.9.10}% 109
\BOOKMARK [3][-]{subsubsection*.78}{\376\377\0005\000.\0000\000\040\000R\000e\000s\000u\000l\000t\000s}{subsection.2.9.10}% 110
\BOOKMARK [3][-]{subsubsection*.79}{\376\377\0006\000.\0000\000\040\000F\000u\000l\000l\000\040\000S\000c\000r\000i\000p\000t}{subsection.2.9.10}% 111
\BOOKMARK [2][-]{subsection.2.9.11}{\376\377\000T\000u\000t\000o\000r\000i\000a\000l\000\040\0001\0000\000:\000\040\000P\000h\000a\000s\000e\000\040\000F\000i\000e\000l\000d}{section.2.9}% 112
\BOOKMARK [3][-]{subsubsection*.80}{\376\377\0001\000.\0000\000\040\000M\000a\000i\000n\000\040\000S\000t\000e\000p\000s}{subsection.2.9.11}% 113
\BOOKMARK [3][-]{subsubsection*.81}{\376\377\0002\000.\0000\000\040\000C\000o\000d\000e\000s}{subsection.2.9.11}% 114
\BOOKMARK [4][-]{paragraph*.82}{\376\377\0002\000.\0001\000\040\000I\000n\000i\000t\000i\000a\000l\000i\000z\000e\000\040\000t\000h\000e\000\040\000m\000o\000d\000e\000l}{subsubsection*.81}% 115
\BOOKMARK [4][-]{paragraph*.83}{\376\377\0002\000.\0002\000\040\000C\000r\000e\000a\000t\000e\000\040\000t\000h\000e\000\040\000g\000e\000o\000m\000e\000t\000r\000y\000\040\000a\000n\000d\000\040\000t\000h\000e\000\040\000m\000e\000s\000h}{subsubsection*.81}% 116
\BOOKMARK [4][-]{paragraph*.84}{\376\377\0002\000.\0003\000\040\000A\000s\000s\000i\000g\000n\000\040\000M\000a\000t\000e\000r\000i\000a\000l\000\040\000a\000n\000d\000\040\000T\000h\000e\000r\000m\000a\000l\000\040\000P\000r\000o\000p\000e\000r\000t\000i\000e\000s}{subsubsection*.81}% 117
\BOOKMARK [4][-]{paragraph*.85}{\376\377\0002\000.\0004\000\040\000C\000r\000e\000a\000t\000e\000\040\000G\000r\000o\000u\000p\000s\000\040\000a\000n\000d\000\040\000A\000s\000s\000i\000g\000n\000\040\000B\000o\000u\000n\000d\000a\000r\000y\000\040\000C\000o\000n\000d\000i\000t\000i\000o\000n\000s}{subsubsection*.81}% 118
\BOOKMARK [4][-]{paragraph*.86}{\376\377\0002\000.\0005\000\040\000S\000e\000t\000\040\000t\000h\000e\000\040\000O\000u\000t\000p\000u\000t\000s}{subsubsection*.81}% 119
\BOOKMARK [3][-]{subsubsection*.87}{\376\377\0003\000.\0000\000\040\000R\000u\000n\000\040\000t\000h\000e\000\040\000P\000r\000o\000g\000r\000a\000m}{subsection.2.9.11}% 120
\BOOKMARK [3][-]{subsubsection*.88}{\376\377\0004\000.\0000\000\040\000R\000e\000s\000u\000l\000t\000s}{subsection.2.9.11}% 121
\BOOKMARK [3][-]{subsubsection*.89}{\376\377\0005\000.\0000\000\040\000F\000u\000l\000l\000\040\000S\000c\000r\000i\000p\000t}{subsection.2.9.11}% 122
\BOOKMARK [2][-]{subsection.2.9.12}{\376\377\000T\000u\000t\000o\000r\000i\000a\000l\000\040\000A\000:\000\040\000P\000a\000r\000a\000v\000i\000e\000w}{section.2.9}% 123
\BOOKMARK [2][-]{subsection.2.9.13}{\376\377\000C\000r\000e\000a\000t\000e\000\040\000t\000h\000e\000\040\000G\000e\000o\000m\000e\000t\000r\000y}{section.2.9}% 124
\BOOKMARK [2][-]{subsection.2.9.14}{\376\377\000L\000a\000b\000\040\000T\000e\000s\000t\000s}{section.2.9}% 125
\BOOKMARK [2][-]{subsection.2.9.15}{\376\377\000E\000x\000c\000a\000v\000a\000t\000i\000o\000n}{section.2.9}% 126
\BOOKMARK [2][-]{subsection.2.9.16}{\376\377\000H\000y\000d\000r\000o\000\040\000M\000o\000d\000u\000l\000e}{section.2.9}% 127
\BOOKMARK [2][-]{subsection.2.9.17}{\376\377\000T\000h\000e\000r\000m\000a\000l\000\040\000M\000o\000d\000u\000l\000e}{section.2.9}% 128
\BOOKMARK [2][-]{subsection.2.9.18}{\376\377\000G\000B\000M}{section.2.9}% 129
\BOOKMARK [2][-]{subsection.2.9.19}{\376\377\000P\000h\000a\000s\000e\000\040\000F\000i\000e\000l\000d}{section.2.9}% 130
\BOOKMARK [1][-]{section.2.10}{\376\377\000U\000s\000e\000r\000\040\000G\000u\000i\000d\000e}{chapter.2}% 131
\BOOKMARK [2][-]{subsection.2.10.1}{\376\377\000G\000e\000n\000e\000r\000a\000l}{section.2.10}% 132
\BOOKMARK [3][-]{subsubsection*.90}{\376\377\000o\000f\000.\000c\000o\000n\000s\000o\000l\000e\000.\000i\000n\000t\000e\000r\000v\000a\000l}{subsection.2.10.1}% 133
\BOOKMARK [3][-]{subsubsection*.91}{\376\377\000o\000f\000.\000d\000a\000m\000p\000.\000g\000l\000o\000b\000a\000l}{subsection.2.10.1}% 134
\BOOKMARK [3][-]{subsubsection*.92}{\376\377\000o\000f\000.\000f\000i\000n\000a\000l\000i\000z\000e}{subsection.2.10.1}% 135
\BOOKMARK [3][-]{subsubsection*.93}{\376\377\000o\000f\000.\000i\000m\000p\000o\000r\000t}{subsection.2.10.1}% 136
\BOOKMARK [3][-]{subsubsection*.94}{\376\377\000o\000f\000.\000i\000m\000p\000o\000r\000t\000.\000t\000a\000b\000l\000e}{subsection.2.10.1}% 137
\BOOKMARK [3][-]{subsubsection*.95}{\376\377\000o\000f\000.\000l\000o\000g\000.\000i\000n\000t\000e\000r\000v\000a\000l}{subsection.2.10.1}% 138
\BOOKMARK [3][-]{subsubsection*.96}{\376\377\000o\000f\000.\000n\000e\000w}{subsection.2.10.1}% 139
\BOOKMARK [3][-]{subsubsection*.97}{\376\377\000o\000f\000.\000r\000e\000s\000t\000o\000r\000e}{subsection.2.10.1}% 140
\BOOKMARK [3][-]{subsubsection*.98}{\376\377\000o\000f\000.\000s\000a\000v\000e}{subsection.2.10.1}% 141
\BOOKMARK [3][-]{subsubsection*.99}{\376\377\000o\000f\000.\000s\000a\000v\000e\000.\000F\000E\000M}{subsection.2.10.1}% 142
\BOOKMARK [3][-]{subsubsection*.100}{\376\377\000o\000f\000.\000s\000e\000t\000.\000c\000o\000n\000f\000i\000g}{subsection.2.10.1}% 143
\BOOKMARK [3][-]{subsubsection*.101}{\376\377\000o\000f\000.\000s\000e\000t\000.\000c\000o\000n\000t\000a\000c\000t}{subsection.2.10.1}% 144
\BOOKMARK [3][-]{subsubsection*.102}{\376\377\000o\000f\000.\000s\000e\000t\000.\000d\000e\000b\000u\000g}{subsection.2.10.1}% 145
\BOOKMARK [3][-]{subsubsection*.103}{\376\377\000o\000f\000.\000s\000e\000t\000.\000G\000B\000M}{subsection.2.10.1}% 146
\BOOKMARK [3][-]{subsubsection*.104}{\376\377\000o\000f\000.\000s\000e\000t\000.\000g\000r\000a\000v\000i\000t\000y}{subsection.2.10.1}% 147
\BOOKMARK [3][-]{subsubsection*.105}{\376\377\000o\000f\000.\000s\000e\000t\000.\000l\000a\000r\000g\000e}{subsection.2.10.1}% 148
\BOOKMARK [3][-]{subsubsection*.106}{\376\377\000o\000f\000.\000s\000e\000t\000.\000m\000a\000s\000s\000s\000c\000a\000l\000e}{subsection.2.10.1}% 149
\BOOKMARK [3][-]{subsubsection*.107}{\376\377\000o\000f\000.\000s\000e\000t\000.\000m\000o\000d\000u\000l\000e}{subsection.2.10.1}% 150
\BOOKMARK [3][-]{subsubsection*.108}{\376\377\000o\000f\000.\000s\000e\000t\000.\000o\000m\000p}{subsection.2.10.1}% 151
\BOOKMARK [3][-]{subsubsection*.109}{\376\377\000o\000f\000.\000s\000e\000t\000.\000r\000e\000s\000u\000l\000t}{subsection.2.10.1}% 152
\BOOKMARK [3][-]{subsubsection*.110}{\376\377\000o\000f\000.\000s\000e\000t\000.\000r\000g\000b\000m}{subsection.2.10.1}% 153
\BOOKMARK [3][-]{subsubsection*.111}{\376\377\000o\000f\000.\000s\000o\000l\000v\000e}{subsection.2.10.1}% 154
\BOOKMARK [3][-]{subsubsection*.112}{\376\377\000o\000f\000.\000s\000t\000e\000p}{subsection.2.10.1}% 155
\BOOKMARK [3][-]{subsubsection*.113}{\376\377\000o\000f\000.\000t\000i\000m\000e\000s\000t\000e\000p}{subsection.2.10.1}% 156
\BOOKMARK [2][-]{subsection.2.10.2}{\376\377\000B\000l\000a\000s\000t}{section.2.10}% 157
\BOOKMARK [3][-]{subsubsection*.114}{\376\377\000o\000f\000.\000b\000l\000a\000s\000t\000.\000p\000o\000s\000i\000t\000i\000o\000n}{subsection.2.10.2}% 158
\BOOKMARK [4][-]{paragraph*.115}{\376\377\000E\000x\000a\000m\000p\000l\000e\000:}{subsubsection*.114}% 159
\BOOKMARK [2][-]{subsection.2.10.3}{\376\377\000B\000o\000u\000n\000d\000a\000r\000y}{section.2.10}% 160
\BOOKMARK [3][-]{subsubsection*.116}{\376\377\000o\000f\000.\000b\000o\000u\000n\000d\000a\000r\000y\000.\000n\000o\000d\000a\000l\000.\000f\000o\000r\000c\000e}{subsection.2.10.3}% 161
\BOOKMARK [4][-]{paragraph*.117}{\376\377\000E\000x\000a\000m\000p\000l\000e\000:}{subsubsection*.116}% 162
\BOOKMARK [3][-]{subsubsection*.118}{\376\377\000o\000f\000.\000b\000o\000u\000n\000d\000a\000r\000y\000.\000n\000o\000d\000a\000l\000.\000v\000e\000l\000o\000c\000i\000t\000y}{subsection.2.10.3}% 163
\BOOKMARK [4][-]{paragraph*.119}{\376\377\000E\000x\000a\000m\000p\000l\000e\000:}{subsubsection*.118}% 164
\BOOKMARK [3][-]{subsubsection*.120}{\376\377\000o\000f\000.\000b\000o\000u\000n\000d\000a\000r\000y\000.\000n\000o\000d\000a\000l\000.\000i\000n\000i\000v\000e\000l\000o\000c\000i\000t\000y}{subsection.2.10.3}% 165
\BOOKMARK [4][-]{paragraph*.121}{\376\377\000E\000x\000a\000m\000p\000l\000e\000:}{subsubsection*.120}% 166
\BOOKMARK [3][-]{subsubsection*.122}{\376\377\000o\000f\000.\000b\000o\000u\000n\000d\000a\000r\000y\000.\000n\000o\000d\000a\000l\000.\000a\000c\000c\000e\000l\000e\000r\000a\000t\000i\000o\000n}{subsection.2.10.3}% 167
\BOOKMARK [4][-]{paragraph*.123}{\376\377\000E\000x\000a\000m\000p\000l\000e\000:}{subsubsection*.122}% 168
\BOOKMARK [3][-]{subsubsection*.124}{\376\377\000o\000f\000.\000b\000o\000u\000n\000d\000a\000r\000y\000.\000n\000o\000d\000a\000l\000.\000c\000l\000e\000a\000r}{subsection.2.10.3}% 169
\BOOKMARK [4][-]{paragraph*.125}{\376\377\000E\000x\000a\000m\000p\000l\000e\000:}{subsubsection*.124}% 170
\BOOKMARK [3][-]{subsubsection*.126}{\376\377\000o\000f\000.\000b\000o\000u\000n\000d\000a\000r\000y\000.\000e\000d\000g\000e\000.\000f\000o\000r\000c\000e}{subsection.2.10.3}% 171
\BOOKMARK [4][-]{paragraph*.127}{\376\377\000E\000x\000a\000m\000p\000l\000e\000:}{subsubsection*.126}% 172
\BOOKMARK [3][-]{subsubsection*.128}{\376\377\000o\000f\000.\000b\000o\000u\000n\000d\000a\000r\000y\000.\000e\000d\000g\000e\000.\000v\000e\000l\000o\000c\000i\000t\000y}{subsection.2.10.3}% 173
\BOOKMARK [4][-]{paragraph*.129}{\376\377\000E\000x\000a\000m\000p\000l\000e\000:}{subsubsection*.128}% 174
\BOOKMARK [3][-]{subsubsection*.130}{\376\377\000o\000f\000.\000b\000o\000u\000n\000d\000a\000r\000y\000.\000e\000d\000g\000e\000.\000i\000n\000i\000v\000e\000l\000o\000c\000i\000t\000y}{subsection.2.10.3}% 175
\BOOKMARK [4][-]{paragraph*.131}{\376\377\000E\000x\000a\000m\000p\000l\000e\000:}{subsubsection*.130}% 176
\BOOKMARK [3][-]{subsubsection*.132}{\376\377\000o\000f\000.\000b\000o\000u\000n\000d\000a\000r\000y\000.\000e\000d\000g\000e\000.\000a\000c\000c\000e\000l\000e\000r\000a\000t\000i\000o\000n}{subsection.2.10.3}% 177
\BOOKMARK [4][-]{paragraph*.133}{\376\377\000E\000x\000a\000m\000p\000l\000e\000:}{subsubsection*.132}% 178
\BOOKMARK [3][-]{subsubsection*.134}{\376\377\000o\000f\000.\000b\000o\000u\000n\000d\000a\000r\000y\000.\000e\000d\000g\000e\000.\000c\000l\000e\000a\000r}{subsection.2.10.3}% 179
\BOOKMARK [4][-]{paragraph*.135}{\376\377\000E\000x\000a\000m\000p\000l\000e\000:}{subsubsection*.134}% 180
\BOOKMARK [3][-]{subsubsection*.136}{\376\377\000o\000f\000.\000b\000o\000u\000n\000d\000a\000r\000y\000.\000e\000l\000e\000m\000e\000n\000t\000.\000s\000t\000r\000e\000s\000s}{subsection.2.10.3}% 181
\BOOKMARK [4][-]{paragraph*.137}{\376\377\000E\000x\000a\000m\000p\000l\000e\000:}{subsubsection*.136}% 182
\BOOKMARK [3][-]{subsubsection*.138}{\376\377\000o\000f\000.\000b\000o\000u\000n\000d\000a\000r\000y\000.\000e\000l\000e\000m\000e\000n\000t\000.\000s\000t\000r\000e\000s\000s\000.\000x\000g\000r\000a\000d}{subsection.2.10.3}% 183
\BOOKMARK [4][-]{paragraph*.139}{\376\377\000E\000x\000a\000m\000p\000l\000e\000:}{subsubsection*.138}% 184
\BOOKMARK [3][-]{subsubsection*.140}{\376\377\000o\000f\000.\000b\000o\000u\000n\000d\000a\000r\000y\000.\000e\000l\000e\000m\000e\000n\000t\000.\000s\000t\000r\000e\000s\000s\000.\000y\000g\000r\000a\000d}{subsection.2.10.3}% 185
\BOOKMARK [4][-]{paragraph*.141}{\376\377\000E\000x\000a\000m\000p\000l\000e\000:}{subsubsection*.140}% 186
\BOOKMARK [3][-]{subsubsection*.142}{\376\377\000o\000f\000.\000b\000o\000u\000n\000d\000a\000r\000y\000.\000e\000l\000e\000m\000e\000n\000t\000.\000c\000l\000e\000a\000r}{subsection.2.10.3}% 187
\BOOKMARK [4][-]{paragraph*.143}{\376\377\000E\000x\000a\000m\000p\000l\000e\000:}{subsubsection*.142}% 188
\BOOKMARK [3][-]{subsubsection*.144}{\376\377\000o\000f\000.\000b\000o\000u\000n\000d\000a\000r\000y\000.\000b\000l\000a\000s\000t}{subsection.2.10.3}% 189
\BOOKMARK [4][-]{paragraph*.145}{\376\377\000E\000x\000a\000m\000p\000l\000e\000:}{subsubsection*.144}% 190
\BOOKMARK [2][-]{subsection.2.10.4}{\376\377\000D\000F\000N}{section.2.10}% 191
\BOOKMARK [3][-]{subsubsection*.146}{\376\377\000o\000f\000.\000D\000F\000N\000.\000c\000o\000n\000n\000e\000c\000t\000i\000v\000i\000t\000y}{subsection.2.10.4}% 192
\BOOKMARK [4][-]{paragraph*.147}{\376\377\000E\000x\000a\000m\000p\000l\000e\000:}{subsubsection*.146}% 193
\BOOKMARK [3][-]{subsubsection*.148}{\376\377\000o\000f\000.\000D\000F\000N\000.\000g\000r\000o\000u\000p}{subsection.2.10.4}% 194
\BOOKMARK [4][-]{paragraph*.149}{\376\377\000E\000x\000a\000m\000p\000l\000e\000:}{subsubsection*.148}% 195
\BOOKMARK [3][-]{subsubsection*.150}{\376\377\000o\000f\000.\000D\000F\000N\000.\000c\000o\000h\000e\000s\000i\000v\000e}{subsection.2.10.4}% 196
\BOOKMARK [4][-]{paragraph*.151}{\376\377\000E\000x\000a\000m\000p\000l\000e\000:}{subsubsection*.150}% 197
\BOOKMARK [3][-]{subsubsection*.152}{\376\377\000o\000f\000.\000D\000F\000N\000.\000b\000r\000o\000k\000e\000n}{subsection.2.10.4}% 198
\BOOKMARK [4][-]{paragraph*.153}{\376\377\000E\000x\000a\000m\000p\000l\000e\000:}{subsubsection*.152}% 199
\BOOKMARK [2][-]{subsection.2.10.5}{\376\377\000F\000E\000M}{section.2.10}% 200
\BOOKMARK [3][-]{subsubsection*.154}{\376\377\000o\000f\000.\000i\000m\000p\000o\000r\000t\000.\000F\000E\000M\000.\000n\000o\000d\000a\000l\000.\000c\000o\000o\000r\000d}{subsection.2.10.5}% 201
\BOOKMARK [4][-]{paragraph*.155}{\376\377\000E\000x\000a\000m\000p\000l\000e\000:}{subsubsection*.154}% 202
\BOOKMARK [3][-]{subsubsection*.156}{\376\377\000o\000f\000.\000i\000m\000p\000o\000r\000t\000.\000F\000E\000M\000.\000n\000o\000d\000a\000l\000.\000c\000o\000o\000r\000d\0000}{subsection.2.10.5}% 203
\BOOKMARK [4][-]{paragraph*.157}{\376\377\000E\000x\000a\000m\000p\000l\000e\000:}{subsubsection*.156}% 204
\BOOKMARK [3][-]{subsubsection*.158}{\376\377\000o\000f\000.\000i\000m\000p\000o\000r\000t\000.\000F\000E\000M\000.\000n\000o\000d\000a\000l\000.\000v\000e\000l\000o\000c\000i\000t\000y}{subsection.2.10.5}% 205
\BOOKMARK [4][-]{paragraph*.159}{\376\377\000E\000x\000a\000m\000p\000l\000e\000:}{subsubsection*.158}% 206
\BOOKMARK [3][-]{subsubsection*.160}{\376\377\000o\000f\000.\000i\000m\000p\000o\000r\000t\000.\000F\000E\000M\000.\000n\000o\000d\000a\000l\000.\000g\000r\000o\000u\000p\000s}{subsection.2.10.5}% 207
\BOOKMARK [4][-]{paragraph*.161}{\376\377\000E\000x\000a\000m\000p\000l\000e\000:}{subsubsection*.160}% 208
\BOOKMARK [3][-]{subsubsection*.162}{\376\377\000o\000f\000.\000i\000m\000p\000o\000r\000t\000.\000F\000E\000M\000.\000e\000d\000g\000e\000.\000g\000r\000o\000u\000p\000s}{subsection.2.10.5}% 209
\BOOKMARK [4][-]{paragraph*.163}{\376\377\000E\000x\000a\000m\000p\000l\000e\000:}{subsubsection*.162}% 210
\BOOKMARK [3][-]{subsubsection*.164}{\376\377\000o\000f\000.\000i\000m\000p\000o\000r\000t\000.\000F\000E\000M\000.\000e\000l\000e\000m\000e\000n\000t\000.\000g\000r\000o\000u\000p\000s}{subsection.2.10.5}% 211
\BOOKMARK [4][-]{paragraph*.165}{\376\377\000E\000x\000a\000m\000p\000l\000e\000:}{subsubsection*.164}% 212
\BOOKMARK [3][-]{subsubsection*.166}{\376\377\000o\000f\000.\000i\000m\000p\000o\000r\000t\000.\000F\000E\000M\000.\000e\000l\000e\000m\000e\000n\000t\000.\000c\000o\000n\000n\000e\000c\000t\000i\000v\000i\000t\000y}{subsection.2.10.5}% 213
\BOOKMARK [4][-]{paragraph*.167}{\376\377\000E\000x\000a\000m\000p\000l\000e\000:}{subsubsection*.166}% 214
\BOOKMARK [2][-]{subsection.2.10.6}{\376\377\000G\000e\000o\000m\000e\000t\000r\000y}{section.2.10}% 215
\BOOKMARK [3][-]{subsubsection*.168}{\376\377\000o\000f\000.\000g\000e\000o\000m\000e\000t\000r\000y\000.\000s\000q\000u\000a\000r\000e}{subsection.2.10.6}% 216
\BOOKMARK [4][-]{paragraph*.169}{\376\377\000E\000x\000a\000m\000p\000l\000e\000:}{subsubsection*.168}% 217
\BOOKMARK [3][-]{subsubsection*.170}{\376\377\000o\000f\000.\000g\000e\000o\000m\000e\000t\000r\000y\000.\000c\000u\000t\000.\000s\000q\000u\000a\000r\000e}{subsection.2.10.6}% 218
\BOOKMARK [4][-]{paragraph*.171}{\376\377\000E\000x\000a\000m\000p\000l\000e\000:}{subsubsection*.170}% 219
\BOOKMARK [3][-]{subsubsection*.172}{\376\377\000o\000f\000.\000g\000e\000o\000m\000e\000t\000r\000y\000.\000r\000e\000m\000o\000v\000e\000.\000s\000q\000u\000a\000r\000e}{subsection.2.10.6}% 220
\BOOKMARK [4][-]{paragraph*.173}{\376\377\000E\000x\000a\000m\000p\000l\000e\000:}{subsubsection*.172}% 221
\BOOKMARK [3][-]{subsubsection*.174}{\376\377\000o\000f\000.\000g\000e\000o\000m\000e\000t\000r\000y\000.\000c\000i\000r\000c\000l\000e}{subsection.2.10.6}% 222
\BOOKMARK [4][-]{paragraph*.175}{\376\377\000E\000x\000a\000m\000p\000l\000e\000:}{subsubsection*.174}% 223
\BOOKMARK [3][-]{subsubsection*.176}{\376\377\000o\000f\000.\000g\000e\000o\000m\000e\000t\000r\000y\000.\000c\000u\000t\000.\000c\000i\000r\000c\000l\000e}{subsection.2.10.6}% 224
\BOOKMARK [4][-]{paragraph*.177}{\376\377\000E\000x\000a\000m\000p\000l\000e\000:}{subsubsection*.176}% 225
\BOOKMARK [3][-]{subsubsection*.178}{\376\377\000o\000f\000.\000g\000e\000o\000m\000e\000t\000r\000y\000.\000r\000e\000m\000o\000v\000e\000.\000c\000i\000r\000c\000l\000e}{subsection.2.10.6}% 226
\BOOKMARK [4][-]{paragraph*.179}{\376\377\000E\000x\000a\000m\000p\000l\000e\000:}{subsubsection*.178}% 227
\BOOKMARK [3][-]{subsubsection*.180}{\376\377\000o\000f\000.\000g\000e\000o\000m\000e\000t\000r\000y\000.\000e\000l\000l\000i\000p\000s\000e}{subsection.2.10.6}% 228
\BOOKMARK [4][-]{paragraph*.181}{\376\377\000E\000x\000a\000m\000p\000l\000e\000:}{subsubsection*.180}% 229
\BOOKMARK [3][-]{subsubsection*.182}{\376\377\000o\000f\000.\000g\000e\000o\000m\000e\000t\000r\000y\000.\000c\000u\000t\000.\000e\000l\000l\000i\000p\000s\000e}{subsection.2.10.6}% 230
\BOOKMARK [4][-]{paragraph*.183}{\376\377\000E\000x\000a\000m\000p\000l\000e\000:}{subsubsection*.182}% 231
\BOOKMARK [3][-]{subsubsection*.184}{\376\377\000o\000f\000.\000g\000e\000o\000m\000e\000t\000r\000y\000.\000r\000e\000m\000o\000v\000e\000.\000e\000l\000l\000i\000p\000s\000e}{subsection.2.10.6}% 232
\BOOKMARK [4][-]{paragraph*.185}{\376\377\000E\000x\000a\000m\000p\000l\000e\000:}{subsubsection*.184}% 233
\BOOKMARK [3][-]{subsubsection*.186}{\376\377\000o\000f\000.\000g\000e\000o\000m\000e\000t\000r\000y\000.\000p\000o\000l\000y\000g\000o\000n}{subsection.2.10.6}% 234
\BOOKMARK [4][-]{paragraph*.187}{\376\377\000E\000x\000a\000m\000p\000l\000e\000:}{subsubsection*.186}% 235
\BOOKMARK [3][-]{subsubsection*.188}{\376\377\000o\000f\000.\000g\000e\000o\000m\000e\000t\000r\000y\000.\000c\000u\000t\000.\000p\000o\000l\000y\000g\000o\000n}{subsection.2.10.6}% 236
\BOOKMARK [4][-]{paragraph*.189}{\376\377\000E\000x\000a\000m\000p\000l\000e\000:}{subsubsection*.188}% 237
\BOOKMARK [3][-]{subsubsection*.190}{\376\377\000o\000f\000.\000g\000e\000o\000m\000e\000t\000r\000y\000.\000r\000e\000m\000o\000v\000e\000.\000p\000o\000l\000y\000g\000o\000n}{subsection.2.10.6}% 238
\BOOKMARK [4][-]{paragraph*.191}{\376\377\000E\000x\000a\000m\000p\000l\000e\000:}{subsubsection*.190}% 239
\BOOKMARK [3][-]{subsubsection*.192}{\376\377\000o\000f\000.\000g\000e\000o\000m\000e\000t\000r\000y\000.\000t\000a\000b\000l\000e}{subsection.2.10.6}% 240
\BOOKMARK [4][-]{paragraph*.193}{\376\377\000E\000x\000a\000m\000p\000l\000e\000:}{subsubsection*.192}% 241
\BOOKMARK [3][-]{subsubsection*.194}{\376\377\000o\000f\000.\000g\000e\000o\000m\000e\000t\000r\000y\000.\000c\000u\000t\000.\000t\000a\000b\000l\000e}{subsection.2.10.6}% 242
\BOOKMARK [4][-]{paragraph*.195}{\376\377\000E\000x\000a\000m\000p\000l\000e\000:}{subsubsection*.194}% 243
\BOOKMARK [3][-]{subsubsection*.196}{\376\377\000o\000f\000.\000g\000e\000o\000m\000e\000t\000r\000y\000.\000r\000e\000m\000o\000v\000e\000.\000t\000a\000b\000l\000e}{subsection.2.10.6}% 244
\BOOKMARK [4][-]{paragraph*.197}{\376\377\000E\000x\000a\000m\000p\000l\000e\000:}{subsubsection*.196}% 245
\BOOKMARK [3][-]{subsubsection*.198}{\376\377\000o\000f\000.\000g\000e\000o\000m\000e\000t\000r\000y\000.\000d\000o\000m\000a\000i\000n}{subsection.2.10.6}% 246
\BOOKMARK [4][-]{paragraph*.199}{\376\377\000E\000x\000a\000m\000p\000l\000e\000:}{subsubsection*.198}% 247
\BOOKMARK [3][-]{subsubsection*.200}{\376\377\000o\000f\000.\000g\000e\000o\000m\000e\000t\000r\000y\000.\000c\000u\000t\000.\000j\000o\000i\000n\000t}{subsection.2.10.6}% 248
\BOOKMARK [4][-]{paragraph*.201}{\376\377\000E\000x\000a\000m\000p\000l\000e\000:}{subsubsection*.200}% 249
\BOOKMARK [3][-]{subsubsection*.202}{\376\377\000o\000f\000.\000g\000e\000o\000m\000e\000t\000r\000y\000.\000c\000u\000t\000.\000j\000s\000e\000t}{subsection.2.10.6}% 250
\BOOKMARK [4][-]{paragraph*.203}{\376\377\000E\000x\000a\000m\000p\000l\000e\000:}{subsubsection*.202}% 251
\BOOKMARK [3][-]{subsubsection*.204}{\376\377\000o\000f\000.\000g\000e\000o\000m\000e\000t\000r\000y\000.\000c\000u\000t\000.\000D\000F\000N}{subsection.2.10.6}% 252
\BOOKMARK [4][-]{paragraph*.205}{\376\377\000E\000x\000a\000m\000p\000l\000e\000:}{subsubsection*.204}% 253
\BOOKMARK [3][-]{subsubsection*.206}{\376\377\000o\000f\000.\000g\000e\000o\000m\000e\000t\000r\000y\000.\000c\000u\000t\000.\000a\000r\000c}{subsection.2.10.6}% 254
\BOOKMARK [4][-]{paragraph*.207}{\376\377\000E\000x\000a\000m\000p\000l\000e\000:}{subsubsection*.206}% 255
\BOOKMARK [3][-]{subsubsection*.208}{\376\377\000o\000f\000.\000g\000e\000o\000m\000e\000t\000r\000y\000.\000m\000i\000n\000s\000i\000z\000e}{subsection.2.10.6}% 256
\BOOKMARK [4][-]{paragraph*.209}{\376\377\000E\000x\000a\000m\000p\000l\000e\000:}{subsubsection*.208}% 257
\BOOKMARK [3][-]{subsubsection*.210}{\376\377\000o\000f\000.\000g\000e\000o\000m\000e\000t\000r\000y\000.\000m\000i\000n\000a\000n\000g\000l\000e}{subsection.2.10.6}% 258
\BOOKMARK [4][-]{paragraph*.211}{\376\377\000E\000x\000a\000m\000p\000l\000e\000:}{subsubsection*.210}% 259
\BOOKMARK [3][-]{subsubsection*.212}{\376\377\000o\000f\000.\000g\000e\000o\000m\000e\000t\000r\000y\000.\000i\000t\000e\000r\000a\000t\000i\000o\000n}{subsection.2.10.6}% 260
\BOOKMARK [4][-]{paragraph*.213}{\376\377\000E\000x\000a\000m\000p\000l\000e\000:}{subsubsection*.212}% 261
\BOOKMARK [3][-]{subsubsection*.214}{\376\377\000o\000f\000.\000g\000e\000o\000m\000e\000t\000r\000y\000.\000g\000r\000o\000u\000p}{subsection.2.10.6}% 262
\BOOKMARK [4][-]{paragraph*.215}{\376\377\000E\000x\000a\000m\000p\000l\000e\000:}{subsubsection*.214}% 263
\BOOKMARK [3][-]{subsubsection*.216}{\376\377\000o\000f\000.\000g\000e\000o\000m\000e\000t\000r\000y\000.\000m\000e\000s\000h\000.\000s\000i\000z\000e}{subsection.2.10.6}% 264
\BOOKMARK [4][-]{paragraph*.217}{\376\377\000E\000x\000a\000m\000p\000l\000e\000:}{subsubsection*.216}% 265
\BOOKMARK [3][-]{subsubsection*.218}{\376\377\000o\000f\000.\000g\000e\000o\000m\000e\000t\000r\000y\000.\000r\000e\000c\000o\000m\000b\000i\000n\000e}{subsection.2.10.6}% 266
\BOOKMARK [4][-]{paragraph*.219}{\376\377\000E\000x\000a\000m\000p\000l\000e\000:}{subsubsection*.218}% 267
\BOOKMARK [3][-]{subsubsection*.220}{\376\377\000o\000f\000.\000g\000e\000o\000m\000e\000t\000r\000y\000.\000m\000e\000s\000h}{subsection.2.10.6}% 268
\BOOKMARK [4][-]{paragraph*.221}{\376\377\000E\000x\000a\000m\000p\000l\000e\000:}{subsubsection*.220}% 269
\BOOKMARK [3][-]{subsubsection*.222}{\376\377\000o\000f\000.\000g\000e\000o\000m\000e\000t\000r\000y\000.\000m\000e\000s\000h\000.\000w\000r\000i\000t\000e}{subsection.2.10.6}% 270
\BOOKMARK [4][-]{paragraph*.223}{\376\377\000E\000x\000a\000m\000p\000l\000e\000:}{subsubsection*.222}% 271
\BOOKMARK [2][-]{subsection.2.10.7}{\376\377\000G\000r\000o\000u\000p}{section.2.10}% 272
\BOOKMARK [3][-]{subsubsection*.224}{\376\377\000o\000f\000.\000g\000r\000o\000u\000p\000.\000n\000o\000d\000a\000l}{subsection.2.10.7}% 273
\BOOKMARK [4][-]{paragraph*.225}{\376\377\000E\000x\000a\000m\000p\000l\000e\000:}{subsubsection*.224}% 274
\BOOKMARK [3][-]{subsubsection*.226}{\376\377\000o\000f\000.\000g\000r\000o\000u\000p\000.\000e\000d\000g\000e}{subsection.2.10.7}% 275
\BOOKMARK [4][-]{paragraph*.227}{\376\377\000E\000x\000a\000m\000p\000l\000e\000:}{subsubsection*.226}% 276
\BOOKMARK [3][-]{subsubsection*.228}{\376\377\000o\000f\000.\000g\000r\000o\000u\000p\000.\000e\000l\000e\000m\000e\000n\000t}{subsection.2.10.7}% 277
\BOOKMARK [4][-]{paragraph*.229}{\376\377\000E\000x\000a\000m\000p\000l\000e\000:}{subsubsection*.228}% 278
\BOOKMARK [3][-]{subsubsection*.230}{\376\377\000o\000f\000.\000g\000r\000o\000u\000p\000.\000c\000o\000h\000e\000l\000e\000m\000e\000n\000t}{subsection.2.10.7}% 279
\BOOKMARK [4][-]{paragraph*.231}{\376\377\000E\000x\000a\000m\000p\000l\000e\000:}{subsubsection*.230}% 280
\BOOKMARK [3][-]{subsubsection*.232}{\376\377\000o\000f\000.\000g\000r\000o\000u\000p\000.\000n\000o\000d\000a\000l\000.\000f\000r\000o\000m\000.\000e\000l\000e\000m\000e\000n\000t}{subsection.2.10.7}% 281
\BOOKMARK [4][-]{paragraph*.233}{\376\377\000E\000x\000a\000m\000p\000l\000e\000:}{subsubsection*.232}% 282
\BOOKMARK [3][-]{subsubsection*.234}{\376\377\000o\000f\000.\000g\000r\000o\000u\000p\000.\000e\000d\000g\000e\000.\000f\000r\000o\000m\000.\000e\000l\000e\000m\000e\000n\000t}{subsection.2.10.7}% 283
\BOOKMARK [4][-]{paragraph*.235}{\376\377\000E\000x\000a\000m\000p\000l\000e\000:}{subsubsection*.234}% 284
\BOOKMARK [3][-]{subsubsection*.236}{\376\377\000o\000f\000.\000g\000r\000o\000u\000p\000.\000e\000d\000g\000e\000.\000f\000r\000o\000m\000.\000c\000o\000h\000c\000o\000h\000e\000l\000e\000m\000e\000n\000t}{subsection.2.10.7}% 285
\BOOKMARK [4][-]{paragraph*.237}{\376\377\000E\000x\000a\000m\000p\000l\000e\000:}{subsubsection*.236}% 286
\BOOKMARK [3][-]{subsubsection*.238}{\376\377\000o\000f\000.\000g\000r\000o\000u\000p\000.\000e\000d\000g\000e\000.\000f\000r\000o\000m\000.\000d\000f\000n}{subsection.2.10.7}% 287
\BOOKMARK [4][-]{paragraph*.239}{\376\377\000E\000x\000a\000m\000p\000l\000e\000:}{subsubsection*.238}% 288
\BOOKMARK [3][-]{subsubsection*.240}{\376\377\000o\000f\000.\000g\000r\000o\000u\000p\000.\000c\000o\000h\000e\000l\000e\000m\000e\000n\000t\000.\000f\000r\000o\000m\000.\000d\000f\000n}{subsection.2.10.7}% 289
\BOOKMARK [4][-]{paragraph*.241}{\376\377\000E\000x\000a\000m\000p\000l\000e\000:}{subsubsection*.240}% 290
\BOOKMARK [3][-]{subsubsection*.242}{\376\377\000o\000f\000.\000g\000r\000o\000u\000p\000.\000c\000o\000h\000e\000l\000e\000m\000e\000n\000t\000.\000f\000r\000o\000m\000.\000g\000b\000m}{subsection.2.10.7}% 291
\BOOKMARK [4][-]{paragraph*.243}{\376\377\000E\000x\000a\000m\000p\000l\000e\000:}{subsubsection*.242}% 292
\BOOKMARK [3][-]{subsubsection*.244}{\376\377\000o\000f\000.\000g\000r\000o\000u\000p\000.\000n\000o\000d\000a\000l\000.\000b\000o\000o\000l\000.\000u\000n\000i\000o\000n}{subsection.2.10.7}% 293
\BOOKMARK [4][-]{paragraph*.245}{\376\377\000E\000x\000a\000m\000p\000l\000e\000:}{subsubsection*.244}% 294
\BOOKMARK [3][-]{subsubsection*.246}{\376\377\000o\000f\000.\000g\000r\000o\000u\000p\000.\000n\000o\000d\000a\000l\000.\000b\000o\000o\000l\000.\000i\000n\000t\000e\000r\000s\000e\000c\000t}{subsection.2.10.7}% 295
\BOOKMARK [4][-]{paragraph*.247}{\376\377\000E\000x\000a\000m\000p\000l\000e\000:}{subsubsection*.246}% 296
\BOOKMARK [3][-]{subsubsection*.248}{\376\377\000o\000f\000.\000g\000r\000o\000u\000p\000.\000n\000o\000d\000a\000l\000.\000b\000o\000o\000l\000.\000s\000u\000b\000t\000r\000a\000c\000t}{subsection.2.10.7}% 297
\BOOKMARK [4][-]{paragraph*.249}{\376\377\000E\000x\000a\000m\000p\000l\000e\000:}{subsubsection*.248}% 298
\BOOKMARK [3][-]{subsubsection*.250}{\376\377\000o\000f\000.\000g\000r\000o\000u\000p\000.\000e\000d\000g\000e\000.\000b\000o\000o\000l\000.\000u\000n\000i\000o\000n}{subsection.2.10.7}% 299
\BOOKMARK [4][-]{paragraph*.251}{\376\377\000E\000x\000a\000m\000p\000l\000e\000:}{subsubsection*.250}% 300
\BOOKMARK [3][-]{subsubsection*.252}{\376\377\000o\000f\000.\000g\000r\000o\000u\000p\000.\000e\000d\000g\000e\000.\000b\000o\000o\000l\000.\000i\000n\000t\000e\000r\000s\000e\000c\000t}{subsection.2.10.7}% 301
\BOOKMARK [4][-]{paragraph*.253}{\376\377\000E\000x\000a\000m\000p\000l\000e\000:}{subsubsection*.252}% 302
\BOOKMARK [3][-]{subsubsection*.254}{\376\377\000o\000f\000.\000g\000r\000o\000u\000p\000.\000e\000d\000g\000e\000.\000b\000o\000o\000l\000.\000s\000u\000b\000t\000r\000a\000c\000t}{subsection.2.10.7}% 303
\BOOKMARK [4][-]{paragraph*.255}{\376\377\000E\000x\000a\000m\000p\000l\000e\000:}{subsubsection*.254}% 304
\BOOKMARK [3][-]{subsubsection*.256}{\376\377\000o\000f\000.\000g\000r\000o\000u\000p\000.\000e\000l\000e\000m\000e\000n\000t\000.\000b\000o\000o\000l\000.\000u\000n\000i\000o\000n}{subsection.2.10.7}% 305
\BOOKMARK [4][-]{paragraph*.257}{\376\377\000E\000x\000a\000m\000p\000l\000e\000:}{subsubsection*.256}% 306
\BOOKMARK [3][-]{subsubsection*.258}{\376\377\000o\000f\000.\000g\000r\000o\000u\000p\000.\000e\000l\000e\000m\000e\000n\000t\000.\000b\000o\000o\000l\000.\000i\000n\000t\000e\000r\000s\000e\000c\000t}{subsection.2.10.7}% 307
\BOOKMARK [4][-]{paragraph*.259}{\376\377\000E\000x\000a\000m\000p\000l\000e\000:}{subsubsection*.258}% 308
\BOOKMARK [3][-]{subsubsection*.260}{\376\377\000o\000f\000.\000g\000r\000o\000u\000p\000.\000e\000l\000e\000m\000e\000n\000t\000.\000b\000o\000o\000l\000.\000s\000u\000b\000t\000r\000a\000c\000t}{subsection.2.10.7}% 309
\BOOKMARK [4][-]{paragraph*.261}{\376\377\000E\000x\000a\000m\000p\000l\000e\000:}{subsubsection*.260}% 310
\BOOKMARK [3][-]{subsubsection*.262}{\376\377\000o\000f\000.\000g\000r\000o\000u\000p\000.\000c\000o\000h\000e\000l\000e\000m\000e\000n\000t\000.\000b\000o\000o\000l\000.\000u\000n\000i\000o\000n}{subsection.2.10.7}% 311
\BOOKMARK [4][-]{paragraph*.263}{\376\377\000E\000x\000a\000m\000p\000l\000e\000:}{subsubsection*.262}% 312
\BOOKMARK [3][-]{subsubsection*.264}{\376\377\000o\000f\000.\000g\000r\000o\000u\000p\000.\000c\000o\000h\000e\000l\000e\000m\000e\000n\000t\000.\000b\000o\000o\000l\000.\000i\000n\000t\000e\000r\000s\000e\000c\000t}{subsection.2.10.7}% 313
\BOOKMARK [4][-]{paragraph*.265}{\376\377\000E\000x\000a\000m\000p\000l\000e\000:}{subsubsection*.264}% 314
\BOOKMARK [3][-]{subsubsection*.266}{\376\377\000o\000f\000.\000g\000r\000o\000u\000p\000.\000c\000o\000h\000e\000l\000e\000m\000e\000n\000t\000.\000b\000o\000o\000l\000.\000s\000u\000b\000t\000r\000a\000c\000t}{subsection.2.10.7}% 315
\BOOKMARK [4][-]{paragraph*.267}{\376\377\000E\000x\000a\000m\000p\000l\000e\000:}{subsubsection*.266}% 316
\BOOKMARK [2][-]{subsection.2.10.8}{\376\377\000M\000e\000s\000h}{section.2.10}% 317
\BOOKMARK [3][-]{subsubsection*.268}{\376\377\000o\000f\000.\000m\000e\000s\000h\000.\000i\000n\000s\000e\000r\000t}{subsection.2.10.8}% 318
\BOOKMARK [4][-]{paragraph*.269}{\376\377\000E\000x\000a\000m\000p\000l\000e\000:}{subsubsection*.268}% 319
\BOOKMARK [3][-]{subsubsection*.270}{\376\377\000o\000f\000.\000m\000e\000s\000h\000.\000i\000n\000s\000e\000r\000t\000.\000d\000f\000n}{subsection.2.10.8}% 320
\BOOKMARK [4][-]{paragraph*.271}{\376\377\000E\000x\000a\000m\000p\000l\000e\000:}{subsubsection*.270}% 321
\BOOKMARK [3][-]{subsubsection*.272}{\376\377\000o\000f\000.\000m\000e\000s\000h\000.\000v\000o\000r\000o\000n\000o\000i}{subsection.2.10.8}% 322
\BOOKMARK [4][-]{paragraph*.273}{\376\377\000E\000x\000a\000m\000p\000l\000e\000:}{subsubsection*.272}% 323
\BOOKMARK [3][-]{subsubsection*.274}{\376\377\000o\000f\000.\000m\000e\000s\000h\000.\000s\000p\000l\000i\000t}{subsection.2.10.8}% 324
\BOOKMARK [4][-]{paragraph*.275}{\376\377\000E\000x\000a\000m\000p\000l\000e\000:}{subsubsection*.274}% 325
\BOOKMARK [3][-]{subsubsection*.276}{\376\377\000o\000f\000.\000m\000e\000s\000h\000.\000b\000a\000r\000y}{subsection.2.10.8}% 326
\BOOKMARK [4][-]{paragraph*.277}{\376\377\000E\000x\000a\000m\000p\000l\000e\000:}{subsubsection*.276}% 327
\BOOKMARK [3][-]{subsubsection*.278}{\376\377\000o\000f\000.\000m\000e\000s\000h\000.\000R\000G}{subsection.2.10.8}% 328
\BOOKMARK [4][-]{paragraph*.279}{\376\377\000E\000x\000a\000m\000p\000l\000e\000:}{subsubsection*.278}% 329
\BOOKMARK [3][-]{subsubsection*.280}{\376\377\000o\000f\000.\000m\000e\000s\000h\000.\000R\000G\000B}{subsection.2.10.8}% 330
\BOOKMARK [4][-]{paragraph*.281}{\376\377\000E\000x\000a\000m\000p\000l\000e\000:}{subsubsection*.280}% 331
\BOOKMARK [3][-]{subsubsection*.282}{\376\377\000o\000f\000.\000m\000e\000s\000h\000.\000N\000V\000B}{subsection.2.10.8}% 332
\BOOKMARK [4][-]{paragraph*.283}{\376\377\000E\000x\000a\000m\000p\000l\000e\000:}{subsubsection*.282}% 333
\BOOKMARK [3][-]{subsubsection*.284}{\376\377\000o\000f\000.\000m\000e\000s\000h\000.\000b\000a\000r\000y\000G\000B}{subsection.2.10.8}% 334
\BOOKMARK [4][-]{paragraph*.285}{\376\377\000E\000x\000a\000m\000p\000l\000e\000:}{subsubsection*.284}% 335
\BOOKMARK [2][-]{subsection.2.10.9}{\376\377\000M\000a\000t\000e\000r\000i\000a\000l}{section.2.10}% 336
\BOOKMARK [3][-]{subsubsection*.286}{\376\377\000o\000f\000.\000m\000a\000t\000.\000e\000l\000e\000m\000e\000n\000t}{subsection.2.10.9}% 337
\BOOKMARK [4][-]{paragraph*.287}{\376\377\000E\000x\000a\000m\000p\000l\000e\000:}{subsubsection*.286}% 338
\BOOKMARK [3][-]{subsubsection*.288}{\376\377\000o\000f\000.\000m\000a\000t\000.\000c\000o\000h\000e\000s\000i\000v\000e}{subsection.2.10.9}% 339
\BOOKMARK [4][-]{paragraph*.289}{\376\377\000E\000x\000a\000m\000p\000l\000e\000:}{subsubsection*.288}% 340
\BOOKMARK [3][-]{subsubsection*.290}{\376\377\000o\000f\000.\000m\000a\000t\000.\000c\000o\000n\000t\000a\000c\000t}{subsection.2.10.9}% 341
\BOOKMARK [4][-]{paragraph*.291}{\376\377\000E\000x\000a\000m\000p\000l\000e\000:}{subsubsection*.290}% 342
\BOOKMARK [3][-]{subsubsection*.292}{\376\377\000o\000f\000.\000m\000a\000t\000.\000h\000y\000d\000r\000o\000.\000m\000a\000t\000r\000i\000x}{subsection.2.10.9}% 343
\BOOKMARK [3][-]{subsubsection*.293}{\376\377\000o\000f\000.\000m\000a\000t\000.\000h\000y\000d\000r\000o\000.\000f\000r\000a\000c\000t\000u\000r\000e}{subsection.2.10.9}% 344
\BOOKMARK [3][-]{subsubsection*.294}{\376\377\000o\000f\000.\000m\000a\000t\000.\000m\000p\000m\000.\000f\000l\000u\000i\000d}{subsection.2.10.9}% 345
\BOOKMARK [3][-]{subsubsection*.295}{\376\377\000o\000f\000.\000m\000a\000t\000.\000m\000p\000m\000.\000s\000o\000l\000i\000d}{subsection.2.10.9}% 346
\BOOKMARK [3][-]{subsubsection*.296}{\376\377\000o\000f\000.\000m\000a\000t\000.\000h\000y\000d\000r\000o\000.\000f\000l\000u\000i\000d}{subsection.2.10.9}% 347
\BOOKMARK [3][-]{subsubsection*.297}{\376\377\000o\000f\000.\000m\000a\000t\000.\000h\000y\000d\000r\000o\000.\000g\000a\000s}{subsection.2.10.9}% 348
\BOOKMARK [3][-]{subsubsection*.298}{\376\377\000o\000f\000.\000m\000a\000t\000.\000n\000o\000n\000l\000o\000c\000a\000l}{subsection.2.10.9}% 349
\BOOKMARK [3][-]{subsubsection*.299}{\376\377\000o\000f\000.\000m\000a\000t\000.\000t\000h\000e\000r\000m\000a\000l}{subsection.2.10.9}% 350
\BOOKMARK [2][-]{subsection.2.10.10}{\376\377\000H\000i\000s\000t\000o\000r\000y}{section.2.10}% 351
\BOOKMARK [3][-]{subsubsection*.300}{\376\377\000o\000f\000.\000h\000i\000s\000t\000o\000r\000y\000.\000p\000v\000.\000i\000n\000t\000e\000r\000v\000a\000l}{subsection.2.10.10}% 352
\BOOKMARK [4][-]{paragraph*.301}{\376\377\000E\000x\000a\000m\000p\000l\000e\000:}{subsubsection*.300}% 353
\BOOKMARK [3][-]{subsubsection*.302}{\376\377\000o\000f\000.\000h\000i\000s\000t\000o\000r\000y\000.\000p\000v\000.\000d\000y\000n\000a\000m\000i\000c\000.\000i\000n\000t\000e\000r\000v\000a\000l}{subsection.2.10.10}% 354
\BOOKMARK [4][-]{paragraph*.303}{\376\377\000E\000x\000a\000m\000p\000l\000e\000:}{subsubsection*.302}% 355
\BOOKMARK [3][-]{subsubsection*.304}{\376\377\000o\000f\000.\000h\000i\000s\000t\000o\000r\000y\000.\000p\000v\000.\000f\000i\000e\000l\000d}{subsection.2.10.10}% 356
\BOOKMARK [4][-]{paragraph*.305}{\376\377\000E\000x\000a\000m\000p\000l\000e\000:}{subsubsection*.304}% 357
\BOOKMARK [3][-]{subsubsection*.306}{\376\377\000o\000f\000.\000h\000i\000s\000t\000o\000r\000y\000.\000p\000v\000.\000f\000r\000a\000c\000t\000u\000r\000e}{subsection.2.10.10}% 358
\BOOKMARK [4][-]{paragraph*.307}{\376\377\000E\000x\000a\000m\000p\000l\000e\000:}{subsubsection*.306}% 359
\BOOKMARK [3][-]{subsubsection*.308}{\376\377\000o\000f\000.\000h\000i\000s\000t\000o\000r\000y\000.\000p\000v\000.\000c\000o\000h\000e\000s\000i\000v\000e}{subsection.2.10.10}% 360
\BOOKMARK [4][-]{paragraph*.309}{\376\377\000E\000x\000a\000m\000p\000l\000e\000:}{subsubsection*.308}% 361
\BOOKMARK [3][-]{subsubsection*.310}{\376\377\000o\000f\000.\000h\000i\000s\000t\000o\000r\000y\000.\000p\000v\000.\000d\000a\000m\000a\000g\000e}{subsection.2.10.10}% 362
\BOOKMARK [4][-]{paragraph*.311}{\376\377\000E\000x\000a\000m\000p\000l\000e\000:}{subsubsection*.310}% 363
\BOOKMARK [3][-]{subsubsection*.312}{\376\377\000o\000f\000.\000h\000i\000s\000t\000o\000r\000y\000.\000p\000v\000.\000a\000e}{subsection.2.10.10}% 364
\BOOKMARK [4][-]{paragraph*.313}{\376\377\000E\000x\000a\000m\000p\000l\000e\000:}{subsubsection*.312}% 365
\BOOKMARK [2][-]{subsection.2.10.11}{\376\377\000G\000e\000n\000e\000r\000a\000l}{section.2.10}% 366
\BOOKMARK [2][-]{subsection.2.10.12}{\376\377\000B\000l\000a\000s\000t}{section.2.10}% 367
\BOOKMARK [2][-]{subsection.2.10.13}{\376\377\000B\000o\000u\000n\000d\000a\000r\000y\000\040\000C\000o\000n\000d\000i\000t\000i\000o\000n\000s}{section.2.10}% 368
\BOOKMARK [2][-]{subsection.2.10.14}{\376\377\000D\000F\000N}{section.2.10}% 369
\BOOKMARK [2][-]{subsection.2.10.15}{\376\377\000F\000E\000M}{section.2.10}% 370
\BOOKMARK [2][-]{subsection.2.10.16}{\376\377\000G\000e\000o\000m\000e\000t\000r\000y}{section.2.10}% 371
\BOOKMARK [2][-]{subsection.2.10.17}{\376\377\000G\000r\000o\000u\000p}{section.2.10}% 372
\BOOKMARK [2][-]{subsection.2.10.18}{\376\377\000M\000e\000s\000h}{section.2.10}% 373
\BOOKMARK [2][-]{subsection.2.10.19}{\376\377\000M\000a\000t\000e\000r\000i\000a\000l}{section.2.10}% 374
\BOOKMARK [2][-]{subsection.2.10.20}{\376\377\000H\000i\000s\000t\000o\000r\000y}{section.2.10}% 375
\BOOKMARK [1][-]{section.2.11}{\376\377\000C\000o\000m\000m\000o\000n\000\040\000c\000l\000a\000s\000s}{chapter.2}% 376
\BOOKMARK [1][-]{section.2.12}{\376\377\000G\000e\000o\000m\000e\000t\000r\000y\000\040\000c\000l\000a\000s\000s}{chapter.2}% 377
\BOOKMARK [2][-]{subsection.2.12.1}{\376\377\000L\000I\000C\000E\000N\000S\000E}{section.2.12}% 378
\BOOKMARK [2][-]{subsection.2.12.2}{\376\377\000L\000I\000C\000E\000N\000S\000E}{section.2.12}% 379
\BOOKMARK [2][-]{subsection.2.12.3}{\376\377\000L\000I\000C\000E\000N\000S\000E}{section.2.12}% 380
\BOOKMARK [2][-]{subsection.2.12.4}{\376\377\000L\000I\000C\000E\000N\000S\000E}{section.2.12}% 381
\BOOKMARK [1][-]{section.2.13}{\376\377\000S\000o\000l\000i\000d\000\040\000c\000l\000a\000s\000s}{chapter.2}% 382
\BOOKMARK [1][-]{section.2.14}{\376\377\000I\000n\000d\000e\000x}{chapter.2}% 383
